Namespace(action_scale=1.0, add_rate_max=0.05, add_rate_min=0.02, advantages_per_action=False, batch_size=500, comm_action_one=True, comm_init='uniform', comm_mask_zero=False, comm_mode='avg', comm_passes=1, commnet=1, continuous=False, curr_end=1250.0, curr_start=250.0, detach_gap=10, difficulty='hard', dim=18, dim_actions=2, display=False, entr=0, env_name='traffic_junction', epoch_size=10, gamma=1.0, hard_attn=1, hid_size=128, ic3net=True, load='', lrate=0.001, max_steps=80, mean_ratio=0, naction_heads=[2, 2], nactions='1', nagents=20, nfriendly=20, normalize_rewards=False, nprocesses=16, num_actions=[2, 2], num_epochs=2000, num_inputs=149, plot=True, plot_env='plot/traffic_junction/hard/plot', random=False, recurrent=True, rnn_type='LSTM', save='logs/traffic_junction/hard/model', save_every=0, seed=2731, share_weights=False, tau=1.0, value_coeff=0.01, vision=0, vocab_type='bool')
====================================================================================================
Model log:

CommNetMLP(
  (heads): ModuleList(
    (0): Linear(in_features=128, out_features=2, bias=True)
    (1): Linear(in_features=128, out_features=2, bias=True)
  )
  (encoder): Linear(in_features=149, out_features=128, bias=True)
  (hidd_encoder): Linear(in_features=128, out_features=128, bias=True)
  (f_module): LSTMCell(128, 128)
  (C_modules): ModuleList(
    (0): Linear(in_features=128, out_features=128, bias=True)
  )
  (tanh): Tanh()
  (value_head): Linear(in_features=128, out_features=1, bias=True)
)
====================================================================================================

/home/byungkunlee/anaconda3/envs/ic3/lib/python3.6/site-packages/gym/envs/registration.py:14: PkgResourcesDeprecationWarning: Parameters to load are deprecated.  Call .resolve and .require separately.
  result = entry_point.load(False)
Epoch 1	Reward [-3.46 -3.8  -3.3  -3.45 -3.97 -3.58 -3.94 -4.1  -4.33 -4.32 -3.88 -4.02
 -4.14 -3.21 -4.15 -4.01 -4.24 -4.23 -3.58 -3.25]	Time 76.52s
Add-Rate: 0.02
Success: 0.52
Steps-taken: 80.00
Comm-Action: [ 1.  1.  1.  1.  1.  1.  1.  1.  1.  1.  1.  1.  1.  1.  1.  1.  1.  1.
  1.  1.]
Epoch 2	Reward [-2.6  -3.14 -3.05 -2.9  -2.43 -2.64 -2.56 -3.47 -2.85 -2.87 -2.68 -2.47
 -2.64 -3.09 -2.54 -2.37 -2.46 -3.21 -2.97 -2.52]	Time 76.83s
Add-Rate: 0.02
Success: 0.63
Steps-taken: 80.00
Comm-Action: [ 1.  1.  1.  1.  1.  1.  1.  1.  1.  1.  1.  1.  1.  1.  1.  1.  1.  1.
  1.  1.]
Epoch 3	Reward [-2.45 -3.11 -3.41 -2.55 -2.31 -2.49 -2.47 -3.03 -3.31 -2.21 -2.71 -2.72
 -2.96 -2.54 -2.5  -3.17 -2.2  -3.34 -2.39 -2.56]	Time 75.61s
Add-Rate: 0.02
Success: 0.62
Steps-taken: 80.00
Comm-Action: [ 1.  1.  1.  1.  1.  1.  1.  1.  1.  1.  1.  1.  1.  1.  1.  1.  1.  1.
  1.  1.]
Epoch 4	Reward [-2.99 -2.77 -2.37 -3.   -2.98 -2.63 -2.42 -2.52 -2.56 -2.65 -2.7  -2.63
 -3.04 -2.19 -1.99 -2.6  -2.56 -2.89 -2.84 -2.94]	Time 75.49s
Add-Rate: 0.02
Success: 0.62
Steps-taken: 80.00
Comm-Action: [ 1.  1.  1.  1.  1.  1.  1.  1.  1.  1.  1.  1.  1.  1.  1.  1.  1.  1.
  1.  1.]
Epoch 5	Reward [-2.86 -2.9  -2.36 -2.69 -2.71 -2.29 -2.27 -2.15 -2.7  -2.26 -2.16 -2.29
 -2.91 -2.4  -2.45 -2.32 -2.42 -2.69 -1.62 -2.22]	Time 74.35s
Add-Rate: 0.02
Success: 0.63
Steps-taken: 80.00
Comm-Action: [ 1.  1.  1.  1.  1.  1.  1.  1.  1.  1.  1.  1.  1.  1.  1.  1.  1.  1.
  1.  1.]
Epoch 6	Reward [-3.03 -2.69 -2.5  -2.84 -2.46 -2.64 -2.8  -2.27 -3.17 -2.52 -3.3  -2.67
 -2.21 -2.36 -2.69 -3.49 -2.47 -2.43 -2.43 -2.76]	Time 74.34s
Add-Rate: 0.02
Success: 0.62
Steps-taken: 80.00
Comm-Action: [ 1.  1.  1.  1.  1.  1.  1.  1.  1.  1.  1.  1.  1.  1.  1.  1.  1.  1.
  1.  1.]
Epoch 7	Reward [-2.71 -2.58 -2.11 -2.14 -2.86 -2.16 -2.66 -3.33 -1.89 -2.62 -2.32 -2.64
 -2.89 -2.39 -2.31 -2.64 -2.67 -2.44 -1.82 -2.29]	Time 73.64s
Add-Rate: 0.02
Success: 0.66
Steps-taken: 80.00
Comm-Action: [ 1.  1.  1.  1.  1.  1.  1.  1.  1.  1.  1.  1.  1.  1.  1.  1.  1.  1.
  1.  1.]
Epoch 8	Reward [-2.63 -3.18 -2.63 -2.53 -3.37 -2.5  -3.24 -2.7  -2.22 -1.96 -2.82 -2.6
 -2.43 -2.5  -2.48 -2.28 -2.75 -2.57 -2.47 -3.03]	Time 74.79s
Add-Rate: 0.02
Success: 0.62
Steps-taken: 80.00
Comm-Action: [ 1.  1.  1.  1.  1.  1.  1.  1.  1.  1.  1.  1.  1.  1.  1.  1.  1.  1.
  1.  1.]
Epoch 9	Reward [-2.84 -3.4  -3.69 -2.69 -2.56 -2.58 -2.57 -2.72 -2.18 -3.06 -2.65 -2.42
 -2.66 -2.58 -2.57 -2.98 -2.68 -2.82 -2.4  -2.24]	Time 73.60s
Add-Rate: 0.02
Success: 0.64
Steps-taken: 80.00
Comm-Action: [ 1.  1.  1.  1.  1.  1.  1.  1.  1.  1.  1.  1.  1.  1.  1.  1.  1.  1.
  1.  1.]
Epoch 10	Reward [-2.76 -2.88 -2.13 -3.45 -2.87 -2.84 -2.21 -3.08 -3.46 -2.12 -3.02 -3.33
 -3.23 -2.51 -3.14 -2.14 -2.68 -2.21 -2.7  -2.82]	Time 73.60s
Add-Rate: 0.02
Success: 0.63
Steps-taken: 80.00
Comm-Action: [ 1.  1.  1.  1.  1.  1.  1.  1.  1.  1.  1.  1.  1.  1.  1.  1.  1.  1.
  1.  1.]
Epoch 11	Reward [-2.06 -2.38 -2.66 -2.88 -2.66 -2.6  -2.41 -2.57 -2.81 -2.02 -2.57 -2.16
 -2.5  -2.43 -2.84 -2.37 -2.3  -2.95 -2.66 -2.45]	Time 73.97s
Add-Rate: 0.02
Success: 0.64
Steps-taken: 80.00
Comm-Action: [ 1.  1.  1.  1.  1.  1.  1.  1.  1.  1.  1.  1.  1.  1.  1.  1.  1.  1.
  1.  1.]
Epoch 12	Reward [-2.76 -2.85 -2.89 -3.01 -2.48 -2.97 -2.71 -2.22 -2.59 -3.1  -2.32 -2.4
 -2.23 -2.5  -2.62 -2.54 -3.16 -2.89 -2.27 -2.71]	Time 73.36s
Add-Rate: 0.02
Success: 0.62
Steps-taken: 80.00
Comm-Action: [ 1.  1.  1.  1.  1.  1.  1.  1.  1.  1.  1.  1.  1.  1.  1.  1.  1.  1.
  1.  1.]
Epoch 13	Reward [-2.39 -2.39 -2.52 -2.67 -2.4  -2.88 -2.46 -2.59 -2.59 -1.97 -1.78 -2.83
 -2.64 -2.73 -2.16 -2.63 -2.19 -2.85 -3.12 -2.79]	Time 74.26s
Add-Rate: 0.02
Success: 0.65
Steps-taken: 80.00
Comm-Action: [ 1.  1.  1.  1.  1.  1.  1.  1.  1.  1.  1.  1.  1.  1.  1.  1.  1.  1.
  1.  1.]
Epoch 14	Reward [-3.12 -1.92 -2.75 -2.78 -2.65 -2.86 -1.9  -2.54 -2.3  -2.46 -3.1  -2.6
 -2.88 -2.64 -2.55 -2.57 -2.89 -2.87 -2.42 -2.89]	Time 73.38s
Add-Rate: 0.02
Success: 0.63
Steps-taken: 80.00
Comm-Action: [ 1.  1.  1.  1.  1.  1.  1.  1.  1.  1.  1.  1.  1.  1.  1.  1.  1.  1.
  1.  1.]
Epoch 15	Reward [-2.57 -2.01 -2.7  -2.78 -2.34 -3.15 -2.72 -2.23 -2.82 -2.37 -2.47 -2.78
 -2.41 -2.84 -2.91 -2.68 -2.39 -2.48 -3.13 -2.68]	Time 73.00s
Add-Rate: 0.02
Success: 0.62
Steps-taken: 80.00
Comm-Action: [ 1.  1.  1.  1.  1.  1.  1.  1.  1.  1.  1.  1.  1.  1.  1.  1.  1.  1.
  1.  1.]
Epoch 16	Reward [-2.87 -2.18 -2.09 -2.52 -2.27 -2.94 -2.8  -2.48 -2.91 -2.45 -2.47 -3.24
 -2.91 -2.26 -2.97 -2.15 -2.82 -2.89 -2.34 -1.99]	Time 73.70s
Add-Rate: 0.02
Success: 0.65
Steps-taken: 80.00
Comm-Action: [ 1.  1.  1.  1.  1.  1.  1.  1.  1.  1.  1.  1.  1.  1.  1.  1.  1.  1.
  1.  1.]
Epoch 17	Reward [-2.21 -2.66 -2.44 -3.41 -2.31 -2.87 -2.51 -2.41 -2.79 -3.14 -2.36 -3.48
 -2.28 -2.5  -2.71 -2.59 -2.21 -3.06 -2.25 -2.61]	Time 74.19s
Add-Rate: 0.02
Success: 0.63
Steps-taken: 80.00
Comm-Action: [ 1.  1.  1.  1.  1.  1.  1.  1.  1.  1.  1.  1.  1.  1.  1.  1.  1.  1.
  1.  1.]
Epoch 18	Reward [-2.51 -1.83 -2.81 -2.45 -2.96 -3.06 -2.63 -2.32 -3.09 -2.99 -2.78 -2.77
 -2.88 -2.29 -3.07 -2.45 -2.2  -2.55 -2.83 -3.11]	Time 74.35s
Add-Rate: 0.02
Success: 0.63
Steps-taken: 80.00
Comm-Action: [ 1.  1.  1.  1.  1.  1.  1.  1.  1.  1.  1.  1.  1.  1.  1.  1.  1.  1.
  1.  1.]
Epoch 19	Reward [-2.5  -3.48 -2.57 -2.55 -2.69 -2.22 -2.01 -2.77 -2.99 -2.14 -2.34 -2.31
 -2.8  -2.38 -2.74 -2.34 -2.33 -2.48 -3.61 -3.23]	Time 73.27s
Add-Rate: 0.02
Success: 0.64
Steps-taken: 80.00
Comm-Action: [ 1.  1.  1.  1.  1.  1.  1.  1.  1.  1.  1.  1.  1.  1.  1.  1.  1.  1.
  1.  1.]
Epoch 20	Reward [-2.49 -2.59 -2.39 -3.05 -2.06 -2.77 -2.64 -2.11 -2.88 -2.55 -2.34 -2.36
 -2.51 -2.86 -2.64 -2.14 -2.84 -2.45 -2.34 -2.28]	Time 72.92s
Add-Rate: 0.02
Success: 0.65
Steps-taken: 80.00
Comm-Action: [ 1.  1.  1.  1.  1.  1.  1.  1.  1.  1.  1.  1.  1.  1.  1.  1.  1.  1.
  1.  1.]
Epoch 21	Reward [-2.63 -3.07 -2.75 -2.28 -2.79 -2.76 -2.23 -3.09 -2.26 -3.11 -2.19 -2.41
 -2.41 -2.65 -2.62 -3.01 -2.54 -2.68 -2.84 -2.21]	Time 73.63s
Add-Rate: 0.02
Success: 0.66
Steps-taken: 80.00
Comm-Action: [ 1.  1.  1.  1.  1.  1.  1.  1.  1.  1.  1.  1.  1.  1.  1.  1.  1.  1.
  1.  1.]
Epoch 22	Reward [-2.86 -2.94 -2.16 -2.14 -2.21 -2.49 -2.71 -2.92 -2.87 -2.56 -2.72 -2.39
 -2.2  -2.47 -2.38 -2.18 -3.16 -2.46 -2.43 -2.54]	Time 73.59s
Add-Rate: 0.02
Success: 0.60
Steps-taken: 80.00
Comm-Action: [ 1.  1.  1.  1.  1.  1.  1.  1.  1.  1.  1.  1.  1.  1.  1.  1.  1.  1.
  1.  1.]
Epoch 23	Reward [-2.43 -2.51 -2.24 -2.39 -2.47 -2.41 -2.53 -2.79 -2.35 -3.05 -2.13 -2.48
 -2.41 -2.47 -2.14 -2.19 -2.4  -2.16 -2.05 -2.55]	Time 73.92s
Add-Rate: 0.02
Success: 0.66
Steps-taken: 80.00
Comm-Action: [ 1.  1.  1.  1.  1.  1.  1.  1.  1.  1.  1.  1.  1.  1.  1.  1.  1.  1.
  1.  1.]
Epoch 24	Reward [-2.47 -2.37 -2.77 -3.26 -2.75 -2.3  -2.72 -3.17 -2.21 -2.7  -2.12 -2.92
 -3.22 -2.02 -2.48 -3.35 -3.47 -2.79 -2.49 -2.2 ]	Time 73.30s
Add-Rate: 0.02
Success: 0.63
Steps-taken: 80.00
Comm-Action: [ 1.  1.  1.  1.  1.  1.  1.  1.  1.  1.  1.  1.  1.  1.  1.  1.  1.  1.
  1.  1.]
Epoch 25	Reward [-2.64 -2.6  -2.33 -2.46 -2.56 -3.01 -2.71 -2.62 -2.74 -2.69 -3.03 -2.93
 -2.6  -2.94 -3.08 -3.22 -2.8  -3.11 -2.13 -3.26]	Time 74.41s
Add-Rate: 0.02
Success: 0.62
Steps-taken: 80.00
Comm-Action: [ 1.  1.  1.  1.  1.  1.  1.  1.  1.  1.  1.  1.  1.  1.  1.  1.  1.  1.
  1.  1.]
Epoch 26	Reward [-2.54 -2.79 -2.43 -2.69 -2.35 -2.51 -2.8  -2.76 -2.51 -2.6  -2.36 -3.1
 -3.13 -2.42 -3.54 -3.09 -2.53 -2.3  -3.   -3.1 ]	Time 74.09s
Add-Rate: 0.02
Success: 0.65
Steps-taken: 80.00
Comm-Action: [ 1.  1.  1.  1.  1.  1.  1.  1.  1.  1.  1.  1.  1.  1.  1.  1.  1.  1.
  1.  1.]
Epoch 27	Reward [-2.76 -3.11 -2.87 -2.59 -2.5  -2.35 -3.33 -2.71 -2.41 -3.43 -1.95 -2.05
 -2.75 -2.51 -2.68 -1.81 -2.49 -2.53 -2.64 -2.72]	Time 74.31s
Add-Rate: 0.02
Success: 0.64
Steps-taken: 80.00
Comm-Action: [ 1.  1.  1.  1.  1.  1.  1.  1.  1.  1.  1.  1.  1.  1.  1.  1.  1.  1.
  1.  1.]
Epoch 28	Reward [-1.96 -1.91 -2.54 -2.3  -2.68 -3.02 -3.09 -2.56 -2.5  -2.4  -2.31 -2.79
 -2.75 -3.04 -2.2  -2.44 -2.31 -2.4  -2.32 -2.32]	Time 73.71s
Add-Rate: 0.02
Success: 0.65
Steps-taken: 80.00
Comm-Action: [ 1.  1.  1.  1.  1.  1.  1.  1.  1.  1.  1.  1.  1.  1.  1.  1.  1.  1.
  1.  1.]
Epoch 29	Reward [-3.38 -2.75 -2.44 -2.53 -2.7  -2.47 -3.19 -3.11 -2.62 -2.7  -2.49 -2.99
 -2.68 -3.41 -2.63 -1.83 -2.4  -2.46 -2.21 -2.47]	Time 73.15s
Add-Rate: 0.02
Success: 0.63
Steps-taken: 80.00
Comm-Action: [ 1.  1.  1.  1.  1.  1.  1.  1.  1.  1.  1.  1.  1.  1.  1.  1.  1.  1.
  1.  1.]
Epoch 30	Reward [-2.97 -2.57 -2.76 -3.03 -2.5  -2.25 -2.84 -2.18 -2.47 -2.43 -2.78 -2.52
 -2.79 -2.68 -2.38 -2.33 -2.98 -2.47 -2.67 -2.72]	Time 73.03s
Add-Rate: 0.02
Success: 0.63
Steps-taken: 80.00
Comm-Action: [ 1.  1.  1.  1.  1.  1.  1.  1.  1.  1.  1.  1.  1.  1.  1.  1.  1.  1.
  1.  1.]
Epoch 31	Reward [-2.39 -2.06 -3.03 -2.7  -2.61 -2.39 -2.29 -2.61 -2.07 -2.46 -2.24 -3.12
 -3.43 -3.62 -2.19 -2.62 -2.85 -1.97 -2.42 -2.68]	Time 72.27s
Add-Rate: 0.02
Success: 0.64
Steps-taken: 80.00
Comm-Action: [ 1.  1.  1.  1.  1.  1.  1.  1.  1.  1.  1.  1.  1.  1.  1.  1.  1.  1.
  1.  1.]
Epoch 32	Reward [-3.07 -2.27 -3.02 -2.72 -2.36 -2.67 -2.97 -3.06 -2.15 -3.28 -2.93 -2.76
 -2.33 -2.72 -2.44 -2.28 -3.44 -2.88 -2.9  -2.69]	Time 73.72s
Add-Rate: 0.02
Success: 0.63
Steps-taken: 80.00
Comm-Action: [ 1.  1.  1.  1.  1.  1.  1.  1.  1.  1.  1.  1.  1.  1.  1.  1.  1.  1.
  1.  1.]
Epoch 33	Reward [-2.39 -2.7  -2.86 -2.52 -3.34 -2.94 -2.7  -2.91 -2.66 -2.71 -2.34 -2.9
 -2.95 -2.49 -2.73 -2.97 -3.11 -3.14 -2.67 -2.29]	Time 72.62s
Add-Rate: 0.02
Success: 0.60
Steps-taken: 80.00
Comm-Action: [ 1.  1.  1.  1.  1.  1.  1.  1.  1.  1.  1.  1.  1.  1.  1.  1.  1.  1.
  1.  1.]
Epoch 34	Reward [-2.37 -2.48 -2.5  -2.88 -3.13 -3.01 -3.58 -3.09 -2.68 -2.4  -3.21 -2.1
 -3.16 -2.8  -2.65 -2.45 -2.55 -2.44 -2.57 -3.17]	Time 73.72s
Add-Rate: 0.02
Success: 0.64
Steps-taken: 80.00
Comm-Action: [ 1.  1.  1.  1.  1.  1.  1.  1.  1.  1.  1.  1.  1.  1.  1.  1.  1.  1.
  1.  1.]
Epoch 35	Reward [-2.34 -3.15 -2.58 -2.33 -2.57 -2.5  -2.95 -3.07 -2.67 -2.15 -2.81 -3.35
 -3.28 -2.51 -2.38 -3.09 -2.95 -2.55 -2.52 -3.07]	Time 72.53s
Add-Rate: 0.02
Success: 0.63
Steps-taken: 80.00
Comm-Action: [ 1.  1.  1.  1.  1.  1.  1.  1.  1.  1.  1.  1.  1.  1.  1.  1.  1.  1.
  1.  1.]
Epoch 36	Reward [-2.42 -2.34 -2.91 -2.69 -2.54 -2.17 -2.36 -3.17 -2.36 -2.46 -2.26 -2.73
 -2.71 -2.48 -2.   -2.69 -2.97 -2.49 -2.36 -2.49]	Time 72.39s
Add-Rate: 0.02
Success: 0.65
Steps-taken: 80.00
Comm-Action: [ 1.  1.  1.  1.  1.  1.  1.  1.  1.  1.  1.  1.  1.  1.  1.  1.  1.  1.
  1.  1.]
Epoch 37	Reward [-2.48 -2.48 -2.86 -2.85 -2.44 -2.88 -2.73 -2.97 -2.08 -2.44 -2.55 -2.24
 -2.15 -3.09 -2.45 -2.89 -2.57 -2.49 -2.38 -3.07]	Time 71.71s
Add-Rate: 0.02
Success: 0.65
Steps-taken: 80.00
Comm-Action: [ 1.  1.  1.  1.  1.  1.  1.  1.  1.  1.  1.  1.  1.  1.  1.  1.  1.  1.
  1.  1.]
Epoch 38	Reward [-2.21 -2.08 -2.24 -1.74 -2.75 -2.48 -3.19 -2.53 -2.55 -3.07 -2.42 -2.18
 -2.21 -2.07 -2.63 -2.4  -2.17 -2.14 -2.15 -3.17]	Time 71.90s
Add-Rate: 0.02
Success: 0.66
Steps-taken: 80.00
Comm-Action: [ 1.  1.  1.  1.  1.  1.  1.  1.  1.  1.  1.  1.  1.  1.  1.  1.  1.  1.
  1.  1.]
Epoch 39	Reward [-2.75 -2.45 -2.66 -2.7  -2.53 -1.99 -2.84 -2.49 -2.68 -2.   -2.13 -2.57
 -2.11 -2.4  -2.42 -2.96 -2.7  -1.93 -2.52 -2.56]	Time 73.71s
Add-Rate: 0.02
Success: 0.63
Steps-taken: 80.00
Comm-Action: [ 1.  1.  1.  1.  1.  1.  1.  1.  1.  1.  1.  1.  1.  1.  1.  1.  1.  1.
  1.  1.]
Epoch 40	Reward [-2.78 -2.76 -2.58 -2.56 -2.17 -2.61 -2.25 -2.21 -2.71 -3.16 -2.17 -2.54
 -2.23 -2.41 -2.45 -2.68 -1.91 -2.63 -3.07 -2.91]	Time 72.72s
Add-Rate: 0.02
Success: 0.65
Steps-taken: 80.00
Comm-Action: [ 1.  1.  1.  1.  1.  1.  1.  1.  1.  1.  1.  1.  1.  1.  1.  1.  1.  1.
  1.  1.]
Epoch 41	Reward [-2.4  -3.16 -2.63 -3.17 -2.34 -3.13 -3.02 -2.42 -2.36 -3.12 -2.77 -2.42
 -3.06 -2.33 -2.97 -2.79 -2.91 -2.61 -2.17 -2.55]	Time 73.08s
Add-Rate: 0.02
Success: 0.65
Steps-taken: 80.00
Comm-Action: [ 1.  1.  1.  1.  1.  1.  1.  1.  1.  1.  1.  1.  1.  1.  1.  1.  1.  1.
  1.  1.]
Epoch 42	Reward [-2.85 -2.19 -2.51 -2.46 -2.76 -2.73 -2.74 -3.03 -2.46 -3.01 -2.16 -2.33
 -2.8  -2.25 -2.53 -2.37 -3.14 -2.35 -2.48 -2.62]	Time 72.88s
Add-Rate: 0.02
Success: 0.65
Steps-taken: 80.00
Comm-Action: [ 1.  1.  1.  1.  1.  1.  1.  1.  1.  1.  1.  1.  1.  1.  1.  1.  1.  1.
  1.  1.]
Epoch 43	Reward [-3.13 -2.38 -2.51 -2.24 -2.42 -2.68 -2.6  -3.18 -2.68 -2.8  -2.3  -2.82
 -2.99 -2.93 -2.4  -2.49 -2.34 -2.27 -2.89 -2.69]	Time 72.90s
Add-Rate: 0.02
Success: 0.63
Steps-taken: 80.00
Comm-Action: [ 1.  1.  1.  1.  1.  1.  1.  1.  1.  1.  1.  1.  1.  1.  1.  1.  1.  1.
  1.  1.]
Epoch 44	Reward [-2.21 -2.2  -2.68 -2.61 -2.41 -2.57 -2.71 -2.4  -2.64 -2.59 -2.78 -2.66
 -2.9  -2.38 -2.57 -2.5  -3.2  -3.   -2.94 -2.66]	Time 71.90s
Add-Rate: 0.02
Success: 0.64
Steps-taken: 80.00
Comm-Action: [ 1.  1.  1.  1.  1.  1.  1.  1.  1.  1.  1.  1.  1.  1.  1.  1.  1.  1.
  1.  1.]
Epoch 45	Reward [-2.78 -2.36 -2.   -2.67 -2.85 -2.5  -2.42 -2.79 -2.35 -2.42 -2.7  -2.26
 -2.64 -2.06 -1.8  -2.74 -2.78 -2.81 -2.93 -2.89]	Time 71.50s
Add-Rate: 0.02
Success: 0.62
Steps-taken: 80.00
Comm-Action: [ 1.  1.  1.  1.  1.  1.  1.  1.  1.  1.  1.  1.  1.  1.  1.  1.  1.  1.
  1.  1.]
Epoch 46	Reward [-2.83 -2.74 -3.39 -2.68 -2.99 -3.09 -2.47 -2.92 -3.13 -2.86 -2.7  -2.52
 -2.53 -3.53 -3.28 -2.66 -3.09 -2.36 -2.09 -2.97]	Time 72.24s
Add-Rate: 0.02
Success: 0.63
Steps-taken: 80.00
Comm-Action: [ 1.  1.  1.  1.  1.  1.  1.  1.  1.  1.  1.  1.  1.  1.  1.  1.  1.  1.
  1.  1.]
Epoch 47	Reward [-2.15 -2.49 -2.62 -2.89 -2.81 -2.83 -2.39 -3.1  -2.27 -2.16 -3.06 -2.52
 -2.21 -2.   -3.33 -2.4  -2.49 -2.24 -2.52 -2.34]	Time 73.01s
Add-Rate: 0.02
Success: 0.66
Steps-taken: 80.00
Comm-Action: [ 1.  1.  1.  1.  1.  1.  1.  1.  1.  1.  1.  1.  1.  1.  1.  1.  1.  1.
  1.  1.]
Epoch 48	Reward [-2.54 -2.24 -2.57 -2.83 -3.11 -3.41 -2.88 -2.83 -2.58 -3.   -2.72 -2.21
 -2.46 -2.97 -2.66 -2.59 -2.89 -2.76 -2.65 -2.35]	Time 72.39s
Add-Rate: 0.02
Success: 0.64
Steps-taken: 80.00
Comm-Action: [ 1.  1.  1.  1.  1.  1.  1.  1.  1.  1.  1.  1.  1.  1.  1.  1.  1.  1.
  1.  1.]
Epoch 49	Reward [-2.1  -2.75 -2.34 -3.02 -2.35 -2.73 -2.9  -2.55 -2.17 -2.99 -2.59 -2.56
 -2.2  -2.34 -2.79 -2.59 -2.53 -2.56 -2.25 -2.85]	Time 73.44s
Add-Rate: 0.02
Success: 0.64
Steps-taken: 80.00
Comm-Action: [ 1.  1.  1.  1.  1.  1.  1.  1.  1.  1.  1.  1.  1.  1.  1.  1.  1.  1.
  1.  1.]
Epoch 50	Reward [-2.11 -2.57 -2.04 -2.77 -2.26 -3.29 -2.17 -2.47 -2.72 -2.61 -2.4  -2.47
 -2.63 -2.74 -2.04 -2.64 -1.9  -2.51 -2.94 -2.14]	Time 72.12s
Add-Rate: 0.02
Success: 0.66
Steps-taken: 80.00
Comm-Action: [ 1.  1.  1.  1.  1.  1.  1.  1.  1.  1.  1.  1.  1.  1.  1.  1.  1.  1.
  1.  1.]
Epoch 51	Reward [-2.26 -3.07 -2.51 -2.26 -3.3  -2.32 -2.26 -2.6  -2.54 -3.26 -2.54 -3.53
 -2.65 -2.88 -2.83 -2.56 -2.23 -3.03 -2.57 -2.14]	Time 73.67s
Add-Rate: 0.02
Success: 0.64
Steps-taken: 80.00
Comm-Action: [ 1.  1.  1.  1.  1.  1.  1.  1.  1.  1.  1.  1.  1.  1.  1.  1.  1.  1.
  1.  1.]
Epoch 52	Reward [-2.61 -2.55 -2.35 -2.7  -2.96 -2.34 -2.26 -2.81 -2.72 -2.8  -2.67 -2.05
 -2.69 -2.41 -2.88 -2.73 -3.24 -2.38 -2.62 -3.05]	Time 73.44s
Add-Rate: 0.02
Success: 0.63
Steps-taken: 80.00
Comm-Action: [ 1.  1.  1.  1.  1.  1.  1.  1.  1.  1.  1.  1.  1.  1.  1.  1.  1.  1.
  1.  1.]
Epoch 53	Reward [-2.79 -2.1  -2.46 -2.37 -2.65 -2.86 -2.23 -2.09 -2.64 -2.38 -3.03 -2.11
 -2.84 -2.4  -2.81 -2.24 -2.53 -2.96 -2.19 -2.63]	Time 72.93s
Add-Rate: 0.02
Success: 0.65
Steps-taken: 80.00
Comm-Action: [ 1.  1.  1.  1.  1.  1.  1.  1.  1.  1.  1.  1.  1.  1.  1.  1.  1.  1.
  1.  1.]
Epoch 54	Reward [-2.63 -2.52 -2.49 -2.97 -3.14 -2.95 -2.41 -2.05 -2.42 -3.09 -2.5  -2.81
 -2.52 -1.93 -2.59 -2.81 -2.66 -2.37 -2.45 -2.61]	Time 72.33s
Add-Rate: 0.02
Success: 0.63
Steps-taken: 80.00
Comm-Action: [ 1.  1.  1.  1.  1.  1.  1.  1.  1.  1.  1.  1.  1.  1.  1.  1.  1.  1.
  1.  1.]
Epoch 55	Reward [-2.91 -2.03 -2.97 -2.5  -2.85 -2.61 -2.37 -2.73 -2.17 -2.1  -2.26 -2.94
 -2.35 -2.69 -2.89 -2.35 -2.63 -2.95 -2.64 -1.83]	Time 72.88s
Add-Rate: 0.02
Success: 0.64
Steps-taken: 80.00
Comm-Action: [ 1.  1.  1.  1.  1.  1.  1.  1.  1.  1.  1.  1.  1.  1.  1.  1.  1.  1.
  1.  1.]
Epoch 56	Reward [-2.48 -2.93 -3.11 -3.57 -2.31 -2.75 -2.69 -1.87 -2.43 -2.69 -2.23 -2.01
 -2.42 -2.36 -2.67 -3.04 -2.56 -3.1  -2.73 -2.81]	Time 72.66s
Add-Rate: 0.02
Success: 0.63
Steps-taken: 80.00
Comm-Action: [ 1.  1.  1.  1.  1.  1.  1.  1.  1.  1.  1.  1.  1.  1.  1.  1.  1.  1.
  1.  1.]
Epoch 57	Reward [-2.93 -2.58 -2.6  -3.11 -2.94 -2.33 -2.66 -2.44 -2.46 -2.42 -2.43 -3.01
 -2.56 -2.61 -1.83 -2.77 -1.84 -2.36 -2.17 -2.84]	Time 71.25s
Add-Rate: 0.02
Success: 0.64
Steps-taken: 80.00
Comm-Action: [ 1.  1.  1.  1.  1.  1.  1.  1.  1.  1.  1.  1.  1.  1.  1.  1.  1.  1.
  1.  1.]
Epoch 58	Reward [-2.2  -2.69 -2.36 -2.28 -2.71 -2.81 -2.02 -2.4  -2.64 -2.32 -1.89 -2.89
 -2.51 -2.82 -3.37 -2.33 -2.24 -2.12 -2.72 -2.14]	Time 73.25s
Add-Rate: 0.02
Success: 0.64
Steps-taken: 80.00
Comm-Action: [ 1.  1.  1.  1.  1.  1.  1.  1.  1.  1.  1.  1.  1.  1.  1.  1.  1.  1.
  1.  1.]
Epoch 59	Reward [-2.76 -2.24 -2.57 -2.4  -2.88 -2.7  -2.84 -2.49 -2.37 -2.9  -2.31 -3.05
 -2.49 -3.   -2.96 -2.42 -2.51 -2.58 -2.54 -2.7 ]	Time 73.29s
Add-Rate: 0.02
Success: 0.63
Steps-taken: 80.00
Comm-Action: [ 1.  1.  1.  1.  1.  1.  1.  1.  1.  1.  1.  1.  1.  1.  1.  1.  1.  1.
  1.  1.]
Epoch 60	Reward [-3.22 -2.74 -2.81 -2.6  -2.67 -2.71 -3.26 -2.84 -3.33 -2.59 -2.39 -2.32
 -2.71 -2.85 -2.79 -2.27 -2.63 -2.74 -2.39 -2.74]	Time 72.37s
Add-Rate: 0.02
Success: 0.64
Steps-taken: 80.00
Comm-Action: [ 1.  1.  1.  1.  1.  1.  1.  1.  1.  1.  1.  1.  1.  1.  1.  1.  1.  1.
  1.  1.]
Epoch 61	Reward [-2.32 -2.79 -2.42 -3.4  -2.67 -2.14 -3.55 -2.78 -2.86 -3.02 -2.99 -2.96
 -3.28 -2.97 -3.12 -2.24 -2.77 -2.25 -1.93 -3.23]	Time 72.13s
Add-Rate: 0.02
Success: 0.65
Steps-taken: 80.00
Comm-Action: [ 1.  1.  1.  1.  1.  1.  1.  1.  1.  1.  1.  1.  1.  1.  1.  1.  1.  1.
  1.  1.]
Epoch 62	Reward [-2.8  -2.9  -2.52 -2.95 -2.68 -2.62 -2.66 -3.24 -2.19 -2.08 -2.52 -2.46
 -2.74 -2.71 -2.17 -2.79 -2.87 -2.91 -2.52 -3.3 ]	Time 72.19s
Add-Rate: 0.02
Success: 0.65
Steps-taken: 80.00
Comm-Action: [ 1.  1.  1.  1.  1.  1.  1.  1.  1.  1.  1.  1.  1.  1.  1.  1.  1.  1.
  1.  1.]
Epoch 63	Reward [-2.22 -2.31 -2.14 -2.14 -2.83 -2.16 -2.24 -1.91 -2.73 -2.15 -2.34 -2.37
 -3.06 -3.18 -2.9  -2.54 -3.08 -3.32 -2.62 -2.07]	Time 72.66s
Add-Rate: 0.02
Success: 0.66
Steps-taken: 80.00
Comm-Action: [ 1.  1.  1.  1.  1.  1.  1.  1.  1.  1.  1.  1.  1.  1.  1.  1.  1.  1.
  1.  1.]
Epoch 64	Reward [-2.44 -2.61 -2.68 -2.5  -3.01 -3.09 -2.34 -2.91 -2.27 -2.89 -2.63 -2.78
 -3.43 -2.68 -3.29 -2.83 -2.74 -1.98 -3.18 -3.05]	Time 71.65s
Add-Rate: 0.02
Success: 0.64
Steps-taken: 80.00
Comm-Action: [ 1.  1.  1.  1.  1.  1.  1.  1.  1.  1.  1.  1.  1.  1.  1.  1.  1.  1.
  1.  1.]
Epoch 65	Reward [-2.26 -2.65 -2.3  -2.9  -2.34 -2.3  -2.85 -2.73 -2.02 -2.69 -2.53 -2.73
 -1.99 -2.6  -2.07 -2.81 -2.5  -2.58 -2.91 -2.51]	Time 73.09s
Add-Rate: 0.02
Success: 0.65
Steps-taken: 80.00
Comm-Action: [ 1.  1.  1.  1.  1.  1.  1.  1.  1.  1.  1.  1.  1.  1.  1.  1.  1.  1.
  1.  1.]
Epoch 66	Reward [-2.52 -2.77 -1.92 -2.32 -2.65 -2.43 -1.88 -2.16 -2.14 -2.72 -2.63 -2.52
 -2.24 -3.06 -2.07 -2.44 -2.64 -2.63 -2.11 -2.55]	Time 74.20s
Add-Rate: 0.02
Success: 0.66
Steps-taken: 80.00
Comm-Action: [ 1.  1.  1.  1.  1.  1.  1.  1.  1.  1.  1.  1.  1.  1.  1.  1.  1.  1.
  1.  1.]
Epoch 67	Reward [-2.76 -2.56 -2.89 -2.51 -2.52 -2.58 -2.85 -2.76 -2.38 -2.9  -2.43 -2.66
 -2.13 -2.22 -2.78 -2.96 -2.44 -2.48 -2.38 -2.49]	Time 72.12s
Add-Rate: 0.02
Success: 0.63
Steps-taken: 80.00
Comm-Action: [ 1.  1.  1.  1.  1.  1.  1.  1.  1.  1.  1.  1.  1.  1.  1.  1.  1.  1.
  1.  1.]
Epoch 68	Reward [-2.63 -2.03 -2.4  -3.   -2.38 -2.99 -2.24 -2.51 -2.95 -2.14 -2.45 -2.36
 -2.34 -2.46 -2.25 -2.72 -2.63 -2.78 -2.53 -2.42]	Time 73.35s
Add-Rate: 0.02
Success: 0.64
Steps-taken: 80.00
Comm-Action: [ 1.  1.  1.  1.  1.  1.  1.  1.  1.  1.  1.  1.  1.  1.  1.  1.  1.  1.
  1.  1.]
Epoch 69	Reward [-2.75 -2.25 -2.72 -2.48 -2.8  -3.47 -2.2  -2.72 -2.85 -2.63 -2.49 -2.02
 -2.47 -2.4  -2.56 -1.82 -2.64 -3.24 -2.79 -2.85]	Time 73.66s
Add-Rate: 0.02
Success: 0.64
Steps-taken: 80.00
Comm-Action: [ 1.  1.  1.  1.  1.  1.  1.  1.  1.  1.  1.  1.  1.  1.  1.  1.  1.  1.
  1.  1.]
Epoch 70	Reward [-2.25 -3.02 -2.07 -3.18 -2.49 -2.89 -2.6  -3.49 -3.24 -2.42 -2.03 -2.59
 -2.25 -2.9  -2.79 -2.16 -2.92 -2.67 -2.08 -3.31]	Time 73.65s
Add-Rate: 0.02
Success: 0.63
Steps-taken: 80.00
Comm-Action: [ 1.  1.  1.  1.  1.  1.  1.  1.  1.  1.  1.  1.  1.  1.  1.  1.  1.  1.
  1.  1.]
Epoch 71	Reward [-2.48 -2.13 -3.02 -2.31 -2.71 -2.26 -2.5  -2.84 -2.49 -2.6  -2.75 -2.11
 -2.33 -2.36 -2.07 -2.72 -2.25 -2.48 -2.5  -2.26]	Time 73.97s
Add-Rate: 0.02
Success: 0.64
Steps-taken: 80.00
Comm-Action: [ 1.  1.  1.  1.  1.  1.  1.  1.  1.  1.  1.  1.  1.  1.  1.  1.  1.  1.
  1.  1.]
Epoch 72	Reward [-2.23 -3.08 -2.07 -3.09 -3.19 -2.98 -2.74 -2.36 -3.12 -1.63 -2.16 -3.16
 -2.6  -2.65 -2.1  -2.68 -3.21 -2.3  -2.16 -2.88]	Time 72.26s
Add-Rate: 0.02
Success: 0.65
Steps-taken: 80.00
Comm-Action: [ 1.  1.  1.  1.  1.  1.  1.  1.  1.  1.  1.  1.  1.  1.  1.  1.  1.  1.
  1.  1.]
Epoch 73	Reward [-2.55 -3.31 -3.1  -2.38 -2.16 -3.44 -3.06 -3.1  -2.72 -2.97 -3.01 -2.27
 -2.76 -3.42 -2.36 -2.31 -2.88 -2.59 -3.28 -2.27]	Time 72.66s
Add-Rate: 0.02
Success: 0.63
Steps-taken: 80.00
Comm-Action: [ 1.  1.  1.  1.  1.  1.  1.  1.  1.  1.  1.  1.  1.  1.  1.  1.  1.  1.
  1.  1.]
Epoch 74	Reward [-2.36 -3.12 -2.74 -2.35 -1.98 -2.82 -2.23 -2.27 -2.56 -2.14 -2.4  -2.89
 -3.17 -2.35 -2.2  -2.34 -2.25 -2.96 -3.23 -2.28]	Time 73.26s
Add-Rate: 0.02
Success: 0.63
Steps-taken: 80.00
Comm-Action: [ 1.  1.  1.  1.  1.  1.  1.  1.  1.  1.  1.  1.  1.  1.  1.  1.  1.  1.
  1.  1.]
Epoch 75	Reward [-2.53 -2.96 -2.61 -3.1  -2.34 -2.56 -3.03 -2.51 -2.08 -2.9  -3.18 -2.76
 -2.97 -2.51 -2.85 -3.09 -2.48 -3.45 -3.22 -2.77]	Time 72.96s
Add-Rate: 0.02
Success: 0.62
Steps-taken: 80.00
Comm-Action: [ 1.  1.  1.  1.  1.  1.  1.  1.  1.  1.  1.  1.  1.  1.  1.  1.  1.  1.
  1.  1.]
Epoch 76	Reward [-3.04 -2.22 -2.66 -2.66 -2.69 -2.36 -2.44 -2.76 -3.13 -2.48 -3.15 -2.51
 -3.23 -2.27 -2.43 -2.35 -2.63 -2.58 -2.58 -2.84]	Time 72.75s
Add-Rate: 0.02
Success: 0.64
Steps-taken: 80.00
Comm-Action: [ 1.  1.  1.  1.  1.  1.  1.  1.  1.  1.  1.  1.  1.  1.  1.  1.  1.  1.
  1.  1.]
Epoch 77	Reward [-2.33 -2.65 -2.4  -2.14 -2.27 -2.5  -2.53 -3.45 -2.68 -2.46 -3.05 -2.97
 -2.3  -2.53 -2.83 -2.48 -2.36 -2.62 -3.17 -2.64]	Time 73.16s
Add-Rate: 0.02
Success: 0.62
Steps-taken: 80.00
Comm-Action: [ 1.  1.  1.  1.  1.  1.  1.  1.  1.  1.  1.  1.  1.  1.  1.  1.  1.  1.
  1.  1.]
Epoch 78	Reward [-2.27 -2.73 -2.19 -2.74 -3.33 -2.39 -3.18 -2.3  -2.46 -2.61 -2.84 -2.82
 -2.92 -2.21 -2.35 -2.16 -3.31 -2.47 -2.2  -2.19]	Time 72.78s
Add-Rate: 0.02
Success: 0.66
Steps-taken: 80.00
Comm-Action: [ 1.  1.  1.  1.  1.  1.  1.  1.  1.  1.  1.  1.  1.  1.  1.  1.  1.  1.
  1.  1.]
Epoch 79	Reward [-2.22 -2.82 -2.71 -2.52 -2.74 -2.58 -2.59 -1.86 -2.65 -2.42 -2.13 -2.59
 -2.83 -2.3  -2.26 -2.88 -2.52 -2.43 -3.07 -3.29]	Time 71.38s
Add-Rate: 0.02
Success: 0.64
Steps-taken: 80.00
Comm-Action: [ 1.  1.  1.  1.  1.  1.  1.  1.  1.  1.  1.  1.  1.  1.  1.  1.  1.  1.
  1.  1.]
Epoch 80	Reward [-2.5  -2.87 -2.01 -2.67 -3.32 -2.55 -2.44 -2.8  -2.79 -2.7  -2.71 -1.9
 -2.83 -2.67 -2.45 -2.94 -2.16 -3.27 -2.24 -2.99]	Time 73.02s
Add-Rate: 0.02
Success: 0.62
Steps-taken: 80.00
Comm-Action: [ 1.  1.  1.  1.  1.  1.  1.  1.  1.  1.  1.  1.  1.  1.  1.  1.  1.  1.
  1.  1.]
Epoch 81	Reward [-2.69 -2.89 -2.41 -2.46 -2.14 -2.97 -2.55 -2.55 -2.47 -2.77 -3.28 -2.46
 -3.38 -3.45 -2.52 -2.5  -2.44 -2.51 -2.77 -2.76]	Time 72.15s
Add-Rate: 0.02
Success: 0.61
Steps-taken: 80.00
Comm-Action: [ 1.  1.  1.  1.  1.  1.  1.  1.  1.  1.  1.  1.  1.  1.  1.  1.  1.  1.
  1.  1.]
Epoch 82	Reward [-2.52 -2.83 -2.36 -2.15 -3.18 -3.63 -2.87 -2.79 -2.94 -2.36 -2.77 -2.47
 -2.62 -2.87 -2.14 -2.54 -2.45 -3.33 -3.06 -2.43]	Time 73.44s
Add-Rate: 0.02
Success: 0.63
Steps-taken: 80.00
Comm-Action: [ 1.  1.  1.  1.  1.  1.  1.  1.  1.  1.  1.  1.  1.  1.  1.  1.  1.  1.
  1.  1.]
Epoch 83	Reward [-2.22 -3.17 -2.6  -3.28 -2.5  -3.02 -2.63 -2.5  -2.87 -2.62 -2.75 -2.71
 -2.44 -2.74 -2.13 -3.19 -3.52 -3.34 -2.96 -2.88]	Time 72.67s
Add-Rate: 0.02
Success: 0.62
Steps-taken: 80.00
Comm-Action: [ 1.  1.  1.  1.  1.  1.  1.  1.  1.  1.  1.  1.  1.  1.  1.  1.  1.  1.
  1.  1.]
Epoch 84	Reward [-2.2  -2.26 -2.3  -2.59 -3.05 -2.88 -2.7  -2.62 -2.12 -2.54 -2.23 -2.14
 -2.63 -2.53 -2.55 -2.46 -2.6  -2.96 -2.48 -2.81]	Time 71.86s
Add-Rate: 0.02
Success: 0.66
Steps-taken: 80.00
Comm-Action: [ 1.  1.  1.  1.  1.  1.  1.  1.  1.  1.  1.  1.  1.  1.  1.  1.  1.  1.
  1.  1.]
Epoch 85	Reward [-3.23 -2.57 -2.97 -2.35 -2.35 -2.29 -2.92 -2.96 -2.67 -2.7  -2.41 -2.84
 -2.67 -2.86 -3.29 -2.61 -2.91 -2.63 -2.82 -2.87]	Time 72.61s
Add-Rate: 0.02
Success: 0.60
Steps-taken: 80.00
Comm-Action: [ 1.  1.  1.  1.  1.  1.  1.  1.  1.  1.  1.  1.  1.  1.  1.  1.  1.  1.
  1.  1.]
Epoch 86	Reward [-3.28 -2.64 -2.27 -3.49 -2.57 -1.81 -2.11 -2.42 -2.34 -2.37 -2.77 -2.48
 -2.64 -2.59 -2.23 -2.98 -2.75 -2.73 -2.17 -2.34]	Time 72.40s
Add-Rate: 0.02
Success: 0.66
Steps-taken: 80.00
Comm-Action: [ 1.  1.  1.  1.  1.  1.  1.  1.  1.  1.  1.  1.  1.  1.  1.  1.  1.  1.
  1.  1.]
Epoch 87	Reward [-2.51 -2.51 -2.26 -2.22 -2.98 -2.06 -2.44 -2.54 -2.03 -2.55 -2.22 -2.8
 -1.93 -2.26 -2.32 -2.26 -2.52 -2.52 -2.46 -2.05]	Time 71.68s
Add-Rate: 0.02
Success: 0.64
Steps-taken: 80.00
Comm-Action: [ 1.  1.  1.  1.  1.  1.  1.  1.  1.  1.  1.  1.  1.  1.  1.  1.  1.  1.
  1.  1.]
Epoch 88	Reward [-2.84 -2.73 -2.75 -2.41 -3.12 -2.99 -2.08 -2.87 -2.62 -2.96 -2.81 -2.62
 -3.   -2.46 -2.25 -2.43 -2.09 -3.28 -3.07 -3.29]	Time 73.43s
Add-Rate: 0.02
Success: 0.63
Steps-taken: 80.00
Comm-Action: [ 1.  1.  1.  1.  1.  1.  1.  1.  1.  1.  1.  1.  1.  1.  1.  1.  1.  1.
  1.  1.]
Epoch 89	Reward [-2.45 -2.79 -2.78 -2.96 -2.81 -3.08 -2.93 -3.45 -2.39 -2.74 -2.67 -2.42
 -2.97 -2.81 -2.55 -2.63 -2.48 -2.36 -3.2  -2.55]	Time 72.99s
Add-Rate: 0.02
Success: 0.61
Steps-taken: 80.00
Comm-Action: [ 1.  1.  1.  1.  1.  1.  1.  1.  1.  1.  1.  1.  1.  1.  1.  1.  1.  1.
  1.  1.]
Epoch 90	Reward [-2.19 -2.34 -2.32 -2.52 -2.29 -2.15 -2.24 -2.84 -2.56 -2.36 -2.73 -3.13
 -2.78 -3.1  -2.74 -3.01 -2.3  -2.23 -2.73 -2.67]	Time 72.16s
Add-Rate: 0.02
Success: 0.64
Steps-taken: 80.00
Comm-Action: [ 1.  1.  1.  1.  1.  1.  1.  1.  1.  1.  1.  1.  1.  1.  1.  1.  1.  1.
  1.  1.]
Epoch 91	Reward [-2.79 -2.17 -2.32 -2.39 -2.82 -2.72 -2.94 -2.01 -2.14 -2.95 -2.94 -2.13
 -2.52 -2.42 -2.31 -2.38 -2.77 -2.76 -3.24 -2.41]	Time 73.18s
Add-Rate: 0.02
Success: 0.63
Steps-taken: 80.00
Comm-Action: [ 1.  1.  1.  1.  1.  1.  1.  1.  1.  1.  1.  1.  1.  1.  1.  1.  1.  1.
  1.  1.]
Epoch 92	Reward [-2.32 -2.64 -3.06 -2.84 -3.03 -2.62 -2.5  -2.15 -2.49 -2.42 -2.45 -2.33
 -2.72 -2.14 -2.14 -1.96 -2.8  -2.11 -2.33 -2.65]	Time 73.46s
Add-Rate: 0.02
Success: 0.67
Steps-taken: 80.00
Comm-Action: [ 1.  1.  1.  1.  1.  1.  1.  1.  1.  1.  1.  1.  1.  1.  1.  1.  1.  1.
  1.  1.]
Epoch 93	Reward [-2.18 -2.09 -2.39 -2.28 -1.9  -3.22 -2.55 -2.12 -2.73 -2.23 -2.86 -2.12
 -2.16 -2.17 -2.47 -2.78 -2.21 -1.86 -3.35 -2.25]	Time 73.22s
Add-Rate: 0.02
Success: 0.67
Steps-taken: 80.00
Comm-Action: [ 1.  1.  1.  1.  1.  1.  1.  1.  1.  1.  1.  1.  1.  1.  1.  1.  1.  1.
  1.  1.]
Epoch 94	Reward [-2.3  -2.05 -2.48 -2.45 -2.94 -2.36 -2.12 -3.14 -2.28 -2.56 -2.15 -1.77
 -2.46 -2.98 -2.4  -2.35 -2.28 -2.51 -2.17 -2.41]	Time 73.42s
Add-Rate: 0.02
Success: 0.66
Steps-taken: 80.00
Comm-Action: [ 1.  1.  1.  1.  1.  1.  1.  1.  1.  1.  1.  1.  1.  1.  1.  1.  1.  1.
  1.  1.]
Epoch 95	Reward [-3.01 -2.45 -3.04 -2.43 -3.   -2.64 -3.12 -2.87 -3.39 -2.72 -3.26 -2.87
 -2.37 -2.27 -2.38 -2.61 -2.29 -2.9  -2.85 -2.61]	Time 72.69s
Add-Rate: 0.02
Success: 0.62
Steps-taken: 80.00
Comm-Action: [ 1.  1.  1.  1.  1.  1.  1.  1.  1.  1.  1.  1.  1.  1.  1.  1.  1.  1.
  1.  1.]
Epoch 96	Reward [-3.   -2.49 -2.92 -2.83 -2.74 -2.76 -3.13 -2.89 -2.86 -2.26 -3.15 -2.72
 -2.71 -3.03 -3.11 -2.68 -2.5  -2.7  -2.58 -3.07]	Time 71.88s
Add-Rate: 0.02
Success: 0.62
Steps-taken: 80.00
Comm-Action: [ 1.  1.  1.  1.  1.  1.  1.  1.  1.  1.  1.  1.  1.  1.  1.  1.  1.  1.
  1.  1.]
Epoch 97	Reward [-2.73 -2.84 -1.97 -2.86 -2.61 -2.08 -2.62 -2.31 -2.99 -2.38 -3.02 -2.88
 -2.39 -3.11 -2.68 -2.2  -2.6  -2.15 -2.25 -3.17]	Time 73.72s
Add-Rate: 0.02
Success: 0.65
Steps-taken: 80.00
Comm-Action: [ 1.  1.  1.  1.  1.  1.  1.  1.  1.  1.  1.  1.  1.  1.  1.  1.  1.  1.
  1.  1.]
Epoch 98	Reward [-2.96 -2.84 -2.75 -2.95 -3.08 -2.66 -2.38 -3.17 -2.58 -2.64 -2.28 -2.56
 -2.62 -2.44 -2.9  -2.57 -2.42 -2.49 -2.3  -3.06]	Time 71.01s
Add-Rate: 0.02
Success: 0.59
Steps-taken: 80.00
Comm-Action: [ 1.  1.  1.  1.  1.  1.  1.  1.  1.  1.  1.  1.  1.  1.  1.  1.  1.  1.
  1.  1.]
Epoch 99	Reward [-2.54 -2.23 -2.62 -2.78 -2.78 -2.81 -2.5  -2.62 -2.2  -2.43 -1.99 -2.87
 -2.55 -2.56 -2.96 -2.97 -2.23 -2.21 -2.73 -2.28]	Time 73.73s
Add-Rate: 0.02
Success: 0.65
Steps-taken: 80.00
Comm-Action: [ 1.  1.  1.  1.  1.  1.  1.  1.  1.  1.  1.  1.  1.  1.  1.  1.  1.  1.
  1.  1.]
Epoch 100	Reward [-2.34 -2.93 -2.59 -2.9  -2.18 -1.66 -2.34 -2.05 -3.14 -2.19 -2.65 -2.97
 -2.8  -2.34 -2.45 -2.7  -2.08 -2.36 -2.7  -2.29]	Time 72.84s
Add-Rate: 0.02
Success: 0.64
Steps-taken: 80.00
Comm-Action: [ 1.  1.  1.  1.  1.  1.  1.  1.  1.  1.  1.  1.  1.  1.  1.  1.  1.  1.
  1.  1.]
Epoch 101	Reward [-3.02 -3.   -2.63 -2.7  -2.56 -2.57 -2.61 -3.24 -2.72 -2.71 -3.57 -3.07
 -2.6  -2.6  -3.48 -2.91 -2.35 -3.05 -2.65 -2.83]	Time 72.36s
Add-Rate: 0.02
Success: 0.61
Steps-taken: 80.00
Comm-Action: [ 1.  1.  1.  1.  1.  1.  1.  1.  1.  1.  1.  1.  1.  1.  1.  1.  1.  1.
  1.  1.]
Epoch 102	Reward [-2.05 -2.68 -2.69 -3.18 -3.06 -2.72 -2.6  -3.03 -2.78 -3.2  -2.35 -3.15
 -2.63 -2.89 -2.71 -2.52 -2.49 -2.91 -2.74 -2.45]	Time 72.62s
Add-Rate: 0.02
Success: 0.62
Steps-taken: 80.00
Comm-Action: [ 1.  1.  1.  1.  1.  1.  1.  1.  1.  1.  1.  1.  1.  1.  1.  1.  1.  1.
  1.  1.]
Epoch 103	Reward [-2.9  -2.81 -2.48 -2.62 -2.92 -2.94 -3.06 -3.11 -2.8  -2.71 -3.33 -3.13
 -2.77 -2.82 -2.96 -2.68 -2.92 -2.69 -2.73 -2.17]	Time 72.28s
Add-Rate: 0.02
Success: 0.63
Steps-taken: 80.00
Comm-Action: [ 1.  1.  1.  1.  1.  1.  1.  1.  1.  1.  1.  1.  1.  1.  1.  1.  1.  1.
  1.  1.]
Epoch 104	Reward [-2.58 -2.56 -2.55 -2.64 -2.71 -2.43 -3.   -2.57 -2.71 -2.42 -2.36 -2.89
 -2.71 -2.64 -2.4  -4.03 -3.7  -2.86 -2.72 -2.37]	Time 72.97s
Add-Rate: 0.02
Success: 0.63
Steps-taken: 80.00
Comm-Action: [ 1.  1.  1.  1.  1.  1.  1.  1.  1.  1.  1.  1.  1.  1.  1.  1.  1.  1.
  1.  1.]
Epoch 105	Reward [-3.03 -2.52 -2.49 -2.7  -2.81 -2.7  -2.94 -2.4  -2.68 -2.86 -2.73 -2.2
 -2.76 -2.47 -2.75 -2.32 -2.18 -2.34 -2.37 -2.68]	Time 72.59s
Add-Rate: 0.02
Success: 0.64
Steps-taken: 80.00
Comm-Action: [ 1.  1.  1.  1.  1.  1.  1.  1.  1.  1.  1.  1.  1.  1.  1.  1.  1.  1.
  1.  1.]
Epoch 106	Reward [-2.63 -2.47 -2.35 -2.55 -2.16 -2.71 -3.06 -2.61 -2.62 -3.09 -3.05 -2.35
 -2.81 -2.37 -2.56 -2.63 -2.65 -3.05 -2.92 -2.  ]	Time 72.53s
Add-Rate: 0.02
Success: 0.65
Steps-taken: 80.00
Comm-Action: [ 1.  1.  1.  1.  1.  1.  1.  1.  1.  1.  1.  1.  1.  1.  1.  1.  1.  1.
  1.  1.]
Epoch 107	Reward [-2.45 -3.03 -3.11 -2.24 -2.33 -2.25 -2.06 -3.78 -2.38 -2.91 -2.25 -3.25
 -2.6  -2.38 -2.74 -2.33 -2.55 -2.79 -3.12 -2.92]	Time 72.68s
Add-Rate: 0.02
Success: 0.64
Steps-taken: 80.00
Comm-Action: [ 1.  1.  1.  1.  1.  1.  1.  1.  1.  1.  1.  1.  1.  1.  1.  1.  1.  1.
  1.  1.]
Epoch 108	Reward [-2.55 -2.4  -2.49 -2.05 -2.36 -2.88 -2.41 -2.97 -2.34 -2.8  -2.41 -2.89
 -2.75 -2.59 -2.72 -2.56 -2.48 -2.31 -2.32 -2.62]	Time 72.40s
Add-Rate: 0.02
Success: 0.63
Steps-taken: 80.00
Comm-Action: [ 1.  1.  1.  1.  1.  1.  1.  1.  1.  1.  1.  1.  1.  1.  1.  1.  1.  1.
  1.  1.]
Epoch 109	Reward [-2.76 -2.86 -2.6  -2.23 -2.86 -2.65 -2.36 -3.33 -2.98 -3.33 -2.47 -2.56
 -2.55 -3.29 -2.6  -2.54 -2.66 -3.17 -3.29 -2.36]	Time 72.40s
Add-Rate: 0.02
Success: 0.65
Steps-taken: 80.00
Comm-Action: [ 1.  1.  1.  1.  1.  1.  1.  1.  1.  1.  1.  1.  1.  1.  1.  1.  1.  1.
  1.  1.]
Epoch 110	Reward [-2.25 -2.69 -2.52 -2.72 -2.38 -2.19 -2.48 -2.33 -3.06 -2.19 -2.55 -2.41
 -2.25 -2.89 -2.76 -2.92 -3.28 -2.2  -2.83 -2.29]	Time 73.93s
Add-Rate: 0.02
Success: 0.63
Steps-taken: 80.00
Comm-Action: [ 1.  1.  1.  1.  1.  1.  1.  1.  1.  1.  1.  1.  1.  1.  1.  1.  1.  1.
  1.  1.]
Epoch 111	Reward [-2.07 -2.53 -2.75 -2.89 -2.72 -3.02 -2.62 -2.08 -2.61 -2.78 -2.59 -2.55
 -2.53 -2.99 -2.53 -2.21 -2.56 -2.2  -2.47 -2.34]	Time 73.12s
Add-Rate: 0.02
Success: 0.64
Steps-taken: 80.00
Comm-Action: [ 1.  1.  1.  1.  1.  1.  1.  1.  1.  1.  1.  1.  1.  1.  1.  1.  1.  1.
  1.  1.]
Epoch 112	Reward [-2.89 -3.17 -3.01 -2.86 -2.72 -2.65 -2.68 -2.68 -3.12 -3.33 -3.1  -3.03
 -2.17 -2.96 -3.01 -2.83 -3.28 -2.7  -2.94 -3.07]	Time 71.32s
Add-Rate: 0.02
Success: 0.61
Steps-taken: 80.00
Comm-Action: [ 1.  1.  1.  1.  1.  1.  1.  1.  1.  1.  1.  1.  1.  1.  1.  1.  1.  1.
  1.  1.]
Epoch 113	Reward [-2.77 -2.82 -2.45 -2.87 -1.97 -2.12 -2.52 -2.21 -2.39 -2.18 -2.21 -2.77
 -2.91 -2.21 -3.02 -2.2  -2.63 -2.4  -2.27 -2.54]	Time 72.94s
Add-Rate: 0.02
Success: 0.65
Steps-taken: 80.00
Comm-Action: [ 1.  1.  1.  1.  1.  1.  1.  1.  1.  1.  1.  1.  1.  1.  1.  1.  1.  1.
  1.  1.]
Epoch 114	Reward [-2.89 -2.4  -2.46 -2.38 -2.27 -2.59 -2.35 -3.04 -2.29 -2.6  -2.8  -2.69
 -2.62 -2.79 -2.37 -2.81 -2.97 -2.57 -2.38 -2.51]	Time 72.41s
Add-Rate: 0.02
Success: 0.63
Steps-taken: 80.00
Comm-Action: [ 1.  1.  1.  1.  1.  1.  1.  1.  1.  1.  1.  1.  1.  1.  1.  1.  1.  1.
  1.  1.]
Epoch 115	Reward [-3.21 -2.92 -2.86 -3.25 -2.19 -2.65 -2.77 -2.51 -2.22 -2.31 -2.31 -2.37
 -2.38 -3.1  -2.24 -2.49 -2.35 -2.99 -2.68 -2.97]	Time 72.00s
Add-Rate: 0.02
Success: 0.64
Steps-taken: 80.00
Comm-Action: [ 1.  1.  1.  1.  1.  1.  1.  1.  1.  1.  1.  1.  1.  1.  1.  1.  1.  1.
  1.  1.]
Epoch 116	Reward [-3.11 -3.11 -2.37 -2.64 -1.93 -2.47 -2.67 -2.07 -2.65 -2.3  -2.91 -2.27
 -2.17 -2.58 -2.75 -2.29 -2.36 -2.58 -2.57 -2.61]	Time 73.29s
Add-Rate: 0.02
Success: 0.62
Steps-taken: 80.00
Comm-Action: [ 1.  1.  1.  1.  1.  1.  1.  1.  1.  1.  1.  1.  1.  1.  1.  1.  1.  1.
  1.  1.]
Epoch 117	Reward [-3.23 -2.52 -2.54 -2.64 -3.67 -3.03 -3.28 -2.29 -2.89 -2.78 -2.7  -2.59
 -2.87 -2.62 -2.86 -2.55 -2.49 -3.01 -1.71 -3.07]	Time 72.32s
Add-Rate: 0.02
Success: 0.61
Steps-taken: 80.00
Comm-Action: [ 1.  1.  1.  1.  1.  1.  1.  1.  1.  1.  1.  1.  1.  1.  1.  1.  1.  1.
  1.  1.]
Epoch 118	Reward [-2.81 -2.28 -2.6  -2.46 -2.6  -2.21 -3.19 -2.77 -2.81 -2.3  -2.41 -2.68
 -2.85 -2.92 -2.28 -2.09 -3.07 -2.88 -2.95 -2.58]	Time 72.64s
Add-Rate: 0.02
Success: 0.64
Steps-taken: 80.00
Comm-Action: [ 1.  1.  1.  1.  1.  1.  1.  1.  1.  1.  1.  1.  1.  1.  1.  1.  1.  1.
  1.  1.]
Epoch 119	Reward [-2.73 -2.43 -3.32 -2.41 -2.6  -3.16 -2.31 -2.52 -2.66 -2.59 -2.84 -3.2
 -2.98 -2.3  -3.03 -3.12 -2.87 -3.26 -3.91 -2.6 ]	Time 72.68s
Add-Rate: 0.02
Success: 0.62
Steps-taken: 80.00
Comm-Action: [ 1.  1.  1.  1.  1.  1.  1.  1.  1.  1.  1.  1.  1.  1.  1.  1.  1.  1.
  1.  1.]
Epoch 120	Reward [-2.68 -2.76 -3.82 -2.03 -2.81 -2.54 -3.03 -3.01 -2.22 -2.9  -3.29 -2.91
 -2.9  -2.7  -2.63 -3.22 -2.9  -2.9  -2.64 -2.75]	Time 72.98s
Add-Rate: 0.02
Success: 0.63
Steps-taken: 80.00
Comm-Action: [ 1.  1.  1.  1.  1.  1.  1.  1.  1.  1.  1.  1.  1.  1.  1.  1.  1.  1.
  1.  1.]
Epoch 121	Reward [-2.69 -2.83 -2.34 -2.27 -2.95 -2.75 -2.61 -2.61 -2.51 -2.82 -2.93 -2.56
 -2.68 -2.65 -2.93 -2.67 -3.38 -3.11 -2.04 -2.06]	Time 72.29s
Add-Rate: 0.02
Success: 0.63
Steps-taken: 80.00
Comm-Action: [ 1.  1.  1.  1.  1.  1.  1.  1.  1.  1.  1.  1.  1.  1.  1.  1.  1.  1.
  1.  1.]
Epoch 122	Reward [-3.03 -2.26 -2.66 -2.38 -2.72 -2.34 -2.69 -3.05 -2.5  -2.58 -2.51 -2.7
 -2.54 -2.58 -2.69 -2.11 -2.92 -2.72 -2.49 -2.5 ]	Time 72.80s
Add-Rate: 0.02
Success: 0.65
Steps-taken: 80.00
Comm-Action: [ 1.  1.  1.  1.  1.  1.  1.  1.  1.  1.  1.  1.  1.  1.  1.  1.  1.  1.
  1.  1.]
Epoch 123	Reward [-2.79 -2.94 -2.62 -2.43 -2.86 -2.41 -2.66 -2.67 -2.79 -2.81 -2.6  -2.43
 -2.49 -2.42 -3.13 -2.17 -2.85 -2.79 -3.05 -2.91]	Time 71.75s
Add-Rate: 0.02
Success: 0.62
Steps-taken: 80.00
Comm-Action: [ 1.  1.  1.  1.  1.  1.  1.  1.  1.  1.  1.  1.  1.  1.  1.  1.  1.  1.
  1.  1.]
Epoch 124	Reward [-2.51 -1.81 -2.44 -2.46 -3.24 -2.88 -2.55 -1.8  -2.52 -2.37 -2.42 -2.31
 -2.52 -2.02 -2.05 -2.64 -2.38 -2.36 -3.38 -2.68]	Time 72.50s
Add-Rate: 0.02
Success: 0.66
Steps-taken: 80.00
Comm-Action: [ 1.  1.  1.  1.  1.  1.  1.  1.  1.  1.  1.  1.  1.  1.  1.  1.  1.  1.
  1.  1.]
Epoch 125	Reward [-2.65 -1.84 -2.83 -2.43 -3.11 -3.51 -2.55 -3.1  -2.77 -2.49 -2.6  -2.49
 -2.92 -2.46 -2.44 -2.49 -2.35 -1.88 -3.38 -2.35]	Time 72.30s
Add-Rate: 0.02
Success: 0.62
Steps-taken: 80.00
Comm-Action: [ 1.  1.  1.  1.  1.  1.  1.  1.  1.  1.  1.  1.  1.  1.  1.  1.  1.  1.
  1.  1.]
Epoch 126	Reward [-2.62 -2.32 -2.55 -3.04 -2.03 -2.03 -2.33 -2.45 -2.92 -3.16 -2.31 -2.41
 -2.91 -3.41 -2.09 -2.19 -2.76 -2.8  -2.48 -2.43]	Time 73.15s
Add-Rate: 0.02
Success: 0.63
Steps-taken: 80.00
Comm-Action: [ 1.  1.  1.  1.  1.  1.  1.  1.  1.  1.  1.  1.  1.  1.  1.  1.  1.  1.
  1.  1.]
Epoch 127	Reward [-2.33 -3.34 -2.23 -2.34 -2.49 -2.49 -2.41 -2.58 -2.63 -2.02 -1.88 -3.02
 -2.34 -2.62 -2.76 -2.55 -2.03 -2.85 -2.42 -2.59]	Time 72.23s
Add-Rate: 0.02
Success: 0.66
Steps-taken: 80.00
Comm-Action: [ 1.  1.  1.  1.  1.  1.  1.  1.  1.  1.  1.  1.  1.  1.  1.  1.  1.  1.
  1.  1.]
Epoch 128	Reward [-2.4  -2.86 -2.09 -2.85 -2.93 -2.86 -3.12 -2.76 -2.55 -2.92 -2.75 -2.4
 -2.16 -2.55 -2.32 -3.19 -2.93 -2.78 -2.62 -2.67]	Time 73.22s
Add-Rate: 0.02
Success: 0.64
Steps-taken: 80.00
Comm-Action: [ 1.  1.  1.  1.  1.  1.  1.  1.  1.  1.  1.  1.  1.  1.  1.  1.  1.  1.
  1.  1.]
Epoch 129	Reward [-2.34 -1.88 -2.5  -2.48 -2.97 -2.41 -2.73 -2.98 -1.99 -2.84 -2.6  -2.5
 -2.67 -2.88 -2.31 -2.62 -2.29 -2.54 -2.44 -2.28]	Time 72.86s
Add-Rate: 0.02
Success: 0.65
Steps-taken: 80.00
Comm-Action: [ 1.  1.  1.  1.  1.  1.  1.  1.  1.  1.  1.  1.  1.  1.  1.  1.  1.  1.
  1.  1.]
Epoch 130	Reward [-2.56 -3.19 -2.99 -2.61 -2.82 -2.54 -2.87 -2.64 -2.38 -2.59 -2.63 -2.52
 -2.96 -2.55 -3.47 -2.32 -2.65 -2.7  -2.98 -2.16]	Time 72.34s
Add-Rate: 0.02
Success: 0.64
Steps-taken: 80.00
Comm-Action: [ 1.  1.  1.  1.  1.  1.  1.  1.  1.  1.  1.  1.  1.  1.  1.  1.  1.  1.
  1.  1.]
Epoch 131	Reward [-2.3  -2.54 -2.42 -2.81 -2.71 -2.74 -2.68 -2.33 -2.59 -2.33 -2.25 -2.5
 -2.51 -2.56 -2.44 -3.04 -2.86 -2.29 -2.33 -2.24]	Time 72.70s
Add-Rate: 0.02
Success: 0.62
Steps-taken: 80.00
Comm-Action: [ 1.  1.  1.  1.  1.  1.  1.  1.  1.  1.  1.  1.  1.  1.  1.  1.  1.  1.
  1.  1.]
Epoch 132	Reward [-2.05 -2.85 -2.81 -2.89 -2.9  -3.19 -2.71 -2.38 -2.96 -3.42 -2.41 -2.45
 -3.24 -2.82 -3.34 -2.97 -3.26 -3.15 -3.   -2.45]	Time 72.12s
Add-Rate: 0.02
Success: 0.62
Steps-taken: 80.00
Comm-Action: [ 1.  1.  1.  1.  1.  1.  1.  1.  1.  1.  1.  1.  1.  1.  1.  1.  1.  1.
  1.  1.]
Epoch 133	Reward [-2.54 -2.73 -3.11 -2.84 -2.5  -2.85 -1.88 -2.31 -2.63 -2.43 -2.74 -2.21
 -2.61 -2.62 -2.57 -3.08 -2.75 -2.45 -2.76 -2.06]	Time 73.40s
Add-Rate: 0.02
Success: 0.66
Steps-taken: 80.00
Comm-Action: [ 1.  1.  1.  1.  1.  1.  1.  1.  1.  1.  1.  1.  1.  1.  1.  1.  1.  1.
  1.  1.]
Epoch 134	Reward [-2.78 -2.19 -2.67 -2.29 -2.45 -2.51 -2.54 -2.13 -3.09 -2.8  -2.6  -2.23
 -2.78 -2.12 -2.76 -3.14 -2.48 -2.07 -2.67 -2.57]	Time 73.30s
Add-Rate: 0.02
Success: 0.64
Steps-taken: 80.00
Comm-Action: [ 1.  1.  1.  1.  1.  1.  1.  1.  1.  1.  1.  1.  1.  1.  1.  1.  1.  1.
  1.  1.]
Epoch 135	Reward [-3.18 -3.25 -2.19 -2.77 -2.5  -2.4  -2.57 -3.26 -2.5  -2.62 -2.51 -2.33
 -2.27 -2.65 -2.55 -3.02 -2.28 -2.83 -2.31 -2.35]	Time 72.09s
Add-Rate: 0.02
Success: 0.64
Steps-taken: 80.00
Comm-Action: [ 1.  1.  1.  1.  1.  1.  1.  1.  1.  1.  1.  1.  1.  1.  1.  1.  1.  1.
  1.  1.]
Epoch 136	Reward [-2.88 -2.56 -2.37 -2.92 -2.22 -3.12 -2.76 -1.82 -3.48 -3.01 -2.95 -2.28
 -2.7  -2.63 -3.39 -3.02 -2.37 -2.28 -2.49 -2.81]	Time 73.27s
Add-Rate: 0.02
Success: 0.62
Steps-taken: 80.00
Comm-Action: [ 1.  1.  1.  1.  1.  1.  1.  1.  1.  1.  1.  1.  1.  1.  1.  1.  1.  1.
  1.  1.]
Epoch 137	Reward [-3.11 -2.92 -2.51 -2.6  -2.16 -2.98 -2.56 -2.72 -2.67 -2.76 -2.28 -2.48
 -2.72 -2.66 -2.51 -2.49 -2.47 -2.47 -2.59 -2.5 ]	Time 73.52s
Add-Rate: 0.02
Success: 0.65
Steps-taken: 80.00
Comm-Action: [ 1.  1.  1.  1.  1.  1.  1.  1.  1.  1.  1.  1.  1.  1.  1.  1.  1.  1.
  1.  1.]
Epoch 138	Reward [-2.75 -2.79 -2.28 -2.72 -2.55 -2.58 -2.57 -2.8  -2.28 -2.33 -2.98 -3.01
 -2.83 -2.69 -2.25 -2.76 -2.71 -2.85 -2.68 -2.25]	Time 71.85s
Add-Rate: 0.02
Success: 0.63
Steps-taken: 80.00
Comm-Action: [ 1.  1.  1.  1.  1.  1.  1.  1.  1.  1.  1.  1.  1.  1.  1.  1.  1.  1.
  1.  1.]
Epoch 139	Reward [-2.83 -2.62 -2.39 -3.29 -2.49 -2.45 -2.91 -2.62 -3.48 -2.5  -3.02 -2.87
 -2.34 -2.37 -2.97 -2.3  -3.01 -2.63 -2.75 -3.02]	Time 71.75s
Add-Rate: 0.02
Success: 0.64
Steps-taken: 80.00
Comm-Action: [ 1.  1.  1.  1.  1.  1.  1.  1.  1.  1.  1.  1.  1.  1.  1.  1.  1.  1.
  1.  1.]
Epoch 140	Reward [-2.56 -2.04 -3.3  -2.5  -2.2  -2.32 -2.95 -2.73 -2.4  -3.27 -2.94 -2.9
 -2.42 -2.61 -1.91 -2.96 -2.96 -2.77 -3.09 -2.33]	Time 73.46s
Add-Rate: 0.02
Success: 0.64
Steps-taken: 80.00
Comm-Action: [ 1.  1.  1.  1.  1.  1.  1.  1.  1.  1.  1.  1.  1.  1.  1.  1.  1.  1.
  1.  1.]
Epoch 141	Reward [-2.92 -2.39 -2.06 -2.57 -2.19 -3.18 -2.54 -2.67 -1.86 -2.74 -2.3  -2.4
 -2.25 -2.22 -2.55 -2.34 -2.9  -2.7  -2.02 -2.38]	Time 72.88s
Add-Rate: 0.02
Success: 0.64
Steps-taken: 80.00
Comm-Action: [ 1.  1.  1.  1.  1.  1.  1.  1.  1.  1.  1.  1.  1.  1.  1.  1.  1.  1.
  1.  1.]
Epoch 142	Reward [-2.68 -2.86 -3.32 -1.93 -3.58 -2.8  -2.02 -3.01 -2.58 -2.26 -2.92 -2.67
 -1.79 -2.89 -2.96 -3.04 -2.48 -3.15 -2.89 -3.25]	Time 72.64s
Add-Rate: 0.02
Success: 0.64
Steps-taken: 80.00
Comm-Action: [ 1.  1.  1.  1.  1.  1.  1.  1.  1.  1.  1.  1.  1.  1.  1.  1.  1.  1.
  1.  1.]
Epoch 143	Reward [-2.82 -2.83 -3.09 -2.25 -2.24 -2.72 -2.43 -2.67 -2.94 -2.47 -2.08 -2.65
 -2.82 -2.52 -2.62 -3.   -2.99 -2.69 -2.76 -2.99]	Time 74.03s
Add-Rate: 0.02
Success: 0.63
Steps-taken: 80.00
Comm-Action: [ 1.  1.  1.  1.  1.  1.  1.  1.  1.  1.  1.  1.  1.  1.  1.  1.  1.  1.
  1.  1.]
Epoch 144	Reward [-2.32 -2.33 -2.53 -2.4  -2.29 -2.57 -2.25 -2.16 -2.76 -2.43 -2.55 -2.58
 -1.92 -2.65 -2.47 -2.41 -2.39 -2.2  -2.66 -2.02]	Time 72.60s
Add-Rate: 0.02
Success: 0.64
Steps-taken: 80.00
Comm-Action: [ 1.  1.  1.  1.  1.  1.  1.  1.  1.  1.  1.  1.  1.  1.  1.  1.  1.  1.
  1.  1.]
Epoch 145	Reward [-3.22 -3.01 -2.36 -3.43 -2.84 -2.7  -3.03 -3.41 -2.36 -2.69 -2.93 -2.44
 -3.57 -2.9  -2.81 -3.16 -3.11 -2.75 -2.66 -2.54]	Time 73.87s
Add-Rate: 0.02
Success: 0.63
Steps-taken: 80.00
Comm-Action: [ 1.  1.  1.  1.  1.  1.  1.  1.  1.  1.  1.  1.  1.  1.  1.  1.  1.  1.
  1.  1.]
Epoch 146	Reward [-2.66 -2.39 -2.92 -2.89 -2.34 -2.32 -2.05 -2.68 -2.8  -2.29 -2.5  -2.3
 -2.46 -2.67 -2.58 -2.19 -1.91 -2.75 -2.61 -1.98]	Time 72.65s
Add-Rate: 0.02
Success: 0.65
Steps-taken: 80.00
Comm-Action: [ 1.  1.  1.  1.  1.  1.  1.  1.  1.  1.  1.  1.  1.  1.  1.  1.  1.  1.
  1.  1.]
Epoch 147	Reward [-2.17 -2.47 -2.37 -2.62 -2.96 -2.17 -2.23 -2.24 -2.41 -2.51 -3.03 -2.53
 -2.32 -2.67 -2.16 -3.23 -2.3  -2.32 -2.38 -2.01]	Time 72.51s
Add-Rate: 0.02
Success: 0.66
Steps-taken: 80.00
Comm-Action: [ 1.  1.  1.  1.  1.  1.  1.  1.  1.  1.  1.  1.  1.  1.  1.  1.  1.  1.
  1.  1.]
Epoch 148	Reward [-2.83 -2.69 -2.48 -2.5  -2.74 -3.13 -2.95 -2.74 -2.65 -2.86 -2.21 -2.22
 -2.72 -2.51 -2.42 -2.87 -2.75 -2.94 -2.25 -2.  ]	Time 72.29s
Add-Rate: 0.02
Success: 0.64
Steps-taken: 80.00
Comm-Action: [ 1.  1.  1.  1.  1.  1.  1.  1.  1.  1.  1.  1.  1.  1.  1.  1.  1.  1.
  1.  1.]
Epoch 149	Reward [-2.2  -3.02 -2.46 -2.28 -2.74 -2.67 -2.61 -2.1  -2.67 -3.11 -2.25 -2.37
 -2.44 -2.31 -2.24 -2.68 -2.49 -2.34 -2.84 -2.31]	Time 72.68s
Add-Rate: 0.02
Success: 0.67
Steps-taken: 80.00
Comm-Action: [ 1.  1.  1.  1.  1.  1.  1.  1.  1.  1.  1.  1.  1.  1.  1.  1.  1.  1.
  1.  1.]
Epoch 150	Reward [-2.44 -2.75 -2.39 -2.31 -2.71 -2.6  -2.28 -2.6  -2.42 -2.75 -2.67 -2.87
 -2.86 -2.57 -2.48 -2.22 -3.16 -2.   -2.38 -2.62]	Time 73.47s
Add-Rate: 0.02
Success: 0.65
Steps-taken: 80.00
Comm-Action: [ 1.  1.  1.  1.  1.  1.  1.  1.  1.  1.  1.  1.  1.  1.  1.  1.  1.  1.
  1.  1.]
Epoch 151	Reward [-2.99 -2.1  -2.2  -2.72 -2.18 -2.76 -2.29 -2.46 -2.94 -2.36 -1.97 -2.15
 -2.32 -2.08 -2.46 -1.86 -2.23 -2.61 -1.93 -2.22]	Time 73.13s
Add-Rate: 0.02
Success: 0.66
Steps-taken: 80.00
Comm-Action: [ 1.  1.  1.  1.  1.  1.  1.  1.  1.  1.  1.  1.  1.  1.  1.  1.  1.  1.
  1.  1.]
Epoch 152	Reward [-2.83 -2.82 -2.61 -3.8  -2.49 -2.91 -2.36 -3.1  -3.03 -2.6  -2.97 -3.21
 -2.96 -2.71 -2.6  -2.23 -2.2  -2.9  -2.59 -2.51]	Time 73.89s
Add-Rate: 0.02
Success: 0.63
Steps-taken: 80.00
Comm-Action: [ 1.  1.  1.  1.  1.  1.  1.  1.  1.  1.  1.  1.  1.  1.  1.  1.  1.  1.
  1.  1.]
Epoch 153	Reward [-2.44 -2.33 -2.8  -2.38 -2.68 -2.29 -2.73 -2.81 -2.99 -2.23 -2.32 -3.03
 -2.9  -2.86 -3.58 -3.07 -2.52 -3.23 -2.39 -2.96]	Time 72.74s
Add-Rate: 0.02
Success: 0.62
Steps-taken: 80.00
Comm-Action: [ 1.  1.  1.  1.  1.  1.  1.  1.  1.  1.  1.  1.  1.  1.  1.  1.  1.  1.
  1.  1.]
Epoch 154	Reward [-3.16 -2.98 -3.25 -2.41 -2.65 -3.03 -2.64 -3.06 -2.61 -2.79 -2.46 -2.78
 -2.94 -2.32 -2.1  -2.79 -2.76 -2.84 -2.86 -2.61]	Time 72.47s
Add-Rate: 0.02
Success: 0.61
Steps-taken: 80.00
Comm-Action: [ 1.  1.  1.  1.  1.  1.  1.  1.  1.  1.  1.  1.  1.  1.  1.  1.  1.  1.
  1.  1.]
Epoch 155	Reward [-2.29 -1.99 -2.53 -2.42 -3.13 -2.31 -2.3  -3.17 -3.1  -2.5  -2.28 -2.56
 -2.29 -3.16 -1.89 -2.07 -2.74 -2.59 -2.38 -2.76]	Time 72.30s
Add-Rate: 0.02
Success: 0.65
Steps-taken: 80.00
Comm-Action: [ 1.  1.  1.  1.  1.  1.  1.  1.  1.  1.  1.  1.  1.  1.  1.  1.  1.  1.
  1.  1.]
Epoch 156	Reward [-2.85 -2.41 -2.65 -2.32 -2.31 -2.34 -2.53 -2.91 -2.91 -3.38 -2.58 -2.66
 -2.86 -2.8  -2.98 -2.62 -2.35 -2.98 -2.2  -3.02]	Time 73.67s
Add-Rate: 0.02
Success: 0.63
Steps-taken: 80.00
Comm-Action: [ 1.  1.  1.  1.  1.  1.  1.  1.  1.  1.  1.  1.  1.  1.  1.  1.  1.  1.
  1.  1.]
Epoch 157	Reward [-2.1  -2.46 -2.52 -2.26 -2.55 -2.2  -2.71 -2.49 -2.91 -2.48 -2.   -2.96
 -2.75 -2.6  -1.95 -2.56 -2.14 -3.09 -2.13 -2.03]	Time 72.92s
Add-Rate: 0.02
Success: 0.66
Steps-taken: 80.00
Comm-Action: [ 1.  1.  1.  1.  1.  1.  1.  1.  1.  1.  1.  1.  1.  1.  1.  1.  1.  1.
  1.  1.]
Epoch 158	Reward [-2.6  -2.21 -2.66 -2.2  -2.69 -3.04 -3.07 -2.28 -1.93 -2.98 -2.98 -3.19
 -2.49 -2.57 -2.73 -3.05 -2.7  -2.23 -3.03 -2.33]	Time 72.44s
Add-Rate: 0.02
Success: 0.63
Steps-taken: 80.00
Comm-Action: [ 1.  1.  1.  1.  1.  1.  1.  1.  1.  1.  1.  1.  1.  1.  1.  1.  1.  1.
  1.  1.]
Epoch 159	Reward [-2.13 -2.43 -2.61 -2.59 -3.02 -2.04 -2.81 -2.68 -2.43 -2.55 -2.61 -2.57
 -2.2  -2.11 -2.53 -2.74 -2.57 -2.01 -3.37 -2.22]	Time 73.12s
Add-Rate: 0.02
Success: 0.64
Steps-taken: 80.00
Comm-Action: [ 1.  1.  1.  1.  1.  1.  1.  1.  1.  1.  1.  1.  1.  1.  1.  1.  1.  1.
  1.  1.]
Epoch 160	Reward [-1.97 -2.87 -2.6  -2.36 -2.15 -2.17 -2.93 -2.32 -2.62 -3.19 -2.6  -2.
 -2.66 -2.15 -2.54 -2.36 -2.01 -2.67 -2.72 -2.51]	Time 71.69s
Add-Rate: 0.02
Success: 0.64
Steps-taken: 80.00
Comm-Action: [ 1.  1.  1.  1.  1.  1.  1.  1.  1.  1.  1.  1.  1.  1.  1.  1.  1.  1.
  1.  1.]
Epoch 161	Reward [-2.73 -3.14 -2.62 -2.39 -2.27 -2.52 -2.58 -2.74 -2.07 -2.58 -2.96 -3.27
 -2.88 -2.69 -2.81 -2.55 -2.62 -2.92 -3.3  -3.16]	Time 72.46s
Add-Rate: 0.02
Success: 0.60
Steps-taken: 80.00
Comm-Action: [ 1.  1.  1.  1.  1.  1.  1.  1.  1.  1.  1.  1.  1.  1.  1.  1.  1.  1.
  1.  1.]
Epoch 162	Reward [-2.41 -2.37 -2.71 -2.82 -2.69 -1.9  -2.54 -2.1  -2.02 -3.22 -2.31 -2.67
 -2.38 -2.48 -3.06 -2.58 -2.95 -2.85 -2.51 -2.72]	Time 72.19s
Add-Rate: 0.02
Success: 0.64
Steps-taken: 80.00
Comm-Action: [ 1.  1.  1.  1.  1.  1.  1.  1.  1.  1.  1.  1.  1.  1.  1.  1.  1.  1.
  1.  1.]
Epoch 163	Reward [-2.59 -2.42 -2.91 -2.49 -2.58 -3.2  -2.65 -2.85 -2.11 -2.89 -2.06 -2.01
 -2.81 -2.69 -2.41 -3.19 -2.65 -3.35 -2.69 -2.75]	Time 72.95s
Add-Rate: 0.02
Success: 0.63
Steps-taken: 80.00
Comm-Action: [ 1.  1.  1.  1.  1.  1.  1.  1.  1.  1.  1.  1.  1.  1.  1.  1.  1.  1.
  1.  1.]
Epoch 164	Reward [-3.2  -3.36 -2.44 -2.4  -2.77 -2.55 -2.94 -3.88 -2.69 -2.84 -2.15 -3.31
 -2.92 -3.32 -3.34 -2.61 -2.41 -2.73 -2.9  -2.58]	Time 72.72s
Add-Rate: 0.02
Success: 0.60
Steps-taken: 80.00
Comm-Action: [ 1.  1.  1.  1.  1.  1.  1.  1.  1.  1.  1.  1.  1.  1.  1.  1.  1.  1.
  1.  1.]
Epoch 165	Reward [-2.69 -2.38 -3.   -2.99 -3.13 -2.79 -2.78 -2.93 -2.54 -2.79 -3.   -2.61
 -2.45 -3.17 -2.36 -2.88 -2.18 -2.38 -2.89 -2.39]	Time 72.61s
Add-Rate: 0.02
Success: 0.63
Steps-taken: 80.00
Comm-Action: [ 1.  1.  1.  1.  1.  1.  1.  1.  1.  1.  1.  1.  1.  1.  1.  1.  1.  1.
  1.  1.]
Epoch 166	Reward [-2.14 -2.82 -2.87 -2.29 -2.39 -2.42 -2.56 -2.5  -2.53 -2.58 -3.13 -2.2
 -3.09 -2.9  -1.96 -2.46 -2.15 -3.18 -2.95 -2.6 ]	Time 73.10s
Add-Rate: 0.02
Success: 0.65
Steps-taken: 80.00
Comm-Action: [ 1.  1.  1.  1.  1.  1.  1.  1.  1.  1.  1.  1.  1.  1.  1.  1.  1.  1.
  1.  1.]
Epoch 167	Reward [-1.72 -2.47 -2.5  -2.16 -1.99 -2.6  -3.15 -2.93 -2.23 -2.9  -3.01 -3.15
 -2.21 -2.72 -2.19 -2.67 -2.44 -2.45 -3.49 -3.26]	Time 72.55s
Add-Rate: 0.02
Success: 0.65
Steps-taken: 80.00
Comm-Action: [ 1.  1.  1.  1.  1.  1.  1.  1.  1.  1.  1.  1.  1.  1.  1.  1.  1.  1.
  1.  1.]
Epoch 168	Reward [-2.22 -2.2  -2.33 -3.21 -2.38 -2.69 -2.58 -2.65 -2.28 -2.04 -3.42 -2.11
 -2.97 -1.93 -2.04 -2.4  -2.15 -2.39 -2.22 -2.36]	Time 73.26s
Add-Rate: 0.02
Success: 0.66
Steps-taken: 80.00
Comm-Action: [ 1.  1.  1.  1.  1.  1.  1.  1.  1.  1.  1.  1.  1.  1.  1.  1.  1.  1.
  1.  1.]
Epoch 169	Reward [-2.29 -3.08 -2.6  -3.13 -2.81 -2.33 -2.73 -2.41 -2.46 -3.09 -1.95 -2.88
 -2.01 -2.35 -2.79 -2.66 -2.73 -3.1  -2.31 -2.16]	Time 72.30s
Add-Rate: 0.02
Success: 0.66
Steps-taken: 80.00
Comm-Action: [ 1.  1.  1.  1.  1.  1.  1.  1.  1.  1.  1.  1.  1.  1.  1.  1.  1.  1.
  1.  1.]
Epoch 170	Reward [-3.1  -2.32 -2.56 -3.06 -2.5  -3.01 -2.35 -3.08 -2.75 -2.66 -3.01 -2.7
 -2.8  -2.43 -2.51 -2.82 -2.43 -3.2  -3.16 -3.07]	Time 71.46s
Add-Rate: 0.02
Success: 0.62
Steps-taken: 80.00
Comm-Action: [ 1.  1.  1.  1.  1.  1.  1.  1.  1.  1.  1.  1.  1.  1.  1.  1.  1.  1.
  1.  1.]
Epoch 171	Reward [-2.47 -2.74 -2.48 -2.54 -2.29 -2.46 -2.38 -2.23 -2.93 -2.57 -2.27 -2.46
 -3.06 -2.29 -1.94 -2.37 -2.13 -2.18 -2.27 -2.47]	Time 72.27s
Add-Rate: 0.02
Success: 0.66
Steps-taken: 80.00
Comm-Action: [ 1.  1.  1.  1.  1.  1.  1.  1.  1.  1.  1.  1.  1.  1.  1.  1.  1.  1.
  1.  1.]
Epoch 172	Reward [-3.2  -2.69 -2.69 -2.53 -2.69 -2.76 -2.57 -2.32 -2.41 -2.52 -2.35 -2.36
 -2.54 -2.94 -3.03 -2.97 -3.   -2.73 -2.57 -2.63]	Time 72.84s
Add-Rate: 0.02
Success: 0.62
Steps-taken: 80.00
Comm-Action: [ 1.  1.  1.  1.  1.  1.  1.  1.  1.  1.  1.  1.  1.  1.  1.  1.  1.  1.
  1.  1.]
Epoch 173	Reward [-2.64 -2.95 -2.24 -2.51 -2.69 -2.93 -2.07 -2.73 -2.91 -3.01 -1.97 -2.97
 -2.37 -2.04 -2.63 -2.55 -2.06 -2.22 -2.32 -2.25]	Time 73.02s
Add-Rate: 0.02
Success: 0.64
Steps-taken: 80.00
Comm-Action: [ 1.  1.  1.  1.  1.  1.  1.  1.  1.  1.  1.  1.  1.  1.  1.  1.  1.  1.
  1.  1.]
Epoch 174	Reward [-2.88 -3.33 -2.43 -2.67 -2.44 -2.89 -2.77 -3.32 -2.29 -2.83 -2.06 -3.46
 -2.67 -2.35 -2.8  -2.94 -2.92 -1.92 -2.16 -2.78]	Time 73.28s
Add-Rate: 0.02
Success: 0.64
Steps-taken: 80.00
Comm-Action: [ 1.  1.  1.  1.  1.  1.  1.  1.  1.  1.  1.  1.  1.  1.  1.  1.  1.  1.
  1.  1.]
Epoch 175	Reward [-2.61 -2.8  -3.2  -2.97 -2.32 -2.51 -2.63 -2.62 -2.74 -2.55 -2.65 -2.38
 -2.78 -2.84 -2.57 -2.72 -2.44 -2.67 -2.84 -2.62]	Time 72.56s
Add-Rate: 0.02
Success: 0.64
Steps-taken: 80.00
Comm-Action: [ 1.  1.  1.  1.  1.  1.  1.  1.  1.  1.  1.  1.  1.  1.  1.  1.  1.  1.
  1.  1.]
Epoch 176	Reward [-2.12 -2.45 -2.4  -2.36 -2.21 -2.75 -2.48 -2.75 -2.68 -2.53 -2.44 -2.4
 -2.35 -2.67 -2.56 -2.01 -2.44 -2.72 -2.38 -2.44]	Time 72.85s
Add-Rate: 0.02
Success: 0.65
Steps-taken: 80.00
Comm-Action: [ 1.  1.  1.  1.  1.  1.  1.  1.  1.  1.  1.  1.  1.  1.  1.  1.  1.  1.
  1.  1.]
Epoch 177	Reward [-2.14 -2.82 -2.83 -2.72 -3.09 -2.43 -2.41 -2.67 -2.06 -2.07 -2.59 -2.64
 -2.53 -2.84 -2.54 -2.59 -2.5  -2.48 -2.38 -2.64]	Time 72.33s
Add-Rate: 0.02
Success: 0.64
Steps-taken: 80.00
Comm-Action: [ 1.  1.  1.  1.  1.  1.  1.  1.  1.  1.  1.  1.  1.  1.  1.  1.  1.  1.
  1.  1.]
Epoch 178	Reward [-2.68 -3.82 -2.61 -2.74 -2.5  -2.53 -2.78 -2.32 -3.14 -3.04 -2.95 -2.5
 -3.04 -3.28 -2.62 -2.19 -2.94 -3.08 -3.4  -2.52]	Time 72.93s
Add-Rate: 0.02
Success: 0.60
Steps-taken: 80.00
Comm-Action: [ 1.  1.  1.  1.  1.  1.  1.  1.  1.  1.  1.  1.  1.  1.  1.  1.  1.  1.
  1.  1.]
Epoch 179	Reward [-1.94 -2.59 -2.66 -2.25 -2.36 -2.46 -2.46 -2.1  -2.42 -2.33 -2.28 -2.26
 -2.35 -2.26 -2.83 -2.42 -3.08 -2.62 -2.29 -2.19]	Time 73.19s
Add-Rate: 0.02
Success: 0.64
Steps-taken: 80.00
Comm-Action: [ 1.  1.  1.  1.  1.  1.  1.  1.  1.  1.  1.  1.  1.  1.  1.  1.  1.  1.
  1.  1.]
Epoch 180	Reward [-2.24 -2.45 -2.14 -2.45 -3.2  -1.8  -3.71 -2.81 -2.81 -2.35 -2.26 -2.43
 -2.99 -2.76 -2.36 -3.22 -2.66 -3.02 -2.61 -3.04]	Time 73.32s
Add-Rate: 0.02
Success: 0.63
Steps-taken: 80.00
Comm-Action: [ 1.  1.  1.  1.  1.  1.  1.  1.  1.  1.  1.  1.  1.  1.  1.  1.  1.  1.
  1.  1.]
Epoch 181	Reward [-2.71 -2.49 -2.41 -3.29 -2.33 -2.76 -3.09 -3.01 -3.02 -2.56 -2.42 -3.01
 -2.22 -2.89 -3.07 -2.07 -2.35 -2.46 -2.4  -2.91]	Time 72.40s
Add-Rate: 0.02
Success: 0.63
Steps-taken: 80.00
Comm-Action: [ 1.  1.  1.  1.  1.  1.  1.  1.  1.  1.  1.  1.  1.  1.  1.  1.  1.  1.
  1.  1.]
Epoch 182	Reward [-2.75 -2.2  -2.18 -2.3  -2.41 -2.28 -2.1  -2.72 -2.91 -2.17 -2.79 -2.37
 -3.19 -2.76 -2.94 -2.28 -2.64 -2.7  -2.18 -2.95]	Time 72.42s
Add-Rate: 0.02
Success: 0.63
Steps-taken: 80.00
Comm-Action: [ 1.  1.  1.  1.  1.  1.  1.  1.  1.  1.  1.  1.  1.  1.  1.  1.  1.  1.
  1.  1.]
Epoch 183	Reward [-2.56 -2.8  -2.33 -2.39 -2.96 -2.36 -1.97 -2.68 -3.21 -2.3  -2.6  -2.65
 -2.35 -3.02 -2.43 -3.01 -2.56 -2.06 -2.27 -2.31]	Time 72.73s
Add-Rate: 0.02
Success: 0.67
Steps-taken: 80.00
Comm-Action: [ 1.  1.  1.  1.  1.  1.  1.  1.  1.  1.  1.  1.  1.  1.  1.  1.  1.  1.
  1.  1.]
Epoch 184	Reward [-2.57 -2.35 -2.7  -2.82 -2.58 -1.93 -2.49 -2.63 -2.5  -2.88 -2.28 -2.94
 -1.97 -2.3  -2.16 -2.39 -2.29 -3.11 -2.2  -2.29]	Time 71.88s
Add-Rate: 0.02
Success: 0.62
Steps-taken: 80.00
Comm-Action: [ 1.  1.  1.  1.  1.  1.  1.  1.  1.  1.  1.  1.  1.  1.  1.  1.  1.  1.
  1.  1.]
Epoch 185	Reward [-2.12 -2.62 -2.71 -2.79 -2.15 -2.6  -2.59 -2.96 -2.51 -2.69 -2.76 -2.61
 -3.34 -2.49 -2.56 -2.54 -3.52 -2.5  -2.41 -2.81]	Time 72.60s
Add-Rate: 0.02
Success: 0.63
Steps-taken: 80.00
Comm-Action: [ 1.  1.  1.  1.  1.  1.  1.  1.  1.  1.  1.  1.  1.  1.  1.  1.  1.  1.
  1.  1.]
Epoch 186	Reward [-2.51 -3.08 -2.39 -2.68 -2.38 -3.42 -3.53 -2.73 -2.42 -3.05 -2.8  -2.04
 -2.46 -2.66 -2.61 -2.33 -2.58 -2.52 -2.73 -2.37]	Time 71.73s
Add-Rate: 0.02
Success: 0.65
Steps-taken: 80.00
Comm-Action: [ 1.  1.  1.  1.  1.  1.  1.  1.  1.  1.  1.  1.  1.  1.  1.  1.  1.  1.
  1.  1.]
Epoch 187	Reward [-3.32 -2.44 -2.58 -2.52 -2.72 -2.5  -2.58 -2.51 -3.45 -2.27 -2.95 -1.84
 -2.96 -2.4  -2.65 -2.37 -2.63 -2.56 -2.69 -3.02]	Time 71.75s
Add-Rate: 0.02
Success: 0.64
Steps-taken: 80.00
Comm-Action: [ 1.  1.  1.  1.  1.  1.  1.  1.  1.  1.  1.  1.  1.  1.  1.  1.  1.  1.
  1.  1.]
Epoch 188	Reward [-3.   -2.58 -2.92 -2.77 -3.12 -2.36 -2.94 -2.59 -3.03 -2.07 -2.64 -2.84
 -2.61 -2.51 -2.94 -2.57 -2.29 -2.27 -3.33 -2.69]	Time 72.91s
Add-Rate: 0.02
Success: 0.63
Steps-taken: 80.00
Comm-Action: [ 1.  1.  1.  1.  1.  1.  1.  1.  1.  1.  1.  1.  1.  1.  1.  1.  1.  1.
  1.  1.]
Epoch 189	Reward [-3.26 -2.32 -2.97 -2.52 -2.44 -2.4  -2.22 -2.61 -2.3  -2.39 -2.02 -2.3
 -3.03 -2.37 -2.44 -2.78 -3.03 -2.91 -2.54 -2.14]	Time 72.93s
Add-Rate: 0.02
Success: 0.64
Steps-taken: 80.00
Comm-Action: [ 1.  1.  1.  1.  1.  1.  1.  1.  1.  1.  1.  1.  1.  1.  1.  1.  1.  1.
  1.  1.]
Epoch 190	Reward [-2.55 -2.24 -2.17 -2.05 -2.72 -2.33 -2.34 -2.83 -2.64 -2.85 -2.47 -2.83
 -2.17 -3.12 -2.72 -3.09 -2.49 -2.27 -2.93 -2.18]	Time 72.37s
Add-Rate: 0.02
Success: 0.65
Steps-taken: 80.00
Comm-Action: [ 1.  1.  1.  1.  1.  1.  1.  1.  1.  1.  1.  1.  1.  1.  1.  1.  1.  1.
  1.  1.]
Epoch 191	Reward [-2.17 -2.62 -2.59 -3.48 -2.57 -2.09 -2.52 -2.64 -2.23 -3.48 -3.3  -3.08
 -2.38 -2.87 -2.8  -3.07 -2.28 -2.83 -2.45 -2.54]	Time 71.26s
Add-Rate: 0.02
Success: 0.66
Steps-taken: 80.00
Comm-Action: [ 1.  1.  1.  1.  1.  1.  1.  1.  1.  1.  1.  1.  1.  1.  1.  1.  1.  1.
  1.  1.]
Epoch 192	Reward [-2.22 -2.05 -2.47 -2.54 -2.43 -2.52 -2.39 -2.78 -2.66 -3.24 -2.95 -3.18
 -2.16 -2.22 -2.88 -2.24 -2.44 -2.77 -2.72 -2.77]	Time 72.34s
Add-Rate: 0.02
Success: 0.62
Steps-taken: 80.00
Comm-Action: [ 1.  1.  1.  1.  1.  1.  1.  1.  1.  1.  1.  1.  1.  1.  1.  1.  1.  1.
  1.  1.]
Epoch 193	Reward [-3.01 -3.   -2.72 -2.77 -2.87 -1.89 -3.19 -2.38 -2.62 -2.69 -2.64 -2.8
 -2.75 -2.57 -2.55 -2.46 -2.94 -2.55 -3.22 -2.67]	Time 73.27s
Add-Rate: 0.02
Success: 0.64
Steps-taken: 80.00
Comm-Action: [ 1.  1.  1.  1.  1.  1.  1.  1.  1.  1.  1.  1.  1.  1.  1.  1.  1.  1.
  1.  1.]
Epoch 194	Reward [-2.68 -2.5  -2.54 -2.22 -2.25 -2.58 -2.3  -2.12 -2.59 -2.04 -2.13 -2.34
 -2.39 -2.79 -2.69 -3.1  -2.56 -2.7  -1.97 -2.2 ]	Time 73.35s
Add-Rate: 0.02
Success: 0.66
Steps-taken: 80.00
Comm-Action: [ 1.  1.  1.  1.  1.  1.  1.  1.  1.  1.  1.  1.  1.  1.  1.  1.  1.  1.
  1.  1.]
Epoch 195	Reward [-2.74 -2.64 -2.35 -2.88 -2.6  -1.83 -2.91 -2.42 -2.72 -2.54 -2.93 -3.2
 -2.76 -2.56 -2.57 -1.75 -2.04 -2.64 -2.68 -2.07]	Time 72.17s
Add-Rate: 0.02
Success: 0.64
Steps-taken: 80.00
Comm-Action: [ 1.  1.  1.  1.  1.  1.  1.  1.  1.  1.  1.  1.  1.  1.  1.  1.  1.  1.
  1.  1.]
Epoch 196	Reward [-2.77 -3.53 -2.41 -2.21 -3.26 -2.72 -3.02 -2.64 -2.95 -2.09 -2.55 -2.72
 -2.3  -2.64 -2.74 -2.74 -2.74 -3.12 -3.46 -2.42]	Time 72.51s
Add-Rate: 0.02
Success: 0.61
Steps-taken: 80.00
Comm-Action: [ 1.  1.  1.  1.  1.  1.  1.  1.  1.  1.  1.  1.  1.  1.  1.  1.  1.  1.
  1.  1.]
Epoch 197	Reward [-2.98 -2.59 -2.58 -2.2  -2.32 -2.86 -2.46 -2.39 -3.09 -2.64 -3.16 -2.01
 -2.68 -2.03 -2.88 -2.66 -2.37 -2.06 -2.69 -2.27]	Time 71.76s
Add-Rate: 0.02
Success: 0.63
Steps-taken: 80.00
Comm-Action: [ 1.  1.  1.  1.  1.  1.  1.  1.  1.  1.  1.  1.  1.  1.  1.  1.  1.  1.
  1.  1.]
Epoch 198	Reward [-2.86 -3.23 -2.16 -2.92 -2.73 -2.82 -2.41 -3.02 -2.74 -2.68 -2.48 -2.75
 -2.27 -2.89 -2.47 -2.01 -2.8  -2.92 -2.41 -2.88]	Time 72.97s
Add-Rate: 0.02
Success: 0.64
Steps-taken: 80.00
Comm-Action: [ 1.  1.  1.  1.  1.  1.  1.  1.  1.  1.  1.  1.  1.  1.  1.  1.  1.  1.
  1.  1.]
Epoch 199	Reward [-2.61 -2.76 -2.6  -2.13 -2.31 -2.97 -2.74 -3.12 -2.72 -2.59 -2.2  -2.27
 -2.63 -2.83 -2.42 -2.4  -3.11 -2.75 -2.18 -2.19]	Time 72.65s
Add-Rate: 0.02
Success: 0.64
Steps-taken: 80.00
Comm-Action: [ 1.  1.  1.  1.  1.  1.  1.  1.  1.  1.  1.  1.  1.  1.  1.  1.  1.  1.
  1.  1.]
Epoch 200	Reward [-2.47 -3.33 -2.43 -2.39 -2.34 -2.65 -2.23 -2.22 -2.66 -2.39 -2.74 -2.7
 -2.91 -2.31 -2.93 -2.35 -1.97 -2.93 -2.89 -2.44]	Time 71.82s
Add-Rate: 0.02
Success: 0.64
Steps-taken: 80.00
Comm-Action: [ 1.  1.  1.  1.  1.  1.  1.  1.  1.  1.  1.  1.  1.  1.  1.  1.  1.  1.
  1.  1.]
Epoch 201	Reward [-2.51 -2.99 -3.03 -2.6  -2.69 -2.68 -2.68 -2.93 -2.99 -2.77 -2.64 -3.17
 -2.6  -2.08 -2.44 -2.41 -2.69 -3.03 -2.43 -3.22]	Time 73.07s
Add-Rate: 0.02
Success: 0.62
Steps-taken: 80.00
Comm-Action: [ 1.  1.  1.  1.  1.  1.  1.  1.  1.  1.  1.  1.  1.  1.  1.  1.  1.  1.
  1.  1.]
Epoch 202	Reward [-2.64 -2.4  -2.43 -2.43 -2.76 -2.26 -1.9  -2.6  -2.17 -2.95 -2.78 -1.85
 -2.41 -2.9  -2.62 -2.48 -2.68 -2.98 -2.66 -3.06]	Time 72.87s
Add-Rate: 0.02
Success: 0.65
Steps-taken: 80.00
Comm-Action: [ 1.  1.  1.  1.  1.  1.  1.  1.  1.  1.  1.  1.  1.  1.  1.  1.  1.  1.
  1.  1.]
Epoch 203	Reward [-2.5  -2.56 -2.66 -2.68 -2.69 -2.57 -2.45 -2.86 -2.66 -3.37 -2.08 -2.54
 -2.32 -2.96 -2.2  -3.04 -2.31 -2.37 -2.56 -2.42]	Time 72.44s
Add-Rate: 0.02
Success: 0.63
Steps-taken: 80.00
Comm-Action: [ 1.  1.  1.  1.  1.  1.  1.  1.  1.  1.  1.  1.  1.  1.  1.  1.  1.  1.
  1.  1.]
Epoch 204	Reward [-2.77 -2.26 -2.84 -2.99 -2.33 -2.12 -2.6  -2.27 -3.04 -2.64 -2.73 -2.06
 -2.77 -2.51 -2.71 -2.29 -2.89 -2.84 -1.85 -2.75]	Time 71.48s
Add-Rate: 0.02
Success: 0.63
Steps-taken: 80.00
Comm-Action: [ 1.  1.  1.  1.  1.  1.  1.  1.  1.  1.  1.  1.  1.  1.  1.  1.  1.  1.
  1.  1.]
Epoch 205	Reward [-2.21 -2.23 -2.75 -3.22 -2.23 -2.32 -2.96 -1.88 -2.88 -3.2  -2.43 -2.17
 -2.39 -2.12 -3.44 -2.06 -2.29 -2.95 -2.42 -2.16]	Time 72.75s
Add-Rate: 0.02
Success: 0.64
Steps-taken: 80.00
Comm-Action: [ 1.  1.  1.  1.  1.  1.  1.  1.  1.  1.  1.  1.  1.  1.  1.  1.  1.  1.
  1.  1.]
Epoch 206	Reward [-2.43 -2.94 -2.91 -2.91 -2.68 -2.43 -2.62 -3.25 -2.84 -3.2  -2.68 -2.51
 -2.36 -2.59 -2.84 -2.81 -2.95 -2.61 -2.73 -3.47]	Time 74.15s
Add-Rate: 0.02
Success: 0.62
Steps-taken: 80.00
Comm-Action: [ 1.  1.  1.  1.  1.  1.  1.  1.  1.  1.  1.  1.  1.  1.  1.  1.  1.  1.
  1.  1.]
Epoch 207	Reward [-2.35 -3.28 -3.28 -2.43 -3.3  -2.82 -2.4  -2.65 -2.73 -2.73 -2.55 -2.49
 -3.15 -2.94 -1.92 -2.59 -2.87 -1.77 -2.75 -2.76]	Time 73.74s
Add-Rate: 0.02
Success: 0.64
Steps-taken: 80.00
Comm-Action: [ 1.  1.  1.  1.  1.  1.  1.  1.  1.  1.  1.  1.  1.  1.  1.  1.  1.  1.
  1.  1.]
Epoch 208	Reward [-2.41 -2.28 -2.21 -2.37 -2.43 -2.11 -3.1  -2.55 -2.77 -2.95 -2.57 -2.32
 -3.18 -2.79 -3.31 -2.69 -2.63 -2.29 -2.85 -2.67]	Time 72.19s
Add-Rate: 0.02
Success: 0.62
Steps-taken: 80.00
Comm-Action: [ 1.  1.  1.  1.  1.  1.  1.  1.  1.  1.  1.  1.  1.  1.  1.  1.  1.  1.
  1.  1.]
Epoch 209	Reward [-3.19 -2.84 -3.23 -3.28 -3.02 -2.29 -2.98 -2.97 -2.8  -2.25 -2.91 -2.36
 -2.35 -2.42 -3.55 -3.26 -2.82 -2.77 -2.54 -2.61]	Time 72.69s
Add-Rate: 0.02
Success: 0.61
Steps-taken: 80.00
Comm-Action: [ 1.  1.  1.  1.  1.  1.  1.  1.  1.  1.  1.  1.  1.  1.  1.  1.  1.  1.
  1.  1.]
Epoch 210	Reward [-3.09 -2.73 -2.6  -2.52 -2.65 -2.19 -3.16 -2.46 -2.04 -2.29 -3.17 -2.92
 -2.5  -2.34 -2.68 -2.79 -3.22 -2.77 -2.65 -1.77]	Time 72.87s
Add-Rate: 0.02
Success: 0.63
Steps-taken: 80.00
Comm-Action: [ 1.  1.  1.  1.  1.  1.  1.  1.  1.  1.  1.  1.  1.  1.  1.  1.  1.  1.
  1.  1.]
Epoch 211	Reward [-2.36 -2.38 -2.98 -2.55 -2.92 -2.95 -2.51 -2.37 -2.25 -2.87 -2.51 -2.46
 -3.34 -3.33 -2.81 -2.74 -2.6  -2.5  -2.92 -2.49]	Time 73.09s
Add-Rate: 0.02
Success: 0.64
Steps-taken: 80.00
Comm-Action: [ 1.  1.  1.  1.  1.  1.  1.  1.  1.  1.  1.  1.  1.  1.  1.  1.  1.  1.
  1.  1.]
Epoch 212	Reward [-2.39 -2.48 -2.67 -2.7  -2.14 -2.86 -2.61 -2.41 -3.24 -1.79 -2.81 -2.49
 -2.52 -3.04 -2.87 -3.29 -2.42 -2.52 -2.31 -2.46]	Time 75.04s
Add-Rate: 0.02
Success: 0.62
Steps-taken: 80.00
Comm-Action: [ 1.  1.  1.  1.  1.  1.  1.  1.  1.  1.  1.  1.  1.  1.  1.  1.  1.  1.
  1.  1.]
Epoch 213	Reward [-2.89 -2.99 -2.68 -2.38 -2.49 -2.31 -3.01 -2.6  -2.75 -2.27 -2.67 -2.97
 -2.28 -2.54 -2.51 -2.87 -2.71 -2.83 -2.8  -3.47]	Time 73.53s
Add-Rate: 0.02
Success: 0.64
Steps-taken: 80.00
Comm-Action: [ 1.  1.  1.  1.  1.  1.  1.  1.  1.  1.  1.  1.  1.  1.  1.  1.  1.  1.
  1.  1.]
Epoch 214	Reward [-2.6  -2.39 -2.39 -2.68 -2.85 -2.22 -2.36 -2.57 -2.14 -2.42 -2.62 -2.99
 -3.05 -2.55 -2.42 -2.2  -2.15 -2.43 -2.9  -2.52]	Time 73.37s
Add-Rate: 0.02
Success: 0.64
Steps-taken: 80.00
Comm-Action: [ 1.  1.  1.  1.  1.  1.  1.  1.  1.  1.  1.  1.  1.  1.  1.  1.  1.  1.
  1.  1.]
Epoch 215	Reward [-2.63 -2.44 -2.72 -2.75 -2.46 -2.68 -2.63 -2.48 -2.29 -2.99 -2.64 -2.59
 -3.31 -2.54 -2.73 -2.64 -2.18 -2.07 -2.79 -3.25]	Time 72.46s
Add-Rate: 0.02
Success: 0.63
Steps-taken: 80.00
Comm-Action: [ 1.  1.  1.  1.  1.  1.  1.  1.  1.  1.  1.  1.  1.  1.  1.  1.  1.  1.
  1.  1.]
Epoch 216	Reward [-3.05 -2.9  -2.38 -2.61 -2.22 -3.13 -2.63 -2.64 -3.08 -3.2  -2.43 -2.78
 -3.11 -2.82 -2.8  -2.82 -2.46 -2.85 -2.24 -2.29]	Time 72.64s
Add-Rate: 0.02
Success: 0.63
Steps-taken: 80.00
Comm-Action: [ 1.  1.  1.  1.  1.  1.  1.  1.  1.  1.  1.  1.  1.  1.  1.  1.  1.  1.
  1.  1.]
Epoch 217	Reward [-2.39 -2.83 -2.49 -2.21 -2.2  -2.61 -2.53 -2.94 -2.72 -2.71 -2.46 -2.82
 -2.84 -3.09 -3.05 -2.84 -2.51 -2.37 -2.91 -2.89]	Time 72.26s
Add-Rate: 0.02
Success: 0.66
Steps-taken: 80.00
Comm-Action: [ 1.  1.  1.  1.  1.  1.  1.  1.  1.  1.  1.  1.  1.  1.  1.  1.  1.  1.
  1.  1.]
Epoch 218	Reward [-2.75 -2.8  -2.44 -2.11 -2.3  -2.53 -2.41 -2.18 -1.98 -2.52 -2.69 -2.61
 -2.69 -2.57 -2.7  -2.59 -2.41 -2.29 -2.98 -2.56]	Time 73.23s
Add-Rate: 0.02
Success: 0.65
Steps-taken: 80.00
Comm-Action: [ 1.  1.  1.  1.  1.  1.  1.  1.  1.  1.  1.  1.  1.  1.  1.  1.  1.  1.
  1.  1.]
Epoch 219	Reward [-2.88 -3.38 -2.09 -2.67 -2.1  -2.95 -2.83 -2.96 -2.6  -2.5  -2.12 -2.8
 -2.31 -2.44 -3.34 -2.65 -2.13 -2.65 -1.97 -2.62]	Time 73.53s
Add-Rate: 0.02
Success: 0.64
Steps-taken: 80.00
Comm-Action: [ 1.  1.  1.  1.  1.  1.  1.  1.  1.  1.  1.  1.  1.  1.  1.  1.  1.  1.
  1.  1.]
Epoch 220	Reward [-3.11 -2.62 -2.52 -2.33 -2.13 -2.34 -2.37 -2.8  -2.84 -2.69 -2.24 -2.73
 -2.53 -2.88 -2.81 -3.55 -2.18 -2.69 -2.29 -2.29]	Time 75.18s
Add-Rate: 0.02
Success: 0.65
Steps-taken: 80.00
Comm-Action: [ 1.  1.  1.  1.  1.  1.  1.  1.  1.  1.  1.  1.  1.  1.  1.  1.  1.  1.
  1.  1.]
Epoch 221	Reward [-2.41 -2.69 -2.11 -2.12 -2.72 -2.76 -1.96 -2.58 -2.18 -2.55 -2.29 -2.38
 -1.96 -2.25 -2.83 -2.71 -2.7  -2.46 -2.47 -2.23]	Time 73.28s
Add-Rate: 0.02
Success: 0.66
Steps-taken: 80.00
Comm-Action: [ 1.  1.  1.  1.  1.  1.  1.  1.  1.  1.  1.  1.  1.  1.  1.  1.  1.  1.
  1.  1.]
Epoch 222	Reward [-2.56 -1.94 -3.04 -3.25 -3.02 -2.29 -2.63 -2.99 -2.2  -2.19 -3.23 -2.42
 -2.67 -2.37 -2.53 -2.54 -2.33 -2.37 -2.28 -2.33]	Time 73.44s
Add-Rate: 0.02
Success: 0.63
Steps-taken: 80.00
Comm-Action: [ 1.  1.  1.  1.  1.  1.  1.  1.  1.  1.  1.  1.  1.  1.  1.  1.  1.  1.
  1.  1.]
Epoch 223	Reward [-2.55 -1.88 -3.15 -2.57 -2.62 -3.07 -2.7  -2.68 -2.44 -3.21 -2.39 -2.49
 -3.12 -3.14 -3.24 -3.02 -2.8  -2.89 -2.18 -3.49]	Time 72.17s
Add-Rate: 0.02
Success: 0.63
Steps-taken: 80.00
Comm-Action: [ 1.  1.  1.  1.  1.  1.  1.  1.  1.  1.  1.  1.  1.  1.  1.  1.  1.  1.
  1.  1.]
Epoch 224	Reward [-2.59 -3.24 -2.7  -2.42 -2.44 -2.94 -2.52 -2.95 -1.77 -2.9  -2.51 -2.85
 -2.16 -2.36 -2.73 -2.25 -2.68 -3.11 -1.99 -2.51]	Time 73.12s
Add-Rate: 0.02
Success: 0.65
Steps-taken: 80.00
Comm-Action: [ 1.  1.  1.  1.  1.  1.  1.  1.  1.  1.  1.  1.  1.  1.  1.  1.  1.  1.
  1.  1.]
Epoch 225	Reward [-2.81 -2.4  -2.39 -2.29 -2.49 -2.25 -2.5  -2.83 -2.54 -2.32 -2.45 -1.85
 -2.53 -2.06 -2.07 -1.93 -2.32 -2.2  -2.54 -2.1 ]	Time 72.96s
Add-Rate: 0.02
Success: 0.65
Steps-taken: 80.00
Comm-Action: [ 1.  1.  1.  1.  1.  1.  1.  1.  1.  1.  1.  1.  1.  1.  1.  1.  1.  1.
  1.  1.]
Epoch 226	Reward [-2.78 -2.71 -2.66 -3.12 -2.72 -3.59 -2.94 -2.59 -2.78 -2.82 -2.29 -2.49
 -2.58 -2.23 -3.24 -2.71 -2.94 -2.88 -2.62 -2.36]	Time 73.02s
Add-Rate: 0.02
Success: 0.65
Steps-taken: 80.00
Comm-Action: [ 1.  1.  1.  1.  1.  1.  1.  1.  1.  1.  1.  1.  1.  1.  1.  1.  1.  1.
  1.  1.]
Epoch 227	Reward [-2.4  -2.87 -2.99 -2.05 -2.64 -3.09 -3.4  -2.65 -2.74 -2.18 -1.77 -2.36
 -2.39 -2.65 -2.9  -2.95 -2.38 -2.82 -3.07 -2.78]	Time 72.96s
Add-Rate: 0.02
Success: 0.64
Steps-taken: 80.00
Comm-Action: [ 1.  1.  1.  1.  1.  1.  1.  1.  1.  1.  1.  1.  1.  1.  1.  1.  1.  1.
  1.  1.]
Epoch 228	Reward [-2.84 -2.53 -2.63 -2.15 -2.56 -2.81 -2.87 -3.27 -2.55 -2.38 -2.67 -2.77
 -2.67 -2.16 -2.66 -2.74 -2.81 -2.33 -2.95 -2.31]	Time 73.40s
Add-Rate: 0.02
Success: 0.63
Steps-taken: 80.00
Comm-Action: [ 1.  1.  1.  1.  1.  1.  1.  1.  1.  1.  1.  1.  1.  1.  1.  1.  1.  1.
  1.  1.]
Epoch 229	Reward [-2.33 -2.4  -2.32 -2.58 -2.39 -2.37 -2.02 -2.81 -2.36 -2.09 -2.15 -2.81
 -1.99 -2.08 -2.4  -2.26 -2.42 -2.66 -2.76 -2.52]	Time 71.89s
Add-Rate: 0.02
Success: 0.67
Steps-taken: 80.00
Comm-Action: [ 1.  1.  1.  1.  1.  1.  1.  1.  1.  1.  1.  1.  1.  1.  1.  1.  1.  1.
  1.  1.]
Epoch 230	Reward [-2.76 -2.25 -1.71 -2.46 -2.53 -2.29 -2.24 -2.62 -2.78 -3.18 -2.5  -2.37
 -2.94 -2.01 -2.92 -2.6  -2.25 -2.33 -2.28 -3.09]	Time 72.23s
Add-Rate: 0.02
Success: 0.66
Steps-taken: 80.00
Comm-Action: [ 1.  1.  1.  1.  1.  1.  1.  1.  1.  1.  1.  1.  1.  1.  1.  1.  1.  1.
  1.  1.]
Epoch 231	Reward [-2.64 -2.62 -2.68 -2.97 -2.13 -2.61 -2.28 -2.71 -2.19 -2.82 -2.67 -2.77
 -2.86 -2.06 -3.29 -2.77 -2.84 -2.79 -2.84 -2.55]	Time 73.10s
Add-Rate: 0.02
Success: 0.63
Steps-taken: 80.00
Comm-Action: [ 1.  1.  1.  1.  1.  1.  1.  1.  1.  1.  1.  1.  1.  1.  1.  1.  1.  1.
  1.  1.]
Epoch 232	Reward [-2.19 -2.26 -2.15 -2.49 -2.32 -2.2  -1.86 -2.43 -2.31 -2.07 -2.27 -2.56
 -3.05 -2.17 -1.89 -2.36 -2.59 -2.17 -2.54 -2.74]	Time 72.69s
Add-Rate: 0.02
Success: 0.65
Steps-taken: 80.00
Comm-Action: [ 1.  1.  1.  1.  1.  1.  1.  1.  1.  1.  1.  1.  1.  1.  1.  1.  1.  1.
  1.  1.]
Epoch 233	Reward [-2.51 -2.82 -2.75 -3.15 -2.97 -3.04 -2.35 -2.65 -2.65 -2.67 -2.79 -2.27
 -2.57 -2.3  -2.55 -2.22 -2.2  -2.54 -1.96 -1.97]	Time 73.54s
Add-Rate: 0.02
Success: 0.64
Steps-taken: 80.00
Comm-Action: [ 1.  1.  1.  1.  1.  1.  1.  1.  1.  1.  1.  1.  1.  1.  1.  1.  1.  1.
  1.  1.]
Epoch 234	Reward [-3.03 -2.61 -3.11 -2.71 -3.1  -3.26 -2.32 -2.93 -2.57 -2.59 -2.19 -2.96
 -2.55 -2.03 -2.53 -2.7  -2.64 -2.72 -2.63 -2.66]	Time 72.01s
Add-Rate: 0.02
Success: 0.64
Steps-taken: 80.00
Comm-Action: [ 1.  1.  1.  1.  1.  1.  1.  1.  1.  1.  1.  1.  1.  1.  1.  1.  1.  1.
  1.  1.]
Epoch 235	Reward [-2.41 -2.33 -2.72 -2.13 -2.77 -3.12 -2.57 -2.86 -2.44 -2.61 -2.35 -2.37
 -2.45 -2.26 -2.82 -2.22 -3.02 -2.55 -2.1  -2.78]	Time 72.92s
Add-Rate: 0.02
Success: 0.66
Steps-taken: 80.00
Comm-Action: [ 1.  1.  1.  1.  1.  1.  1.  1.  1.  1.  1.  1.  1.  1.  1.  1.  1.  1.
  1.  1.]
Epoch 236	Reward [-2.36 -2.87 -3.   -2.64 -2.31 -2.59 -2.64 -2.74 -2.54 -2.95 -2.47 -2.25
 -1.7  -2.34 -2.21 -2.66 -2.31 -2.45 -2.79 -2.43]	Time 73.70s
Add-Rate: 0.02
Success: 0.64
Steps-taken: 80.00
Comm-Action: [ 1.  1.  1.  1.  1.  1.  1.  1.  1.  1.  1.  1.  1.  1.  1.  1.  1.  1.
  1.  1.]
Epoch 237	Reward [-3.56 -2.32 -2.41 -2.66 -2.58 -2.38 -2.52 -3.54 -2.88 -2.67 -2.43 -2.5
 -2.55 -2.3  -1.96 -2.62 -2.12 -3.01 -2.91 -2.77]	Time 72.16s
Add-Rate: 0.02
Success: 0.64
Steps-taken: 80.00
Comm-Action: [ 1.  1.  1.  1.  1.  1.  1.  1.  1.  1.  1.  1.  1.  1.  1.  1.  1.  1.
  1.  1.]
Epoch 238	Reward [-2.51 -1.95 -2.81 -2.92 -3.04 -2.65 -3.02 -2.44 -2.5  -2.87 -2.98 -2.79
 -2.59 -3.42 -3.22 -2.69 -2.57 -3.35 -3.2  -2.69]	Time 72.63s
Add-Rate: 0.02
Success: 0.63
Steps-taken: 80.00
Comm-Action: [ 1.  1.  1.  1.  1.  1.  1.  1.  1.  1.  1.  1.  1.  1.  1.  1.  1.  1.
  1.  1.]
Epoch 239	Reward [-2.48 -2.78 -2.27 -2.65 -2.61 -2.46 -2.88 -2.23 -2.35 -2.98 -2.49 -3.
 -2.76 -2.14 -2.55 -2.61 -2.38 -2.23 -2.82 -2.04]	Time 73.52s
Add-Rate: 0.02
Success: 0.65
Steps-taken: 80.00
Comm-Action: [ 1.  1.  1.  1.  1.  1.  1.  1.  1.  1.  1.  1.  1.  1.  1.  1.  1.  1.
  1.  1.]
Epoch 240	Reward [-2.99 -2.91 -2.41 -2.84 -2.35 -2.56 -2.54 -2.95 -2.9  -3.48 -3.32 -2.51
 -2.96 -3.28 -3.59 -2.37 -2.57 -2.55 -2.48 -2.75]	Time 72.67s
Add-Rate: 0.02
Success: 0.62
Steps-taken: 80.00
Comm-Action: [ 1.  1.  1.  1.  1.  1.  1.  1.  1.  1.  1.  1.  1.  1.  1.  1.  1.  1.
  1.  1.]
Epoch 241	Reward [-2.39 -2.51 -2.35 -2.24 -2.7  -3.   -2.69 -2.42 -2.39 -2.74 -2.06 -2.71
 -2.29 -2.58 -2.16 -2.2  -2.35 -2.37 -2.61 -2.96]	Time 72.69s
Add-Rate: 0.02
Success: 0.65
Steps-taken: 80.00
Comm-Action: [ 1.  1.  1.  1.  1.  1.  1.  1.  1.  1.  1.  1.  1.  1.  1.  1.  1.  1.
  1.  1.]
Epoch 242	Reward [-2.7  -2.58 -3.03 -2.98 -3.   -2.32 -2.9  -2.24 -2.96 -2.31 -2.81 -2.99
 -2.19 -2.82 -2.95 -2.14 -2.68 -2.71 -2.57 -2.74]	Time 72.49s
Add-Rate: 0.02
Success: 0.64
Steps-taken: 80.00
Comm-Action: [ 1.  1.  1.  1.  1.  1.  1.  1.  1.  1.  1.  1.  1.  1.  1.  1.  1.  1.
  1.  1.]
Epoch 243	Reward [-2.43 -2.86 -2.28 -2.61 -2.55 -2.19 -3.03 -2.4  -2.71 -2.06 -2.74 -2.47
 -2.73 -2.8  -2.31 -2.38 -2.49 -3.   -2.57 -2.95]	Time 73.06s
Add-Rate: 0.02
Success: 0.64
Steps-taken: 80.00
Comm-Action: [ 1.  1.  1.  1.  1.  1.  1.  1.  1.  1.  1.  1.  1.  1.  1.  1.  1.  1.
  1.  1.]
Epoch 244	Reward [-2.63 -2.76 -2.4  -2.57 -2.75 -3.15 -3.4  -2.61 -2.52 -2.47 -2.79 -2.18
 -2.67 -2.28 -2.54 -2.72 -3.   -2.74 -3.1  -2.73]	Time 72.57s
Add-Rate: 0.02
Success: 0.62
Steps-taken: 80.00
Comm-Action: [ 1.  1.  1.  1.  1.  1.  1.  1.  1.  1.  1.  1.  1.  1.  1.  1.  1.  1.
  1.  1.]
Epoch 245	Reward [-2.52 -2.98 -2.9  -2.35 -2.43 -2.94 -2.14 -2.95 -2.82 -2.33 -2.55 -2.85
 -2.84 -2.55 -3.19 -2.46 -3.07 -2.09 -2.72 -3.25]	Time 72.93s
Add-Rate: 0.02
Success: 0.62
Steps-taken: 80.00
Comm-Action: [ 1.  1.  1.  1.  1.  1.  1.  1.  1.  1.  1.  1.  1.  1.  1.  1.  1.  1.
  1.  1.]
Epoch 246	Reward [-2.34 -3.1  -2.39 -2.33 -2.78 -2.5  -1.88 -2.62 -2.39 -2.61 -2.16 -1.97
 -2.42 -2.72 -2.84 -2.19 -2.17 -2.43 -2.5  -2.56]	Time 72.75s
Add-Rate: 0.02
Success: 0.64
Steps-taken: 80.00
Comm-Action: [ 1.  1.  1.  1.  1.  1.  1.  1.  1.  1.  1.  1.  1.  1.  1.  1.  1.  1.
  1.  1.]
Epoch 247	Reward [-3.56 -2.5  -2.5  -2.26 -3.6  -2.52 -2.59 -2.4  -2.75 -2.67 -2.12 -2.86
 -3.32 -2.53 -2.9  -3.15 -2.82 -3.14 -3.13 -2.14]	Time 72.01s
Add-Rate: 0.02
Success: 0.62
Steps-taken: 80.00
Comm-Action: [ 1.  1.  1.  1.  1.  1.  1.  1.  1.  1.  1.  1.  1.  1.  1.  1.  1.  1.
  1.  1.]
Epoch 248	Reward [-2.48 -2.37 -2.94 -2.57 -2.27 -2.21 -2.77 -3.04 -2.43 -2.31 -2.42 -2.26
 -2.67 -2.98 -2.33 -2.66 -2.47 -3.07 -2.49 -2.3 ]	Time 72.55s
Add-Rate: 0.02
Success: 0.66
Steps-taken: 80.00
Comm-Action: [ 1.  1.  1.  1.  1.  1.  1.  1.  1.  1.  1.  1.  1.  1.  1.  1.  1.  1.
  1.  1.]
Epoch 249	Reward [-2.51 -2.54 -2.43 -2.8  -3.03 -2.76 -2.53 -3.32 -3.03 -2.28 -2.93 -2.59
 -1.95 -2.83 -2.82 -2.79 -2.02 -3.11 -2.89 -2.2 ]	Time 72.47s
Add-Rate: 0.02
Success: 0.60
Steps-taken: 80.00
Comm-Action: [ 1.  1.  1.  1.  1.  1.  1.  1.  1.  1.  1.  1.  1.  1.  1.  1.  1.  1.
  1.  1.]
Epoch 250	Reward [-2.46 -2.4  -2.66 -2.59 -2.71 -3.   -2.72 -2.66 -2.42 -2.14 -2.39 -2.31
 -2.26 -2.58 -2.66 -2.91 -2.95 -2.91 -2.17 -2.34]	Time 72.53s
Add-Rate: 0.02
Success: 0.64
Steps-taken: 80.00
Comm-Action: [ 1.  1.  1.  1.  1.  1.  1.  1.  1.  1.  1.  1.  1.  1.  1.  1.  1.  1.
  1.  1.]
Epoch 251	Reward [-2.37 -2.55 -2.93 -2.6  -2.26 -2.27 -2.91 -2.72 -3.   -2.34 -2.79 -2.6
 -1.79 -2.54 -2.45 -3.4  -2.56 -2.58 -2.76 -2.21]	Time 72.70s
Add-Rate: 0.02
Success: 0.63
Steps-taken: 80.00
Comm-Action: [ 1.  1.  1.  1.  1.  1.  1.  1.  1.  1.  1.  1.  1.  1.  1.  1.  1.  1.
  1.  1.]
Epoch 252	Reward [-2.73 -2.08 -2.49 -2.8  -2.2  -2.   -2.35 -2.19 -2.4  -2.52 -1.92 -2.74
 -2.14 -2.44 -2.14 -2.56 -2.47 -2.33 -2.67 -2.11]	Time 73.40s
Add-Rate: 0.02
Success: 0.65
Steps-taken: 80.00
Comm-Action: [ 1.  1.  1.  1.  1.  1.  1.  1.  1.  1.  1.  1.  1.  1.  1.  1.  1.  1.
  1.  1.]
Epoch 253	Reward [-2.54 -2.22 -2.47 -3.21 -2.8  -2.51 -3.62 -2.23 -2.93 -3.31 -2.03 -2.28
 -2.8  -2.41 -3.   -2.57 -2.95 -2.96 -2.65 -3.18]	Time 73.02s
Add-Rate: 0.02
Success: 0.61
Steps-taken: 80.00
Comm-Action: [ 1.  1.  1.  1.  1.  1.  1.  1.  1.  1.  1.  1.  1.  1.  1.  1.  1.  1.
  1.  1.]
Epoch 254	Reward [-2.71 -2.66 -2.29 -2.36 -2.64 -2.48 -2.19 -3.7  -2.39 -2.33 -2.62 -2.69
 -2.22 -2.16 -2.57 -2.65 -2.32 -2.56 -2.46 -2.96]	Time 73.14s
Add-Rate: 0.02
Success: 0.64
Steps-taken: 80.00
Comm-Action: [ 1.  1.  1.  1.  1.  1.  1.  1.  1.  1.  1.  1.  1.  1.  1.  1.  1.  1.
  1.  1.]
Epoch 255	Reward [-2.61 -2.7  -2.42 -2.37 -2.53 -3.   -2.73 -2.57 -2.97 -2.94 -2.23 -2.17
 -2.05 -2.32 -2.32 -2.44 -2.46 -2.38 -2.06 -2.93]	Time 72.52s
Add-Rate: 0.02
Success: 0.65
Steps-taken: 80.00
Comm-Action: [ 1.  1.  1.  1.  1.  1.  1.  1.  1.  1.  1.  1.  1.  1.  1.  1.  1.  1.
  1.  1.]
Epoch 256	Reward [-2.63 -2.67 -2.5  -2.8  -2.92 -2.38 -2.48 -2.9  -2.95 -3.23 -2.94 -2.43
 -3.16 -2.48 -2.51 -2.66 -2.7  -2.5  -2.47 -2.23]	Time 72.03s
Add-Rate: 0.02
Success: 0.63
Steps-taken: 80.00
Comm-Action: [ 1.  1.  1.  1.  1.  1.  1.  1.  1.  1.  1.  1.  1.  1.  1.  1.  1.  1.
  1.  1.]
Epoch 257	Reward [-2.55 -2.87 -2.71 -2.96 -2.08 -2.46 -3.13 -2.64 -2.79 -2.56 -3.09 -3.29
 -2.25 -2.68 -2.76 -2.79 -3.3  -2.56 -2.57 -2.38]	Time 72.53s
Add-Rate: 0.02
Success: 0.64
Steps-taken: 80.00
Comm-Action: [ 1.  1.  1.  1.  1.  1.  1.  1.  1.  1.  1.  1.  1.  1.  1.  1.  1.  1.
  1.  1.]
Epoch 258	Reward [-2.54 -2.98 -2.42 -2.78 -2.37 -3.02 -3.12 -2.39 -2.42 -2.75 -2.23 -3.02
 -2.92 -2.24 -2.74 -2.69 -2.21 -2.93 -2.29 -2.6 ]	Time 72.20s
Add-Rate: 0.02
Success: 0.63
Steps-taken: 80.00
Comm-Action: [ 1.  1.  1.  1.  1.  1.  1.  1.  1.  1.  1.  1.  1.  1.  1.  1.  1.  1.
  1.  1.]
Epoch 259	Reward [-2.57 -2.73 -2.44 -2.12 -2.75 -2.98 -2.9  -2.84 -2.79 -2.42 -2.33 -2.86
 -2.25 -3.64 -2.35 -2.15 -2.69 -2.18 -2.63 -2.24]	Time 73.58s
Add-Rate: 0.02
Success: 0.63
Steps-taken: 80.00
Comm-Action: [ 1.  1.  1.  1.  1.  1.  1.  1.  1.  1.  1.  1.  1.  1.  1.  1.  1.  1.
  1.  1.]
Epoch 260	Reward [-3.33 -2.61 -2.23 -2.14 -2.68 -2.73 -2.85 -2.61 -2.21 -2.7  -2.53 -2.72
 -2.63 -2.56 -2.96 -2.75 -2.31 -2.3  -2.82 -2.18]	Time 73.34s
Add-Rate: 0.02
Success: 0.66
Steps-taken: 80.00
Comm-Action: [ 1.  1.  1.  1.  1.  1.  1.  1.  1.  1.  1.  1.  1.  1.  1.  1.  1.  1.
  1.  1.]
Epoch 261	Reward [-2.5  -2.42 -2.34 -3.04 -2.69 -2.   -2.78 -2.5  -2.84 -2.61 -2.32 -2.4
 -2.27 -2.82 -2.39 -2.55 -2.35 -3.29 -2.39 -2.72]	Time 72.12s
Add-Rate: 0.02
Success: 0.64
Steps-taken: 80.00
Comm-Action: [ 1.  1.  1.  1.  1.  1.  1.  1.  1.  1.  1.  1.  1.  1.  1.  1.  1.  1.
  1.  1.]
Epoch 262	Reward [-2.31 -2.34 -2.78 -2.38 -2.1  -2.39 -2.63 -2.07 -1.96 -2.39 -2.4  -2.5
 -2.73 -2.9  -2.56 -2.52 -2.64 -2.84 -2.25 -2.49]	Time 72.57s
Add-Rate: 0.02
Success: 0.64
Steps-taken: 80.00
Comm-Action: [ 1.  1.  1.  1.  1.  1.  1.  1.  1.  1.  1.  1.  1.  1.  1.  1.  1.  1.
  1.  1.]
Epoch 263	Reward [-2.63 -2.76 -2.71 -2.5  -2.52 -2.9  -2.97 -2.44 -2.82 -2.1  -2.45 -2.42
 -2.52 -2.59 -2.59 -2.63 -2.68 -2.52 -2.8  -3.05]	Time 72.70s
Add-Rate: 0.02
Success: 0.64
Steps-taken: 80.00
Comm-Action: [ 1.  1.  1.  1.  1.  1.  1.  1.  1.  1.  1.  1.  1.  1.  1.  1.  1.  1.
  1.  1.]
Epoch 264	Reward [-2.87 -2.75 -2.89 -2.41 -2.03 -2.5  -3.56 -2.63 -2.2  -2.2  -2.85 -2.39
 -2.43 -1.97 -2.71 -2.49 -2.85 -2.42 -2.3  -2.31]	Time 73.47s
Add-Rate: 0.02
Success: 0.64
Steps-taken: 80.00
Comm-Action: [ 1.  1.  1.  1.  1.  1.  1.  1.  1.  1.  1.  1.  1.  1.  1.  1.  1.  1.
  1.  1.]
Epoch 265	Reward [-2.75 -2.74 -2.24 -2.55 -2.26 -2.9  -3.04 -2.9  -2.93 -2.44 -2.5  -2.39
 -2.69 -2.91 -2.61 -3.29 -2.34 -2.53 -2.43 -2.64]	Time 72.40s
Add-Rate: 0.02
Success: 0.63
Steps-taken: 80.00
Comm-Action: [ 1.  1.  1.  1.  1.  1.  1.  1.  1.  1.  1.  1.  1.  1.  1.  1.  1.  1.
  1.  1.]
Epoch 266	Reward [-2.05 -2.38 -2.57 -2.62 -2.52 -2.6  -2.62 -2.34 -2.01 -2.6  -2.27 -2.56
 -2.32 -2.84 -2.52 -3.29 -2.5  -2.64 -2.77 -2.9 ]	Time 71.46s
Add-Rate: 0.02
Success: 0.65
Steps-taken: 80.00
Comm-Action: [ 1.  1.  1.  1.  1.  1.  1.  1.  1.  1.  1.  1.  1.  1.  1.  1.  1.  1.
  1.  1.]
Epoch 267	Reward [-2.35 -2.48 -2.56 -2.74 -2.38 -2.34 -2.05 -2.35 -2.46 -2.61 -2.24 -1.91
 -2.49 -2.33 -2.6  -2.46 -2.66 -2.38 -2.08 -2.32]	Time 72.17s
Add-Rate: 0.02
Success: 0.66
Steps-taken: 80.00
Comm-Action: [ 1.  1.  1.  1.  1.  1.  1.  1.  1.  1.  1.  1.  1.  1.  1.  1.  1.  1.
  1.  1.]
Epoch 268	Reward [-2.68 -2.15 -2.19 -2.17 -3.02 -2.68 -2.98 -2.44 -2.52 -2.42 -2.67 -2.13
 -2.68 -2.12 -2.11 -2.93 -2.75 -2.8  -3.1  -2.56]	Time 72.74s
Add-Rate: 0.02
Success: 0.64
Steps-taken: 80.00
Comm-Action: [ 1.  1.  1.  1.  1.  1.  1.  1.  1.  1.  1.  1.  1.  1.  1.  1.  1.  1.
  1.  1.]
Epoch 269	Reward [-1.8  -1.95 -2.21 -2.27 -2.13 -2.33 -2.37 -2.26 -1.9  -1.79 -2.79 -2.7
 -2.3  -1.88 -2.45 -2.24 -2.61 -2.27 -2.73 -2.8 ]	Time 72.62s
Add-Rate: 0.02
Success: 0.65
Steps-taken: 80.00
Comm-Action: [ 1.  1.  1.  1.  1.  1.  1.  1.  1.  1.  1.  1.  1.  1.  1.  1.  1.  1.
  1.  1.]
Epoch 270	Reward [-2.81 -2.42 -2.41 -3.26 -2.77 -2.42 -2.47 -2.43 -2.85 -2.24 -2.74 -2.01
 -2.52 -2.4  -1.9  -1.81 -3.17 -2.26 -2.63 -2.98]	Time 72.44s
Add-Rate: 0.02
Success: 0.62
Steps-taken: 80.00
Comm-Action: [ 1.  1.  1.  1.  1.  1.  1.  1.  1.  1.  1.  1.  1.  1.  1.  1.  1.  1.
  1.  1.]
Epoch 271	Reward [-2.16 -2.39 -2.16 -2.41 -2.59 -2.   -2.38 -2.34 -2.1  -2.2  -2.63 -2.43
 -2.36 -1.81 -2.35 -2.28 -2.65 -2.06 -2.66 -2.49]	Time 73.35s
Add-Rate: 0.02
Success: 0.66
Steps-taken: 80.00
Comm-Action: [ 1.  1.  1.  1.  1.  1.  1.  1.  1.  1.  1.  1.  1.  1.  1.  1.  1.  1.
  1.  1.]
Epoch 272	Reward [-2.91 -2.35 -2.06 -2.36 -2.14 -2.99 -2.34 -2.73 -2.45 -2.99 -2.68 -2.77
 -2.94 -2.42 -2.69 -2.33 -2.78 -2.11 -2.69 -1.78]	Time 72.76s
Add-Rate: 0.02
Success: 0.66
Steps-taken: 80.00
Comm-Action: [ 1.  1.  1.  1.  1.  1.  1.  1.  1.  1.  1.  1.  1.  1.  1.  1.  1.  1.
  1.  1.]
Epoch 273	Reward [-2.97 -2.51 -2.95 -2.6  -2.27 -2.12 -2.45 -2.39 -3.52 -2.4  -2.84 -2.44
 -2.79 -1.91 -2.57 -2.42 -2.4  -2.3  -2.17 -2.65]	Time 71.37s
Add-Rate: 0.02
Success: 0.65
Steps-taken: 80.00
Comm-Action: [ 1.  1.  1.  1.  1.  1.  1.  1.  1.  1.  1.  1.  1.  1.  1.  1.  1.  1.
  1.  1.]
Epoch 274	Reward [-2.46 -3.01 -3.06 -2.82 -2.75 -2.45 -2.22 -2.75 -2.45 -2.84 -3.01 -2.94
 -2.49 -2.55 -3.06 -2.05 -2.53 -2.87 -3.04 -3.02]	Time 73.66s
Add-Rate: 0.02
Success: 0.60
Steps-taken: 80.00
Comm-Action: [ 1.  1.  1.  1.  1.  1.  1.  1.  1.  1.  1.  1.  1.  1.  1.  1.  1.  1.
  1.  1.]
Epoch 275	Reward [-2.22 -2.27 -2.84 -3.11 -2.57 -1.96 -2.19 -2.66 -2.67 -2.56 -2.46 -2.66
 -2.82 -2.2  -2.17 -2.61 -2.34 -2.57 -2.72 -2.72]	Time 72.01s
Add-Rate: 0.02
Success: 0.63
Steps-taken: 80.00
Comm-Action: [ 1.  1.  1.  1.  1.  1.  1.  1.  1.  1.  1.  1.  1.  1.  1.  1.  1.  1.
  1.  1.]
Epoch 276	Reward [-2.29 -2.45 -2.94 -3.03 -2.97 -2.99 -2.97 -2.92 -2.69 -2.2  -2.9  -2.2
 -2.61 -2.59 -2.46 -2.32 -2.29 -2.36 -2.74 -2.08]	Time 73.88s
Add-Rate: 0.02
Success: 0.66
Steps-taken: 80.00
Comm-Action: [ 1.  1.  1.  1.  1.  1.  1.  1.  1.  1.  1.  1.  1.  1.  1.  1.  1.  1.
  1.  1.]
Epoch 277	Reward [-2.81 -2.76 -3.17 -2.38 -2.44 -2.78 -2.79 -2.42 -2.58 -3.3  -2.24 -2.33
 -2.81 -2.54 -3.37 -2.82 -2.88 -2.14 -2.62 -2.94]	Time 73.20s
Add-Rate: 0.02
Success: 0.65
Steps-taken: 80.00
Comm-Action: [ 1.  1.  1.  1.  1.  1.  1.  1.  1.  1.  1.  1.  1.  1.  1.  1.  1.  1.
  1.  1.]
Epoch 278	Reward [-2.76 -2.36 -2.44 -2.57 -2.8  -2.69 -2.47 -2.56 -2.58 -2.17 -2.86 -2.32
 -2.81 -2.86 -3.38 -2.54 -2.5  -2.42 -2.37 -2.38]	Time 73.16s
Add-Rate: 0.02
Success: 0.63
Steps-taken: 80.00
Comm-Action: [ 1.  1.  1.  1.  1.  1.  1.  1.  1.  1.  1.  1.  1.  1.  1.  1.  1.  1.
  1.  1.]
Epoch 279	Reward [-2.5  -2.32 -3.31 -2.7  -2.25 -2.71 -2.63 -2.82 -2.59 -2.28 -2.97 -2.72
 -2.58 -3.03 -2.42 -2.33 -2.21 -2.09 -2.96 -2.35]	Time 72.51s
Add-Rate: 0.02
Success: 0.62
Steps-taken: 80.00
Comm-Action: [ 1.  1.  1.  1.  1.  1.  1.  1.  1.  1.  1.  1.  1.  1.  1.  1.  1.  1.
  1.  1.]
Epoch 280	Reward [-2.36 -2.57 -2.46 -2.18 -2.59 -2.49 -2.51 -2.88 -2.5  -2.47 -2.41 -2.48
 -2.44 -2.49 -2.71 -2.55 -2.53 -2.26 -2.61 -2.39]	Time 72.09s
Add-Rate: 0.02
Success: 0.65
Steps-taken: 80.00
Comm-Action: [ 1.  1.  1.  1.  1.  1.  1.  1.  1.  1.  1.  1.  1.  1.  1.  1.  1.  1.
  1.  1.]
Epoch 281	Reward [-2.45 -2.71 -2.64 -2.75 -2.8  -2.97 -2.3  -3.14 -3.   -2.42 -2.43 -3.06
 -3.25 -2.54 -2.63 -2.75 -2.59 -2.24 -2.55 -2.75]	Time 72.08s
Add-Rate: 0.02
Success: 0.63
Steps-taken: 80.00
Comm-Action: [ 1.  1.  1.  1.  1.  1.  1.  1.  1.  1.  1.  1.  1.  1.  1.  1.  1.  1.
  1.  1.]
Epoch 282	Reward [-2.45 -2.74 -2.79 -2.29 -2.78 -3.24 -2.02 -2.39 -2.11 -2.07 -2.61 -2.3
 -2.32 -2.43 -2.27 -2.68 -2.53 -2.66 -2.57 -2.65]	Time 72.61s
Add-Rate: 0.02
Success: 0.65
Steps-taken: 80.00
Comm-Action: [ 1.  1.  1.  1.  1.  1.  1.  1.  1.  1.  1.  1.  1.  1.  1.  1.  1.  1.
  1.  1.]
Epoch 283	Reward [-2.52 -2.52 -2.65 -2.48 -2.25 -2.52 -2.47 -2.26 -2.68 -2.35 -3.2  -2.33
 -2.42 -2.03 -3.27 -2.24 -2.68 -2.33 -2.69 -2.29]	Time 71.71s
Add-Rate: 0.02
Success: 0.65
Steps-taken: 80.00
Comm-Action: [ 1.  1.  1.  1.  1.  1.  1.  1.  1.  1.  1.  1.  1.  1.  1.  1.  1.  1.
  1.  1.]
Epoch 284	Reward [-3.1  -2.02 -2.64 -2.5  -2.1  -2.32 -2.3  -2.79 -2.94 -2.62 -2.28 -2.26
 -2.5  -3.2  -2.66 -2.36 -3.09 -2.85 -3.36 -2.67]	Time 71.57s
Add-Rate: 0.02
Success: 0.63
Steps-taken: 80.00
Comm-Action: [ 1.  1.  1.  1.  1.  1.  1.  1.  1.  1.  1.  1.  1.  1.  1.  1.  1.  1.
  1.  1.]
Epoch 285	Reward [-2.44 -2.64 -1.8  -3.28 -2.26 -2.49 -2.28 -2.44 -2.15 -3.05 -2.31 -2.76
 -2.41 -2.05 -3.13 -3.26 -2.14 -1.94 -2.65 -2.55]	Time 72.90s
Add-Rate: 0.02
Success: 0.63
Steps-taken: 80.00
Comm-Action: [ 1.  1.  1.  1.  1.  1.  1.  1.  1.  1.  1.  1.  1.  1.  1.  1.  1.  1.
  1.  1.]
Epoch 286	Reward [-2.07 -3.05 -2.14 -2.2  -3.04 -1.94 -2.56 -2.35 -2.76 -2.42 -1.97 -2.35
 -2.31 -3.01 -2.25 -2.19 -1.95 -2.59 -2.46 -2.49]	Time 72.80s
Add-Rate: 0.02
Success: 0.63
Steps-taken: 80.00
Comm-Action: [ 1.  1.  1.  1.  1.  1.  1.  1.  1.  1.  1.  1.  1.  1.  1.  1.  1.  1.
  1.  1.]
Epoch 287	Reward [-2.67 -2.63 -2.65 -2.45 -2.71 -2.66 -2.15 -2.56 -2.31 -2.6  -2.79 -2.23
 -2.44 -2.46 -1.95 -2.11 -2.67 -2.6  -2.78 -2.15]	Time 72.57s
Add-Rate: 0.02
Success: 0.65
Steps-taken: 80.00
Comm-Action: [ 1.  1.  1.  1.  1.  1.  1.  1.  1.  1.  1.  1.  1.  1.  1.  1.  1.  1.
  1.  1.]
Epoch 288	Reward [-2.61 -1.62 -2.12 -2.79 -2.27 -2.65 -2.63 -2.54 -2.46 -2.48 -3.2  -2.27
 -2.29 -1.95 -1.67 -2.23 -2.59 -2.03 -2.23 -2.07]	Time 72.30s
Add-Rate: 0.02
Success: 0.65
Steps-taken: 80.00
Comm-Action: [ 1.  1.  1.  1.  1.  1.  1.  1.  1.  1.  1.  1.  1.  1.  1.  1.  1.  1.
  1.  1.]
Epoch 289	Reward [-2.06 -2.59 -2.57 -2.3  -3.25 -2.12 -2.81 -2.41 -2.8  -2.62 -2.14 -2.48
 -3.04 -3.   -1.94 -2.38 -3.59 -2.69 -2.88 -2.54]	Time 72.07s
Add-Rate: 0.02
Success: 0.66
Steps-taken: 80.00
Comm-Action: [ 1.  1.  1.  1.  1.  1.  1.  1.  1.  1.  1.  1.  1.  1.  1.  1.  1.  1.
  1.  1.]
Epoch 290	Reward [-2.33 -2.58 -3.35 -3.56 -3.42 -2.42 -2.61 -2.4  -3.07 -2.53 -3.17 -2.47
 -2.67 -3.46 -2.21 -2.53 -2.75 -2.44 -2.83 -2.45]	Time 72.31s
Add-Rate: 0.02
Success: 0.62
Steps-taken: 80.00
Comm-Action: [ 1.  1.  1.  1.  1.  1.  1.  1.  1.  1.  1.  1.  1.  1.  1.  1.  1.  1.
  1.  1.]
Epoch 291	Reward [-2.74 -3.01 -3.56 -2.68 -2.72 -2.77 -2.55 -1.98 -2.51 -3.2  -2.91 -2.69
 -2.7  -2.66 -2.46 -2.81 -3.5  -2.25 -2.9  -2.55]	Time 73.89s
Add-Rate: 0.02
Success: 0.65
Steps-taken: 80.00
Comm-Action: [ 1.  1.  1.  1.  1.  1.  1.  1.  1.  1.  1.  1.  1.  1.  1.  1.  1.  1.
  1.  1.]
Epoch 292	Reward [-2.65 -1.83 -2.01 -2.35 -2.59 -2.51 -2.64 -2.44 -2.04 -2.77 -2.01 -2.42
 -2.59 -2.63 -2.42 -2.64 -2.46 -2.08 -2.36 -2.79]	Time 72.51s
Add-Rate: 0.02
Success: 0.65
Steps-taken: 80.00
Comm-Action: [ 1.  1.  1.  1.  1.  1.  1.  1.  1.  1.  1.  1.  1.  1.  1.  1.  1.  1.
  1.  1.]
Epoch 293	Reward [-3.31 -2.45 -3.25 -2.66 -2.3  -2.66 -2.38 -3.21 -2.4  -3.05 -2.72 -2.55
 -2.92 -2.66 -2.93 -2.91 -2.65 -2.84 -2.32 -2.1 ]	Time 72.74s
Add-Rate: 0.02
Success: 0.62
Steps-taken: 80.00
Comm-Action: [ 1.  1.  1.  1.  1.  1.  1.  1.  1.  1.  1.  1.  1.  1.  1.  1.  1.  1.
  1.  1.]
Epoch 294	Reward [-2.88 -2.48 -2.31 -3.4  -2.9  -3.03 -2.97 -3.1  -2.16 -2.86 -2.35 -2.22
 -3.3  -2.07 -2.82 -2.82 -2.31 -2.86 -2.86 -3.46]	Time 72.23s
Add-Rate: 0.02
Success: 0.62
Steps-taken: 80.00
Comm-Action: [ 1.  1.  1.  1.  1.  1.  1.  1.  1.  1.  1.  1.  1.  1.  1.  1.  1.  1.
  1.  1.]
Epoch 295	Reward [-1.87 -2.26 -2.78 -2.27 -2.53 -2.66 -1.95 -2.64 -2.8  -2.84 -2.3  -2.57
 -2.49 -2.6  -2.36 -2.48 -2.43 -2.25 -2.52 -2.74]	Time 73.33s
Add-Rate: 0.02
Success: 0.66
Steps-taken: 80.00
Comm-Action: [ 1.  1.  1.  1.  1.  1.  1.  1.  1.  1.  1.  1.  1.  1.  1.  1.  1.  1.
  1.  1.]
Epoch 296	Reward [-2.42 -2.8  -2.51 -2.56 -2.42 -2.39 -2.39 -3.14 -2.98 -2.31 -2.69 -3.22
 -2.97 -3.01 -2.38 -2.62 -2.13 -2.98 -2.76 -2.66]	Time 72.19s
Add-Rate: 0.02
Success: 0.63
Steps-taken: 80.00
Comm-Action: [ 1.  1.  1.  1.  1.  1.  1.  1.  1.  1.  1.  1.  1.  1.  1.  1.  1.  1.
  1.  1.]
Epoch 297	Reward [-1.88 -2.4  -1.97 -2.64 -2.46 -2.33 -2.64 -2.3  -1.91 -2.31 -2.67 -2.6
 -2.94 -2.75 -2.52 -2.11 -2.2  -2.35 -3.15 -2.63]	Time 72.11s
Add-Rate: 0.02
Success: 0.64
Steps-taken: 80.00
Comm-Action: [ 1.  1.  1.  1.  1.  1.  1.  1.  1.  1.  1.  1.  1.  1.  1.  1.  1.  1.
  1.  1.]
Epoch 298	Reward [-2.32 -2.8  -2.34 -2.57 -2.29 -2.17 -2.21 -2.08 -2.32 -2.49 -2.88 -2.44
 -2.5  -2.41 -2.43 -2.83 -2.43 -2.08 -2.64 -2.2 ]	Time 73.90s
Add-Rate: 0.02
Success: 0.66
Steps-taken: 80.00
Comm-Action: [ 1.  1.  1.  1.  1.  1.  1.  1.  1.  1.  1.  1.  1.  1.  1.  1.  1.  1.
  1.  1.]
Epoch 299	Reward [-2.41 -2.52 -2.77 -3.23 -1.86 -2.61 -2.89 -2.94 -2.17 -2.12 -1.98 -2.71
 -2.9  -2.21 -1.77 -3.21 -3.01 -2.37 -2.94 -2.61]	Time 72.63s
Add-Rate: 0.02
Success: 0.65
Steps-taken: 80.00
Comm-Action: [ 1.  1.  1.  1.  1.  1.  1.  1.  1.  1.  1.  1.  1.  1.  1.  1.  1.  1.
  1.  1.]
Epoch 300	Reward [-1.98 -2.13 -2.62 -2.22 -2.13 -1.83 -2.22 -2.51 -2.44 -2.7  -2.37 -3.41
 -2.16 -2.44 -2.59 -2.93 -2.11 -2.12 -2.07 -2.37]	Time 73.04s
Add-Rate: 0.02
Success: 0.66
Steps-taken: 80.00
Comm-Action: [ 1.  1.  1.  1.  1.  1.  1.  1.  1.  1.  1.  1.  1.  1.  1.  1.  1.  1.
  1.  1.]
Epoch 301	Reward [-3.35 -2.42 -2.39 -3.31 -2.71 -2.58 -3.01 -2.86 -3.62 -1.89 -2.73 -2.62
 -3.09 -2.8  -2.89 -2.71 -2.68 -2.69 -2.47 -2.91]	Time 71.85s
Add-Rate: 0.02
Success: 0.63
Steps-taken: 80.00
Comm-Action: [ 1.  1.  1.  1.  1.  1.  1.  1.  1.  1.  1.  1.  1.  1.  1.  1.  1.  1.
  1.  1.]
Epoch 302	Reward [-2.66 -2.74 -2.71 -2.41 -2.72 -2.72 -2.21 -2.32 -2.76 -2.38 -2.13 -2.78
 -2.78 -2.58 -2.62 -2.34 -1.91 -2.34 -2.16 -2.27]	Time 71.44s
Add-Rate: 0.02
Success: 0.66
Steps-taken: 80.00
Comm-Action: [ 1.  1.  1.  1.  1.  1.  1.  1.  1.  1.  1.  1.  1.  1.  1.  1.  1.  1.
  1.  1.]
Epoch 303	Reward [-2.65 -2.48 -2.71 -2.61 -1.78 -2.45 -2.69 -2.3  -2.47 -2.53 -2.36 -2.33
 -2.4  -2.99 -3.25 -2.13 -2.8  -2.45 -2.16 -2.71]	Time 72.71s
Add-Rate: 0.02
Success: 0.64
Steps-taken: 80.00
Comm-Action: [ 1.  1.  1.  1.  1.  1.  1.  1.  1.  1.  1.  1.  1.  1.  1.  1.  1.  1.
  1.  1.]
Epoch 304	Reward [-2.62 -1.96 -2.64 -2.74 -2.47 -2.54 -2.7  -2.48 -1.86 -3.02 -3.   -2.52
 -2.23 -2.39 -2.7  -2.15 -2.7  -3.12 -2.44 -2.45]	Time 71.97s
Add-Rate: 0.02
Success: 0.65
Steps-taken: 80.00
Comm-Action: [ 1.  1.  1.  1.  1.  1.  1.  1.  1.  1.  1.  1.  1.  1.  1.  1.  1.  1.
  1.  1.]
Epoch 305	Reward [-2.57 -2.42 -3.26 -3.09 -2.72 -3.03 -3.05 -3.34 -2.67 -2.67 -2.64 -2.5
 -2.69 -3.17 -2.66 -2.7  -2.73 -2.88 -3.02 -2.42]	Time 73.09s
Add-Rate: 0.02
Success: 0.61
Steps-taken: 80.00
Comm-Action: [ 1.  1.  1.  1.  1.  1.  1.  1.  1.  1.  1.  1.  1.  1.  1.  1.  1.  1.
  1.  1.]
Epoch 306	Reward [-2.42 -2.63 -3.53 -2.36 -2.59 -2.14 -3.   -3.48 -2.06 -2.57 -2.29 -2.58
 -2.15 -3.33 -2.86 -2.45 -2.59 -2.68 -2.53 -2.38]	Time 72.41s
Add-Rate: 0.02
Success: 0.68
Steps-taken: 80.00
Comm-Action: [ 1.  1.  1.  1.  1.  1.  1.  1.  1.  1.  1.  1.  1.  1.  1.  1.  1.  1.
  1.  1.]
Epoch 307	Reward [-2.42 -2.74 -2.53 -2.77 -2.44 -3.39 -2.47 -2.32 -2.46 -2.87 -2.92 -2.71
 -2.66 -2.86 -2.38 -3.09 -2.43 -3.21 -2.63 -2.28]	Time 73.10s
Add-Rate: 0.02
Success: 0.63
Steps-taken: 80.00
Comm-Action: [ 1.  1.  1.  1.  1.  1.  1.  1.  1.  1.  1.  1.  1.  1.  1.  1.  1.  1.
  1.  1.]
Epoch 308	Reward [-3.08 -3.39 -2.78 -2.47 -2.28 -2.37 -2.51 -2.15 -2.3  -3.13 -2.79 -2.81
 -3.41 -2.68 -2.69 -2.27 -2.25 -2.81 -2.48 -2.59]	Time 72.86s
Add-Rate: 0.02
Success: 0.63
Steps-taken: 80.00
Comm-Action: [ 1.  1.  1.  1.  1.  1.  1.  1.  1.  1.  1.  1.  1.  1.  1.  1.  1.  1.
  1.  1.]Traceback (most recent call last):
  File "/home/byungkunlee/anaconda3/envs/ic3/lib/python3.6/site-packages/urllib3/connection.py", line 160, in _new_conn
    (self._dns_host, self.port), self.timeout, **extra_kw
  File "/home/byungkunlee/anaconda3/envs/ic3/lib/python3.6/site-packages/urllib3/util/connection.py", line 84, in create_connection
    raise err
  File "/home/byungkunlee/anaconda3/envs/ic3/lib/python3.6/site-packages/urllib3/util/connection.py", line 74, in create_connection
    sock.connect(sa)
ConnectionRefusedError: [Errno 111] Connection refused

During handling of the above exception, another exception occurred:

Traceback (most recent call last):
  File "/home/byungkunlee/anaconda3/envs/ic3/lib/python3.6/site-packages/urllib3/connectionpool.py", line 677, in urlopen
    chunked=chunked,
  File "/home/byungkunlee/anaconda3/envs/ic3/lib/python3.6/site-packages/urllib3/connectionpool.py", line 392, in _make_request
    conn.request(method, url, **httplib_request_kw)
  File "/home/byungkunlee/anaconda3/envs/ic3/lib/python3.6/http/client.py", line 1262, in request
    self._send_request(method, url, body, headers, encode_chunked)
  File "/home/byungkunlee/anaconda3/envs/ic3/lib/python3.6/http/client.py", line 1308, in _send_request
    self.endheaders(body, encode_chunked=encode_chunked)
  File "/home/byungkunlee/anaconda3/envs/ic3/lib/python3.6/http/client.py", line 1257, in endheaders
    self._send_output(message_body, encode_chunked=encode_chunked)
  File "/home/byungkunlee/anaconda3/envs/ic3/lib/python3.6/http/client.py", line 1036, in _send_output
    self.send(msg)
  File "/home/byungkunlee/anaconda3/envs/ic3/lib/python3.6/http/client.py", line 974, in send
    self.connect()
  File "/home/byungkunlee/anaconda3/envs/ic3/lib/python3.6/site-packages/urllib3/connection.py", line 187, in connect
    conn = self._new_conn()
  File "/home/byungkunlee/anaconda3/envs/ic3/lib/python3.6/site-packages/urllib3/connection.py", line 172, in _new_conn
    self, "Failed to establish a new connection: %s" % e
urllib3.exceptions.NewConnectionError: <urllib3.connection.HTTPConnection object at 0x7f4bc7252550>: Failed to establish a new connection: [Errno 111] Connection refused

During handling of the above exception, another exception occurred:

Traceback (most recent call last):
  File "/home/byungkunlee/anaconda3/envs/ic3/lib/python3.6/site-packages/requests/adapters.py", line 449, in send
    timeout=timeout
  File "/home/byungkunlee/anaconda3/envs/ic3/lib/python3.6/site-packages/urllib3/connectionpool.py", line 727, in urlopen
    method, url, error=e, _pool=self, _stacktrace=sys.exc_info()[2]
  File "/home/byungkunlee/anaconda3/envs/ic3/lib/python3.6/site-packages/urllib3/util/retry.py", line 439, in increment
    raise MaxRetryError(_pool, url, error or ResponseError(cause))
urllib3.exceptions.MaxRetryError: HTTPConnectionPool(host='localhost', port=8097): Max retries exceeded with url: /events (Caused by NewConnectionError('<urllib3.connection.HTTPConnection object at 0x7f4bc7252550>: Failed to establish a new connection: [Errno 111] Connection refused',))

During handling of the above exception, another exception occurred:

Traceback (most recent call last):
  File "/home/byungkunlee/anaconda3/envs/ic3/lib/python3.6/site-packages/visdom/__init__.py", line 228, in _send
    data=json.dumps(msg),
  File "/home/byungkunlee/anaconda3/envs/ic3/lib/python3.6/site-packages/requests/api.py", line 119, in post
    return request('post', url, data=data, json=json, **kwargs)
  File "/home/byungkunlee/anaconda3/envs/ic3/lib/python3.6/site-packages/requests/api.py", line 61, in request
    return session.request(method=method, url=url, **kwargs)
  File "/home/byungkunlee/anaconda3/envs/ic3/lib/python3.6/site-packages/requests/sessions.py", line 530, in request
    resp = self.send(prep, **send_kwargs)
  File "/home/byungkunlee/anaconda3/envs/ic3/lib/python3.6/site-packages/requests/sessions.py", line 643, in send
    r = adapter.send(request, **kwargs)
  File "/home/byungkunlee/anaconda3/envs/ic3/lib/python3.6/site-packages/requests/adapters.py", line 516, in send
    raise ConnectionError(e, request=request)
requests.exceptions.ConnectionError: HTTPConnectionPool(host='localhost', port=8097): Max retries exceeded with url: /events (Caused by NewConnectionError('<urllib3.connection.HTTPConnection object at 0x7f4bc7252550>: Failed to establish a new connection: [Errno 111] Connection refused',))
Traceback (most recent call last):
  File "/home/byungkunlee/anaconda3/envs/ic3/lib/python3.6/site-packages/urllib3/connection.py", line 160, in _new_conn
    (self._dns_host, self.port), self.timeout, **extra_kw
  File "/home/byungkunlee/anaconda3/envs/ic3/lib/python3.6/site-packages/urllib3/util/connection.py", line 84, in create_connection
    raise err
  File "/home/byungkunlee/anaconda3/envs/ic3/lib/python3.6/site-packages/urllib3/util/connection.py", line 74, in create_connection
    sock.connect(sa)
ConnectionRefusedError: [Errno 111] Connection refused

During handling of the above exception, another exception occurred:

Traceback (most recent call last):
  File "/home/byungkunlee/anaconda3/envs/ic3/lib/python3.6/site-packages/urllib3/connectionpool.py", line 677, in urlopen
    chunked=chunked,
  File "/home/byungkunlee/anaconda3/envs/ic3/lib/python3.6/site-packages/urllib3/connectionpool.py", line 392, in _make_request
    conn.request(method, url, **httplib_request_kw)
  File "/home/byungkunlee/anaconda3/envs/ic3/lib/python3.6/http/client.py", line 1262, in request
    self._send_request(method, url, body, headers, encode_chunked)
  File "/home/byungkunlee/anaconda3/envs/ic3/lib/python3.6/http/client.py", line 1308, in _send_request
    self.endheaders(body, encode_chunked=encode_chunked)
  File "/home/byungkunlee/anaconda3/envs/ic3/lib/python3.6/http/client.py", line 1257, in endheaders
    self._send_output(message_body, encode_chunked=encode_chunked)
  File "/home/byungkunlee/anaconda3/envs/ic3/lib/python3.6/http/client.py", line 1036, in _send_output
    self.send(msg)
  File "/home/byungkunlee/anaconda3/envs/ic3/lib/python3.6/http/client.py", line 974, in send
    self.connect()
  File "/home/byungkunlee/anaconda3/envs/ic3/lib/python3.6/site-packages/urllib3/connection.py", line 187, in connect
    conn = self._new_conn()
  File "/home/byungkunlee/anaconda3/envs/ic3/lib/python3.6/site-packages/urllib3/connection.py", line 172, in _new_conn
    self, "Failed to establish a new connection: %s" % e
urllib3.exceptions.NewConnectionError: <urllib3.connection.HTTPConnection object at 0x7f4bb25c70b8>: Failed to establish a new connection: [Errno 111] Connection refused

During handling of the above exception, another exception occurred:

Traceback (most recent call last):
  File "/home/byungkunlee/anaconda3/envs/ic3/lib/python3.6/site-packages/requests/adapters.py", line 449, in send
    timeout=timeout
  File "/home/byungkunlee/anaconda3/envs/ic3/lib/python3.6/site-packages/urllib3/connectionpool.py", line 727, in urlopen
    method, url, error=e, _pool=self, _stacktrace=sys.exc_info()[2]
  File "/home/byungkunlee/anaconda3/envs/ic3/lib/python3.6/site-packages/urllib3/util/retry.py", line 439, in increment
    raise MaxRetryError(_pool, url, error or ResponseError(cause))
urllib3.exceptions.MaxRetryError: HTTPConnectionPool(host='localhost', port=8097): Max retries exceeded with url: /events (Caused by NewConnectionError('<urllib3.connection.HTTPConnection object at 0x7f4bb25c70b8>: Failed to establish a new connection: [Errno 111] Connection refused',))

During handling of the above exception, another exception occurred:

Traceback (most recent call last):
  File "/home/byungkunlee/anaconda3/envs/ic3/lib/python3.6/site-packages/visdom/__init__.py", line 228, in _send
    data=json.dumps(msg),
  File "/home/byungkunlee/anaconda3/envs/ic3/lib/python3.6/site-packages/requests/api.py", line 119, in post
    return request('post', url, data=data, json=json, **kwargs)
  File "/home/byungkunlee/anaconda3/envs/ic3/lib/python3.6/site-packages/requests/api.py", line 61, in request
    return session.request(method=method, url=url, **kwargs)
  File "/home/byungkunlee/anaconda3/envs/ic3/lib/python3.6/site-packages/requests/sessions.py", line 530, in request
    resp = self.send(prep, **send_kwargs)
  File "/home/byungkunlee/anaconda3/envs/ic3/lib/python3.6/site-packages/requests/sessions.py", line 643, in send
    r = adapter.send(request, **kwargs)
  File "/home/byungkunlee/anaconda3/envs/ic3/lib/python3.6/site-packages/requests/adapters.py", line 516, in send
    raise ConnectionError(e, request=request)
requests.exceptions.ConnectionError: HTTPConnectionPool(host='localhost', port=8097): Max retries exceeded with url: /events (Caused by NewConnectionError('<urllib3.connection.HTTPConnection object at 0x7f4bb25c70b8>: Failed to establish a new connection: [Errno 111] Connection refused',))
Traceback (most recent call last):
  File "/home/byungkunlee/anaconda3/envs/ic3/lib/python3.6/site-packages/urllib3/connection.py", line 160, in _new_conn
    (self._dns_host, self.port), self.timeout, **extra_kw
  File "/home/byungkunlee/anaconda3/envs/ic3/lib/python3.6/site-packages/urllib3/util/connection.py", line 84, in create_connection
    raise err
  File "/home/byungkunlee/anaconda3/envs/ic3/lib/python3.6/site-packages/urllib3/util/connection.py", line 74, in create_connection
    sock.connect(sa)
ConnectionRefusedError: [Errno 111] Connection refused

During handling of the above exception, another exception occurred:

Traceback (most recent call last):
  File "/home/byungkunlee/anaconda3/envs/ic3/lib/python3.6/site-packages/urllib3/connectionpool.py", line 677, in urlopen
    chunked=chunked,
  File "/home/byungkunlee/anaconda3/envs/ic3/lib/python3.6/site-packages/urllib3/connectionpool.py", line 392, in _make_request
    conn.request(method, url, **httplib_request_kw)
  File "/home/byungkunlee/anaconda3/envs/ic3/lib/python3.6/http/client.py", line 1262, in request
    self._send_request(method, url, body, headers, encode_chunked)
  File "/home/byungkunlee/anaconda3/envs/ic3/lib/python3.6/http/client.py", line 1308, in _send_request
    self.endheaders(body, encode_chunked=encode_chunked)
  File "/home/byungkunlee/anaconda3/envs/ic3/lib/python3.6/http/client.py", line 1257, in endheaders
    self._send_output(message_body, encode_chunked=encode_chunked)
  File "/home/byungkunlee/anaconda3/envs/ic3/lib/python3.6/http/client.py", line 1036, in _send_output
    self.send(msg)
  File "/home/byungkunlee/anaconda3/envs/ic3/lib/python3.6/http/client.py", line 974, in send
    self.connect()
  File "/home/byungkunlee/anaconda3/envs/ic3/lib/python3.6/site-packages/urllib3/connection.py", line 187, in connect
    conn = self._new_conn()
  File "/home/byungkunlee/anaconda3/envs/ic3/lib/python3.6/site-packages/urllib3/connection.py", line 172, in _new_conn
    self, "Failed to establish a new connection: %s" % e
urllib3.exceptions.NewConnectionError: <urllib3.connection.HTTPConnection object at 0x7f4bb25c78d0>: Failed to establish a new connection: [Errno 111] Connection refused

During handling of the above exception, another exception occurred:

Traceback (most recent call last):
  File "/home/byungkunlee/anaconda3/envs/ic3/lib/python3.6/site-packages/requests/adapters.py", line 449, in send
    timeout=timeout
  File "/home/byungkunlee/anaconda3/envs/ic3/lib/python3.6/site-packages/urllib3/connectionpool.py", line 727, in urlopen
    method, url, error=e, _pool=self, _stacktrace=sys.exc_info()[2]
  File "/home/byungkunlee/anaconda3/envs/ic3/lib/python3.6/site-packages/urllib3/util/retry.py", line 439, in increment
    raise MaxRetryError(_pool, url, error or ResponseError(cause))
urllib3.exceptions.MaxRetryError: HTTPConnectionPool(host='localhost', port=8097): Max retries exceeded with url: /events (Caused by NewConnectionError('<urllib3.connection.HTTPConnection object at 0x7f4bb25c78d0>: Failed to establish a new connection: [Errno 111] Connection refused',))

During handling of the above exception, another exception occurred:

Traceback (most recent call last):
  File "/home/byungkunlee/anaconda3/envs/ic3/lib/python3.6/site-packages/visdom/__init__.py", line 228, in _send
    data=json.dumps(msg),
  File "/home/byungkunlee/anaconda3/envs/ic3/lib/python3.6/site-packages/requests/api.py", line 119, in post
    return request('post', url, data=data, json=json, **kwargs)
  File "/home/byungkunlee/anaconda3/envs/ic3/lib/python3.6/site-packages/requests/api.py", line 61, in request
    return session.request(method=method, url=url, **kwargs)
  File "/home/byungkunlee/anaconda3/envs/ic3/lib/python3.6/site-packages/requests/sessions.py", line 530, in request
    resp = self.send(prep, **send_kwargs)
  File "/home/byungkunlee/anaconda3/envs/ic3/lib/python3.6/site-packages/requests/sessions.py", line 643, in send
    r = adapter.send(request, **kwargs)
  File "/home/byungkunlee/anaconda3/envs/ic3/lib/python3.6/site-packages/requests/adapters.py", line 516, in send
    raise ConnectionError(e, request=request)
requests.exceptions.ConnectionError: HTTPConnectionPool(host='localhost', port=8097): Max retries exceeded with url: /events (Caused by NewConnectionError('<urllib3.connection.HTTPConnection object at 0x7f4bb25c78d0>: Failed to establish a new connection: [Errno 111] Connection refused',))
Traceback (most recent call last):
  File "/home/byungkunlee/anaconda3/envs/ic3/lib/python3.6/site-packages/urllib3/connection.py", line 160, in _new_conn
    (self._dns_host, self.port), self.timeout, **extra_kw
  File "/home/byungkunlee/anaconda3/envs/ic3/lib/python3.6/site-packages/urllib3/util/connection.py", line 84, in create_connection
    raise err
  File "/home/byungkunlee/anaconda3/envs/ic3/lib/python3.6/site-packages/urllib3/util/connection.py", line 74, in create_connection
    sock.connect(sa)
ConnectionRefusedError: [Errno 111] Connection refused

During handling of the above exception, another exception occurred:

Traceback (most recent call last):
  File "/home/byungkunlee/anaconda3/envs/ic3/lib/python3.6/site-packages/urllib3/connectionpool.py", line 677, in urlopen
    chunked=chunked,
  File "/home/byungkunlee/anaconda3/envs/ic3/lib/python3.6/site-packages/urllib3/connectionpool.py", line 392, in _make_request
    conn.request(method, url, **httplib_request_kw)
  File "/home/byungkunlee/anaconda3/envs/ic3/lib/python3.6/http/client.py", line 1262, in request
    self._send_request(method, url, body, headers, encode_chunked)
  File "/home/byungkunlee/anaconda3/envs/ic3/lib/python3.6/http/client.py", line 1308, in _send_request
    self.endheaders(body, encode_chunked=encode_chunked)
  File "/home/byungkunlee/anaconda3/envs/ic3/lib/python3.6/http/client.py", line 1257, in endheaders
    self._send_output(message_body, encode_chunked=encode_chunked)
  File "/home/byungkunlee/anaconda3/envs/ic3/lib/python3.6/http/client.py", line 1036, in _send_output
    self.send(msg)
  File "/home/byungkunlee/anaconda3/envs/ic3/lib/python3.6/http/client.py", line 974, in send
    self.connect()
  File "/home/byungkunlee/anaconda3/envs/ic3/lib/python3.6/site-packages/urllib3/connection.py", line 187, in connect
    conn = self._new_conn()
  File "/home/byungkunlee/anaconda3/envs/ic3/lib/python3.6/site-packages/urllib3/connection.py", line 172, in _new_conn
    self, "Failed to establish a new connection: %s" % e
urllib3.exceptions.NewConnectionError: <urllib3.connection.HTTPConnection object at 0x7f4bc7289d68>: Failed to establish a new connection: [Errno 111] Connection refused

During handling of the above exception, another exception occurred:

Traceback (most recent call last):
  File "/home/byungkunlee/anaconda3/envs/ic3/lib/python3.6/site-packages/requests/adapters.py", line 449, in send
    timeout=timeout
  File "/home/byungkunlee/anaconda3/envs/ic3/lib/python3.6/site-packages/urllib3/connectionpool.py", line 727, in urlopen
    method, url, error=e, _pool=self, _stacktrace=sys.exc_info()[2]
  File "/home/byungkunlee/anaconda3/envs/ic3/lib/python3.6/site-packages/urllib3/util/retry.py", line 439, in increment
    raise MaxRetryError(_pool, url, error or ResponseError(cause))
urllib3.exceptions.MaxRetryError: HTTPConnectionPool(host='localhost', port=8097): Max retries exceeded with url: /events (Caused by NewConnectionError('<urllib3.connection.HTTPConnection object at 0x7f4bc7289d68>: Failed to establish a new connection: [Errno 111] Connection refused',))

During handling of the above exception, another exception occurred:

Traceback (most recent call last):
  File "/home/byungkunlee/anaconda3/envs/ic3/lib/python3.6/site-packages/visdom/__init__.py", line 228, in _send
    data=json.dumps(msg),
  File "/home/byungkunlee/anaconda3/envs/ic3/lib/python3.6/site-packages/requests/api.py", line 119, in post
    return request('post', url, data=data, json=json, **kwargs)
  File "/home/byungkunlee/anaconda3/envs/ic3/lib/python3.6/site-packages/requests/api.py", line 61, in request
    return session.request(method=method, url=url, **kwargs)
  File "/home/byungkunlee/anaconda3/envs/ic3/lib/python3.6/site-packages/requests/sessions.py", line 530, in request
    resp = self.send(prep, **send_kwargs)
  File "/home/byungkunlee/anaconda3/envs/ic3/lib/python3.6/site-packages/requests/sessions.py", line 643, in send
    r = adapter.send(request, **kwargs)
  File "/home/byungkunlee/anaconda3/envs/ic3/lib/python3.6/site-packages/requests/adapters.py", line 516, in send
    raise ConnectionError(e, request=request)
requests.exceptions.ConnectionError: HTTPConnectionPool(host='localhost', port=8097): Max retries exceeded with url: /events (Caused by NewConnectionError('<urllib3.connection.HTTPConnection object at 0x7f4bc7289d68>: Failed to establish a new connection: [Errno 111] Connection refused',))
Traceback (most recent call last):
  File "/home/byungkunlee/anaconda3/envs/ic3/lib/python3.6/site-packages/urllib3/connection.py", line 160, in _new_conn
    (self._dns_host, self.port), self.timeout, **extra_kw
  File "/home/byungkunlee/anaconda3/envs/ic3/lib/python3.6/site-packages/urllib3/util/connection.py", line 84, in create_connection
    raise err
  File "/home/byungkunlee/anaconda3/envs/ic3/lib/python3.6/site-packages/urllib3/util/connection.py", line 74, in create_connection
    sock.connect(sa)
ConnectionRefusedError: [Errno 111] Connection refused

During handling of the above exception, another exception occurred:

Traceback (most recent call last):
  File "/home/byungkunlee/anaconda3/envs/ic3/lib/python3.6/site-packages/urllib3/connectionpool.py", line 677, in urlopen
    chunked=chunked,
  File "/home/byungkunlee/anaconda3/envs/ic3/lib/python3.6/site-packages/urllib3/connectionpool.py", line 392, in _make_request
    conn.request(method, url, **httplib_request_kw)
  File "/home/byungkunlee/anaconda3/envs/ic3/lib/python3.6/http/client.py", line 1262, in request
    self._send_request(method, url, body, headers, encode_chunked)
  File "/home/byungkunlee/anaconda3/envs/ic3/lib/python3.6/http/client.py", line 1308, in _send_request
    self.endheaders(body, encode_chunked=encode_chunked)
  File "/home/byungkunlee/anaconda3/envs/ic3/lib/python3.6/http/client.py", line 1257, in endheaders
    self._send_output(message_body, encode_chunked=encode_chunked)
  File "/home/byungkunlee/anaconda3/envs/ic3/lib/python3.6/http/client.py", line 1036, in _send_output
    self.send(msg)
  File "/home/byungkunlee/anaconda3/envs/ic3/lib/python3.6/http/client.py", line 974, in send
    self.connect()
  File "/home/byungkunlee/anaconda3/envs/ic3/lib/python3.6/site-packages/urllib3/connection.py", line 187, in connect
    conn = self._new_conn()
  File "/home/byungkunlee/anaconda3/envs/ic3/lib/python3.6/site-packages/urllib3/connection.py", line 172, in _new_conn
    self, "Failed to establish a new connection: %s" % e
urllib3.exceptions.NewConnectionError: <urllib3.connection.HTTPConnection object at 0x7f4bc2ca8f28>: Failed to establish a new connection: [Errno 111] Connection refused

During handling of the above exception, another exception occurred:

Traceback (most recent call last):
  File "/home/byungkunlee/anaconda3/envs/ic3/lib/python3.6/site-packages/requests/adapters.py", line 449, in send
    timeout=timeout
  File "/home/byungkunlee/anaconda3/envs/ic3/lib/python3.6/site-packages/urllib3/connectionpool.py", line 727, in urlopen
    method, url, error=e, _pool=self, _stacktrace=sys.exc_info()[2]
  File "/home/byungkunlee/anaconda3/envs/ic3/lib/python3.6/site-packages/urllib3/util/retry.py", line 439, in increment
    raise MaxRetryError(_pool, url, error or ResponseError(cause))
urllib3.exceptions.MaxRetryError: HTTPConnectionPool(host='localhost', port=8097): Max retries exceeded with url: /events (Caused by NewConnectionError('<urllib3.connection.HTTPConnection object at 0x7f4bc2ca8f28>: Failed to establish a new connection: [Errno 111] Connection refused',))

During handling of the above exception, another exception occurred:

Traceback (most recent call last):
  File "/home/byungkunlee/anaconda3/envs/ic3/lib/python3.6/site-packages/visdom/__init__.py", line 228, in _send
    data=json.dumps(msg),
  File "/home/byungkunlee/anaconda3/envs/ic3/lib/python3.6/site-packages/requests/api.py", line 119, in post
    return request('post', url, data=data, json=json, **kwargs)
  File "/home/byungkunlee/anaconda3/envs/ic3/lib/python3.6/site-packages/requests/api.py", line 61, in request
    return session.request(method=method, url=url, **kwargs)
  File "/home/byungkunlee/anaconda3/envs/ic3/lib/python3.6/site-packages/requests/sessions.py", line 530, in request
    resp = self.send(prep, **send_kwargs)
  File "/home/byungkunlee/anaconda3/envs/ic3/lib/python3.6/site-packages/requests/sessions.py", line 643, in send
    r = adapter.send(request, **kwargs)
  File "/home/byungkunlee/anaconda3/envs/ic3/lib/python3.6/site-packages/requests/adapters.py", line 516, in send
    raise ConnectionError(e, request=request)
requests.exceptions.ConnectionError: HTTPConnectionPool(host='localhost', port=8097): Max retries exceeded with url: /events (Caused by NewConnectionError('<urllib3.connection.HTTPConnection object at 0x7f4bc2ca8f28>: Failed to establish a new connection: [Errno 111] Connection refused',))
Traceback (most recent call last):
  File "/home/byungkunlee/anaconda3/envs/ic3/lib/python3.6/site-packages/urllib3/connection.py", line 160, in _new_conn
    (self._dns_host, self.port), self.timeout, **extra_kw
  File "/home/byungkunlee/anaconda3/envs/ic3/lib/python3.6/site-packages/urllib3/util/connection.py", line 84, in create_connection
    raise err
  File "/home/byungkunlee/anaconda3/envs/ic3/lib/python3.6/site-packages/urllib3/util/connection.py", line 74, in create_connection
    sock.connect(sa)
ConnectionRefusedError: [Errno 111] Connection refused

During handling of the above exception, another exception occurred:

Traceback (most recent call last):
  File "/home/byungkunlee/anaconda3/envs/ic3/lib/python3.6/site-packages/urllib3/connectionpool.py", line 677, in urlopen
    chunked=chunked,
  File "/home/byungkunlee/anaconda3/envs/ic3/lib/python3.6/site-packages/urllib3/connectionpool.py", line 392, in _make_request
    conn.request(method, url, **httplib_request_kw)
  File "/home/byungkunlee/anaconda3/envs/ic3/lib/python3.6/http/client.py", line 1262, in request
    self._send_request(method, url, body, headers, encode_chunked)
  File "/home/byungkunlee/anaconda3/envs/ic3/lib/python3.6/http/client.py", line 1308, in _send_request
    self.endheaders(body, encode_chunked=encode_chunked)
  File "/home/byungkunlee/anaconda3/envs/ic3/lib/python3.6/http/client.py", line 1257, in endheaders
    self._send_output(message_body, encode_chunked=encode_chunked)
  File "/home/byungkunlee/anaconda3/envs/ic3/lib/python3.6/http/client.py", line 1036, in _send_output
    self.send(msg)
  File "/home/byungkunlee/anaconda3/envs/ic3/lib/python3.6/http/client.py", line 974, in send
    self.connect()
  File "/home/byungkunlee/anaconda3/envs/ic3/lib/python3.6/site-packages/urllib3/connection.py", line 187, in connect
    conn = self._new_conn()
  File "/home/byungkunlee/anaconda3/envs/ic3/lib/python3.6/site-packages/urllib3/connection.py", line 172, in _new_conn
    self, "Failed to establish a new connection: %s" % e
urllib3.exceptions.NewConnectionError: <urllib3.connection.HTTPConnection object at 0x7f4bb25c74e0>: Failed to establish a new connection: [Errno 111] Connection refused

During handling of the above exception, another exception occurred:

Traceback (most recent call last):
  File "/home/byungkunlee/anaconda3/envs/ic3/lib/python3.6/site-packages/requests/adapters.py", line 449, in send
    timeout=timeout
  File "/home/byungkunlee/anaconda3/envs/ic3/lib/python3.6/site-packages/urllib3/connectionpool.py", line 727, in urlopen
    method, url, error=e, _pool=self, _stacktrace=sys.exc_info()[2]
  File "/home/byungkunlee/anaconda3/envs/ic3/lib/python3.6/site-packages/urllib3/util/retry.py", line 439, in increment
    raise MaxRetryError(_pool, url, error or ResponseError(cause))
urllib3.exceptions.MaxRetryError: HTTPConnectionPool(host='localhost', port=8097): Max retries exceeded with url: /events (Caused by NewConnectionError('<urllib3.connection.HTTPConnection object at 0x7f4bb25c74e0>: Failed to establish a new connection: [Errno 111] Connection refused',))

During handling of the above exception, another exception occurred:

Traceback (most recent call last):
  File "/home/byungkunlee/anaconda3/envs/ic3/lib/python3.6/site-packages/visdom/__init__.py", line 228, in _send
    data=json.dumps(msg),
  File "/home/byungkunlee/anaconda3/envs/ic3/lib/python3.6/site-packages/requests/api.py", line 119, in post
    return request('post', url, data=data, json=json, **kwargs)
  File "/home/byungkunlee/anaconda3/envs/ic3/lib/python3.6/site-packages/requests/api.py", line 61, in request
    return session.request(method=method, url=url, **kwargs)
  File "/home/byungkunlee/anaconda3/envs/ic3/lib/python3.6/site-packages/requests/sessions.py", line 530, in request
    resp = self.send(prep, **send_kwargs)
  File "/home/byungkunlee/anaconda3/envs/ic3/lib/python3.6/site-packages/requests/sessions.py", line 643, in send
    r = adapter.send(request, **kwargs)
  File "/home/byungkunlee/anaconda3/envs/ic3/lib/python3.6/site-packages/requests/adapters.py", line 516, in send
    raise ConnectionError(e, request=request)
requests.exceptions.ConnectionError: HTTPConnectionPool(host='localhost', port=8097): Max retries exceeded with url: /events (Caused by NewConnectionError('<urllib3.connection.HTTPConnection object at 0x7f4bb25c74e0>: Failed to establish a new connection: [Errno 111] Connection refused',))
Traceback (most recent call last):
  File "/home/byungkunlee/anaconda3/envs/ic3/lib/python3.6/site-packages/urllib3/connection.py", line 160, in _new_conn
    (self._dns_host, self.port), self.timeout, **extra_kw
  File "/home/byungkunlee/anaconda3/envs/ic3/lib/python3.6/site-packages/urllib3/util/connection.py", line 84, in create_connection
    raise err
  File "/home/byungkunlee/anaconda3/envs/ic3/lib/python3.6/site-packages/urllib3/util/connection.py", line 74, in create_connection
    sock.connect(sa)
ConnectionRefusedError: [Errno 111] Connection refused

During handling of the above exception, another exception occurred:

Traceback (most recent call last):
  File "/home/byungkunlee/anaconda3/envs/ic3/lib/python3.6/site-packages/urllib3/connectionpool.py", line 677, in urlopen
    chunked=chunked,
  File "/home/byungkunlee/anaconda3/envs/ic3/lib/python3.6/site-packages/urllib3/connectionpool.py", line 392, in _make_request
    conn.request(method, url, **httplib_request_kw)
  File "/home/byungkunlee/anaconda3/envs/ic3/lib/python3.6/http/client.py", line 1262, in request
    self._send_request(method, url, body, headers, encode_chunked)
  File "/home/byungkunlee/anaconda3/envs/ic3/lib/python3.6/http/client.py", line 1308, in _send_request
    self.endheaders(body, encode_chunked=encode_chunked)
  File "/home/byungkunlee/anaconda3/envs/ic3/lib/python3.6/http/client.py", line 1257, in endheaders
    self._send_output(message_body, encode_chunked=encode_chunked)
  File "/home/byungkunlee/anaconda3/envs/ic3/lib/python3.6/http/client.py", line 1036, in _send_output
    self.send(msg)
  File "/home/byungkunlee/anaconda3/envs/ic3/lib/python3.6/http/client.py", line 974, in send
    self.connect()
  File "/home/byungkunlee/anaconda3/envs/ic3/lib/python3.6/site-packages/urllib3/connection.py", line 187, in connect
    conn = self._new_conn()
  File "/home/byungkunlee/anaconda3/envs/ic3/lib/python3.6/site-packages/urllib3/connection.py", line 172, in _new_conn
    self, "Failed to establish a new connection: %s" % e
urllib3.exceptions.NewConnectionError: <urllib3.connection.HTTPConnection object at 0x7f4bc2d1f080>: Failed to establish a new connection: [Errno 111] Connection refused

During handling of the above exception, another exception occurred:

Traceback (most recent call last):
  File "/home/byungkunlee/anaconda3/envs/ic3/lib/python3.6/site-packages/requests/adapters.py", line 449, in send
    timeout=timeout
  File "/home/byungkunlee/anaconda3/envs/ic3/lib/python3.6/site-packages/urllib3/connectionpool.py", line 727, in urlopen
    method, url, error=e, _pool=self, _stacktrace=sys.exc_info()[2]
  File "/home/byungkunlee/anaconda3/envs/ic3/lib/python3.6/site-packages/urllib3/util/retry.py", line 439, in increment
    raise MaxRetryError(_pool, url, error or ResponseError(cause))
urllib3.exceptions.MaxRetryError: HTTPConnectionPool(host='localhost', port=8097): Max retries exceeded with url: /events (Caused by NewConnectionError('<urllib3.connection.HTTPConnection object at 0x7f4bc2d1f080>: Failed to establish a new connection: [Errno 111] Connection refused',))

During handling of the above exception, another exception occurred:

Traceback (most recent call last):
  File "/home/byungkunlee/anaconda3/envs/ic3/lib/python3.6/site-packages/visdom/__init__.py", line 228, in _send
    data=json.dumps(msg),
  File "/home/byungkunlee/anaconda3/envs/ic3/lib/python3.6/site-packages/requests/api.py", line 119, in post
    return request('post', url, data=data, json=json, **kwargs)
  File "/home/byungkunlee/anaconda3/envs/ic3/lib/python3.6/site-packages/requests/api.py", line 61, in request
    return session.request(method=method, url=url, **kwargs)
  File "/home/byungkunlee/anaconda3/envs/ic3/lib/python3.6/site-packages/requests/sessions.py", line 530, in request
    resp = self.send(prep, **send_kwargs)
  File "/home/byungkunlee/anaconda3/envs/ic3/lib/python3.6/site-packages/requests/sessions.py", line 643, in send
    r = adapter.send(request, **kwargs)
  File "/home/byungkunlee/anaconda3/envs/ic3/lib/python3.6/site-packages/requests/adapters.py", line 516, in send
    raise ConnectionError(e, request=request)
requests.exceptions.ConnectionError: HTTPConnectionPool(host='localhost', port=8097): Max retries exceeded with url: /events (Caused by NewConnectionError('<urllib3.connection.HTTPConnection object at 0x7f4bc2d1f080>: Failed to establish a new connection: [Errno 111] Connection refused',))
Traceback (most recent call last):
  File "/home/byungkunlee/anaconda3/envs/ic3/lib/python3.6/site-packages/urllib3/connection.py", line 160, in _new_conn
    (self._dns_host, self.port), self.timeout, **extra_kw
  File "/home/byungkunlee/anaconda3/envs/ic3/lib/python3.6/site-packages/urllib3/util/connection.py", line 84, in create_connection
    raise err
  File "/home/byungkunlee/anaconda3/envs/ic3/lib/python3.6/site-packages/urllib3/util/connection.py", line 74, in create_connection
    sock.connect(sa)
ConnectionRefusedError: [Errno 111] Connection refused

During handling of the above exception, another exception occurred:

Traceback (most recent call last):
  File "/home/byungkunlee/anaconda3/envs/ic3/lib/python3.6/site-packages/urllib3/connectionpool.py", line 677, in urlopen
    chunked=chunked,
  File "/home/byungkunlee/anaconda3/envs/ic3/lib/python3.6/site-packages/urllib3/connectionpool.py", line 392, in _make_request
    conn.request(method, url, **httplib_request_kw)
  File "/home/byungkunlee/anaconda3/envs/ic3/lib/python3.6/http/client.py", line 1262, in request
    self._send_request(method, url, body, headers, encode_chunked)
  File "/home/byungkunlee/anaconda3/envs/ic3/lib/python3.6/http/client.py", line 1308, in _send_request
    self.endheaders(body, encode_chunked=encode_chunked)
  File "/home/byungkunlee/anaconda3/envs/ic3/lib/python3.6/http/client.py", line 1257, in endheaders
    self._send_output(message_body, encode_chunked=encode_chunked)
  File "/home/byungkunlee/anaconda3/envs/ic3/lib/python3.6/http/client.py", line 1036, in _send_output
    self.send(msg)
  File "/home/byungkunlee/anaconda3/envs/ic3/lib/python3.6/http/client.py", line 974, in send
    self.connect()
  File "/home/byungkunlee/anaconda3/envs/ic3/lib/python3.6/site-packages/urllib3/connection.py", line 187, in connect
    conn = self._new_conn()
  File "/home/byungkunlee/anaconda3/envs/ic3/lib/python3.6/site-packages/urllib3/connection.py", line 172, in _new_conn
    self, "Failed to establish a new connection: %s" % e
urllib3.exceptions.NewConnectionError: <urllib3.connection.HTTPConnection object at 0x7f4bc2d1f898>: Failed to establish a new connection: [Errno 111] Connection refused

During handling of the above exception, another exception occurred:

Traceback (most recent call last):
  File "/home/byungkunlee/anaconda3/envs/ic3/lib/python3.6/site-packages/requests/adapters.py", line 449, in send
    timeout=timeout
  File "/home/byungkunlee/anaconda3/envs/ic3/lib/python3.6/site-packages/urllib3/connectionpool.py", line 727, in urlopen
    method, url, error=e, _pool=self, _stacktrace=sys.exc_info()[2]
  File "/home/byungkunlee/anaconda3/envs/ic3/lib/python3.6/site-packages/urllib3/util/retry.py", line 439, in increment
    raise MaxRetryError(_pool, url, error or ResponseError(cause))
urllib3.exceptions.MaxRetryError: HTTPConnectionPool(host='localhost', port=8097): Max retries exceeded with url: /events (Caused by NewConnectionError('<urllib3.connection.HTTPConnection object at 0x7f4bc2d1f898>: Failed to establish a new connection: [Errno 111] Connection refused',))

During handling of the above exception, another exception occurred:

Traceback (most recent call last):
  File "/home/byungkunlee/anaconda3/envs/ic3/lib/python3.6/site-packages/visdom/__init__.py", line 228, in _send
    data=json.dumps(msg),
  File "/home/byungkunlee/anaconda3/envs/ic3/lib/python3.6/site-packages/requests/api.py", line 119, in post
    return request('post', url, data=data, json=json, **kwargs)
  File "/home/byungkunlee/anaconda3/envs/ic3/lib/python3.6/site-packages/requests/api.py", line 61, in request
    return session.request(method=method, url=url, **kwargs)
  File "/home/byungkunlee/anaconda3/envs/ic3/lib/python3.6/site-packages/requests/sessions.py", line 530, in request
    resp = self.send(prep, **send_kwargs)
  File "/home/byungkunlee/anaconda3/envs/ic3/lib/python3.6/site-packages/requests/sessions.py", line 643, in send
    r = adapter.send(request, **kwargs)
  File "/home/byungkunlee/anaconda3/envs/ic3/lib/python3.6/site-packages/requests/adapters.py", line 516, in send
    raise ConnectionError(e, request=request)
requests.exceptions.ConnectionError: HTTPConnectionPool(host='localhost', port=8097): Max retries exceeded with url: /events (Caused by NewConnectionError('<urllib3.connection.HTTPConnection object at 0x7f4bc2d1f898>: Failed to establish a new connection: [Errno 111] Connection refused',))
Traceback (most recent call last):
  File "/home/byungkunlee/anaconda3/envs/ic3/lib/python3.6/site-packages/urllib3/connection.py", line 160, in _new_conn
    (self._dns_host, self.port), self.timeout, **extra_kw
  File "/home/byungkunlee/anaconda3/envs/ic3/lib/python3.6/site-packages/urllib3/util/connection.py", line 84, in create_connection
    raise err
  File "/home/byungkunlee/anaconda3/envs/ic3/lib/python3.6/site-packages/urllib3/util/connection.py", line 74, in create_connection
    sock.connect(sa)
ConnectionRefusedError: [Errno 111] Connection refused

During handling of the above exception, another exception occurred:

Traceback (most recent call last):
  File "/home/byungkunlee/anaconda3/envs/ic3/lib/python3.6/site-packages/urllib3/connectionpool.py", line 677, in urlopen
    chunked=chunked,
  File "/home/byungkunlee/anaconda3/envs/ic3/lib/python3.6/site-packages/urllib3/connectionpool.py", line 392, in _make_request
    conn.request(method, url, **httplib_request_kw)
  File "/home/byungkunlee/anaconda3/envs/ic3/lib/python3.6/http/client.py", line 1262, in request
    self._send_request(method, url, body, headers, encode_chunked)
  File "/home/byungkunlee/anaconda3/envs/ic3/lib/python3.6/http/client.py", line 1308, in _send_request
    self.endheaders(body, encode_chunked=encode_chunked)
  File "/home/byungkunlee/anaconda3/envs/ic3/lib/python3.6/http/client.py", line 1257, in endheaders
    self._send_output(message_body, encode_chunked=encode_chunked)
  File "/home/byungkunlee/anaconda3/envs/ic3/lib/python3.6/http/client.py", line 1036, in _send_output
    self.send(msg)
  File "/home/byungkunlee/anaconda3/envs/ic3/lib/python3.6/http/client.py", line 974, in send
    self.connect()
  File "/home/byungkunlee/anaconda3/envs/ic3/lib/python3.6/site-packages/urllib3/connection.py", line 187, in connect
    conn = self._new_conn()
  File "/home/byungkunlee/anaconda3/envs/ic3/lib/python3.6/site-packages/urllib3/connection.py", line 172, in _new_conn
    self, "Failed to establish a new connection: %s" % e
urllib3.exceptions.NewConnectionError: <urllib3.connection.HTTPConnection object at 0x7f4bc2ca8b00>: Failed to establish a new connection: [Errno 111] Connection refused

During handling of the above exception, another exception occurred:

Traceback (most recent call last):
  File "/home/byungkunlee/anaconda3/envs/ic3/lib/python3.6/site-packages/requests/adapters.py", line 449, in send
    timeout=timeout
  File "/home/byungkunlee/anaconda3/envs/ic3/lib/python3.6/site-packages/urllib3/connectionpool.py", line 727, in urlopen
    method, url, error=e, _pool=self, _stacktrace=sys.exc_info()[2]
  File "/home/byungkunlee/anaconda3/envs/ic3/lib/python3.6/site-packages/urllib3/util/retry.py", line 439, in increment
    raise MaxRetryError(_pool, url, error or ResponseError(cause))
urllib3.exceptions.MaxRetryError: HTTPConnectionPool(host='localhost', port=8097): Max retries exceeded with url: /events (Caused by NewConnectionError('<urllib3.connection.HTTPConnection object at 0x7f4bc2ca8b00>: Failed to establish a new connection: [Errno 111] Connection refused',))

During handling of the above exception, another exception occurred:

Traceback (most recent call last):
  File "/home/byungkunlee/anaconda3/envs/ic3/lib/python3.6/site-packages/visdom/__init__.py", line 228, in _send
    data=json.dumps(msg),
  File "/home/byungkunlee/anaconda3/envs/ic3/lib/python3.6/site-packages/requests/api.py", line 119, in post
    return request('post', url, data=data, json=json, **kwargs)
  File "/home/byungkunlee/anaconda3/envs/ic3/lib/python3.6/site-packages/requests/api.py", line 61, in request
    return session.request(method=method, url=url, **kwargs)
  File "/home/byungkunlee/anaconda3/envs/ic3/lib/python3.6/site-packages/requests/sessions.py", line 530, in request
    resp = self.send(prep, **send_kwargs)
  File "/home/byungkunlee/anaconda3/envs/ic3/lib/python3.6/site-packages/requests/sessions.py", line 643, in send
    r = adapter.send(request, **kwargs)
  File "/home/byungkunlee/anaconda3/envs/ic3/lib/python3.6/site-packages/requests/adapters.py", line 516, in send
    raise ConnectionError(e, request=request)
requests.exceptions.ConnectionError: HTTPConnectionPool(host='localhost', port=8097): Max retries exceeded with url: /events (Caused by NewConnectionError('<urllib3.connection.HTTPConnection object at 0x7f4bc2ca8b00>: Failed to establish a new connection: [Errno 111] Connection refused',))
Traceback (most recent call last):
  File "/home/byungkunlee/anaconda3/envs/ic3/lib/python3.6/site-packages/urllib3/connection.py", line 160, in _new_conn
    (self._dns_host, self.port), self.timeout, **extra_kw
  File "/home/byungkunlee/anaconda3/envs/ic3/lib/python3.6/site-packages/urllib3/util/connection.py", line 84, in create_connection
    raise err
  File "/home/byungkunlee/anaconda3/envs/ic3/lib/python3.6/site-packages/urllib3/util/connection.py", line 74, in create_connection
    sock.connect(sa)
ConnectionRefusedError: [Errno 111] Connection refused

During handling of the above exception, another exception occurred:

Traceback (most recent call last):
  File "/home/byungkunlee/anaconda3/envs/ic3/lib/python3.6/site-packages/urllib3/connectionpool.py", line 677, in urlopen
    chunked=chunked,
  File "/home/byungkunlee/anaconda3/envs/ic3/lib/python3.6/site-packages/urllib3/connectionpool.py", line 392, in _make_request
    conn.request(method, url, **httplib_request_kw)
  File "/home/byungkunlee/anaconda3/envs/ic3/lib/python3.6/http/client.py", line 1262, in request
    self._send_request(method, url, body, headers, encode_chunked)
  File "/home/byungkunlee/anaconda3/envs/ic3/lib/python3.6/http/client.py", line 1308, in _send_request
    self.endheaders(body, encode_chunked=encode_chunked)
  File "/home/byungkunlee/anaconda3/envs/ic3/lib/python3.6/http/client.py", line 1257, in endheaders
    self._send_output(message_body, encode_chunked=encode_chunked)
  File "/home/byungkunlee/anaconda3/envs/ic3/lib/python3.6/http/client.py", line 1036, in _send_output
    self.send(msg)
  File "/home/byungkunlee/anaconda3/envs/ic3/lib/python3.6/http/client.py", line 974, in send
    self.connect()
  File "/home/byungkunlee/anaconda3/envs/ic3/lib/python3.6/site-packages/urllib3/connection.py", line 187, in connect
    conn = self._new_conn()
  File "/home/byungkunlee/anaconda3/envs/ic3/lib/python3.6/site-packages/urllib3/connection.py", line 172, in _new_conn
    self, "Failed to establish a new connection: %s" % e
urllib3.exceptions.NewConnectionError: <urllib3.connection.HTTPConnection object at 0x7f4bc7252d30>: Failed to establish a new connection: [Errno 111] Connection refused

During handling of the above exception, another exception occurred:

Traceback (most recent call last):
  File "/home/byungkunlee/anaconda3/envs/ic3/lib/python3.6/site-packages/requests/adapters.py", line 449, in send
    timeout=timeout
  File "/home/byungkunlee/anaconda3/envs/ic3/lib/python3.6/site-packages/urllib3/connectionpool.py", line 727, in urlopen
    method, url, error=e, _pool=self, _stacktrace=sys.exc_info()[2]
  File "/home/byungkunlee/anaconda3/envs/ic3/lib/python3.6/site-packages/urllib3/util/retry.py", line 439, in increment
    raise MaxRetryError(_pool, url, error or ResponseError(cause))
urllib3.exceptions.MaxRetryError: HTTPConnectionPool(host='localhost', port=8097): Max retries exceeded with url: /events (Caused by NewConnectionError('<urllib3.connection.HTTPConnection object at 0x7f4bc7252d30>: Failed to establish a new connection: [Errno 111] Connection refused',))

During handling of the above exception, another exception occurred:

Traceback (most recent call last):
  File "/home/byungkunlee/anaconda3/envs/ic3/lib/python3.6/site-packages/visdom/__init__.py", line 228, in _send
    data=json.dumps(msg),
  File "/home/byungkunlee/anaconda3/envs/ic3/lib/python3.6/site-packages/requests/api.py", line 119, in post
    return request('post', url, data=data, json=json, **kwargs)
  File "/home/byungkunlee/anaconda3/envs/ic3/lib/python3.6/site-packages/requests/api.py", line 61, in request
    return session.request(method=method, url=url, **kwargs)
  File "/home/byungkunlee/anaconda3/envs/ic3/lib/python3.6/site-packages/requests/sessions.py", line 530, in request
    resp = self.send(prep, **send_kwargs)
  File "/home/byungkunlee/anaconda3/envs/ic3/lib/python3.6/site-packages/requests/sessions.py", line 643, in send
    r = adapter.send(request, **kwargs)
  File "/home/byungkunlee/anaconda3/envs/ic3/lib/python3.6/site-packages/requests/adapters.py", line 516, in send
    raise ConnectionError(e, request=request)
requests.exceptions.ConnectionError: HTTPConnectionPool(host='localhost', port=8097): Max retries exceeded with url: /events (Caused by NewConnectionError('<urllib3.connection.HTTPConnection object at 0x7f4bc7252d30>: Failed to establish a new connection: [Errno 111] Connection refused',))
Traceback (most recent call last):
  File "/home/byungkunlee/anaconda3/envs/ic3/lib/python3.6/site-packages/urllib3/connection.py", line 160, in _new_conn
    (self._dns_host, self.port), self.timeout, **extra_kw
  File "/home/byungkunlee/anaconda3/envs/ic3/lib/python3.6/site-packages/urllib3/util/connection.py", line 84, in create_connection
    raise err
  File "/home/byungkunlee/anaconda3/envs/ic3/lib/python3.6/site-packages/urllib3/util/connection.py", line 74, in create_connection
    sock.connect(sa)
ConnectionRefusedError: [Errno 111] Connection refused

During handling of the above exception, another exception occurred:

Traceback (most recent call last):
  File "/home/byungkunlee/anaconda3/envs/ic3/lib/python3.6/site-packages/urllib3/connectionpool.py", line 677, in urlopen
    chunked=chunked,
  File "/home/byungkunlee/anaconda3/envs/ic3/lib/python3.6/site-packages/urllib3/connectionpool.py", line 392, in _make_request
    conn.request(method, url, **httplib_request_kw)
  File "/home/byungkunlee/anaconda3/envs/ic3/lib/python3.6/http/client.py", line 1262, in request
    self._send_request(method, url, body, headers, encode_chunked)
  File "/home/byungkunlee/anaconda3/envs/ic3/lib/python3.6/http/client.py", line 1308, in _send_request
    self.endheaders(body, encode_chunked=encode_chunked)
  File "/home/byungkunlee/anaconda3/envs/ic3/lib/python3.6/http/client.py", line 1257, in endheaders
    self._send_output(message_body, encode_chunked=encode_chunked)
  File "/home/byungkunlee/anaconda3/envs/ic3/lib/python3.6/http/client.py", line 1036, in _send_output
    self.send(msg)
  File "/home/byungkunlee/anaconda3/envs/ic3/lib/python3.6/http/client.py", line 974, in send
    self.connect()
  File "/home/byungkunlee/anaconda3/envs/ic3/lib/python3.6/site-packages/urllib3/connection.py", line 187, in connect
    conn = self._new_conn()
  File "/home/byungkunlee/anaconda3/envs/ic3/lib/python3.6/site-packages/urllib3/connection.py", line 172, in _new_conn
    self, "Failed to establish a new connection: %s" % e
urllib3.exceptions.NewConnectionError: <urllib3.connection.HTTPConnection object at 0x7f4bb25b0518>: Failed to establish a new connection: [Errno 111] Connection refused

During handling of the above exception, another exception occurred:

Traceback (most recent call last):
  File "/home/byungkunlee/anaconda3/envs/ic3/lib/python3.6/site-packages/requests/adapters.py", line 449, in send
    timeout=timeout
  File "/home/byungkunlee/anaconda3/envs/ic3/lib/python3.6/site-packages/urllib3/connectionpool.py", line 727, in urlopen
    method, url, error=e, _pool=self, _stacktrace=sys.exc_info()[2]
  File "/home/byungkunlee/anaconda3/envs/ic3/lib/python3.6/site-packages/urllib3/util/retry.py", line 439, in increment
    raise MaxRetryError(_pool, url, error or ResponseError(cause))
urllib3.exceptions.MaxRetryError: HTTPConnectionPool(host='localhost', port=8097): Max retries exceeded with url: /events (Caused by NewConnectionError('<urllib3.connection.HTTPConnection object at 0x7f4bb25b0518>: Failed to establish a new connection: [Errno 111] Connection refused',))

During handling of the above exception, another exception occurred:

Traceback (most recent call last):
  File "/home/byungkunlee/anaconda3/envs/ic3/lib/python3.6/site-packages/visdom/__init__.py", line 228, in _send
    data=json.dumps(msg),
  File "/home/byungkunlee/anaconda3/envs/ic3/lib/python3.6/site-packages/requests/api.py", line 119, in post
    return request('post', url, data=data, json=json, **kwargs)
  File "/home/byungkunlee/anaconda3/envs/ic3/lib/python3.6/site-packages/requests/api.py", line 61, in request
    return session.request(method=method, url=url, **kwargs)
  File "/home/byungkunlee/anaconda3/envs/ic3/lib/python3.6/site-packages/requests/sessions.py", line 530, in request
    resp = self.send(prep, **send_kwargs)
  File "/home/byungkunlee/anaconda3/envs/ic3/lib/python3.6/site-packages/requests/sessions.py", line 643, in send
    r = adapter.send(request, **kwargs)
  File "/home/byungkunlee/anaconda3/envs/ic3/lib/python3.6/site-packages/requests/adapters.py", line 516, in send
    raise ConnectionError(e, request=request)
requests.exceptions.ConnectionError: HTTPConnectionPool(host='localhost', port=8097): Max retries exceeded with url: /events (Caused by NewConnectionError('<urllib3.connection.HTTPConnection object at 0x7f4bb25b0518>: Failed to establish a new connection: [Errno 111] Connection refused',))
Traceback (most recent call last):
  File "/home/byungkunlee/anaconda3/envs/ic3/lib/python3.6/site-packages/urllib3/connection.py", line 160, in _new_conn
    (self._dns_host, self.port), self.timeout, **extra_kw
  File "/home/byungkunlee/anaconda3/envs/ic3/lib/python3.6/site-packages/urllib3/util/connection.py", line 84, in create_connection
    raise err
  File "/home/byungkunlee/anaconda3/envs/ic3/lib/python3.6/site-packages/urllib3/util/connection.py", line 74, in create_connection
    sock.connect(sa)
ConnectionRefusedError: [Errno 111] Connection refused

During handling of the above exception, another exception occurred:

Traceback (most recent call last):
  File "/home/byungkunlee/anaconda3/envs/ic3/lib/python3.6/site-packages/urllib3/connectionpool.py", line 677, in urlopen
    chunked=chunked,
  File "/home/byungkunlee/anaconda3/envs/ic3/lib/python3.6/site-packages/urllib3/connectionpool.py", line 392, in _make_request
    conn.request(method, url, **httplib_request_kw)
  File "/home/byungkunlee/anaconda3/envs/ic3/lib/python3.6/http/client.py", line 1262, in request
    self._send_request(method, url, body, headers, encode_chunked)
  File "/home/byungkunlee/anaconda3/envs/ic3/lib/python3.6/http/client.py", line 1308, in _send_request
    self.endheaders(body, encode_chunked=encode_chunked)
  File "/home/byungkunlee/anaconda3/envs/ic3/lib/python3.6/http/client.py", line 1257, in endheaders
    self._send_output(message_body, encode_chunked=encode_chunked)
  File "/home/byungkunlee/anaconda3/envs/ic3/lib/python3.6/http/client.py", line 1036, in _send_output
    self.send(msg)
  File "/home/byungkunlee/anaconda3/envs/ic3/lib/python3.6/http/client.py", line 974, in send
    self.connect()
  File "/home/byungkunlee/anaconda3/envs/ic3/lib/python3.6/site-packages/urllib3/connection.py", line 187, in connect
    conn = self._new_conn()
  File "/home/byungkunlee/anaconda3/envs/ic3/lib/python3.6/site-packages/urllib3/connection.py", line 172, in _new_conn
    self, "Failed to establish a new connection: %s" % e
urllib3.exceptions.NewConnectionError: <urllib3.connection.HTTPConnection object at 0x7f4bb25b0cf8>: Failed to establish a new connection: [Errno 111] Connection refused

During handling of the above exception, another exception occurred:

Traceback (most recent call last):
  File "/home/byungkunlee/anaconda3/envs/ic3/lib/python3.6/site-packages/requests/adapters.py", line 449, in send
    timeout=timeout
  File "/home/byungkunlee/anaconda3/envs/ic3/lib/python3.6/site-packages/urllib3/connectionpool.py", line 727, in urlopen
    method, url, error=e, _pool=self, _stacktrace=sys.exc_info()[2]
  File "/home/byungkunlee/anaconda3/envs/ic3/lib/python3.6/site-packages/urllib3/util/retry.py", line 439, in increment
    raise MaxRetryError(_pool, url, error or ResponseError(cause))
urllib3.exceptions.MaxRetryError: HTTPConnectionPool(host='localhost', port=8097): Max retries exceeded with url: /events (Caused by NewConnectionError('<urllib3.connection.HTTPConnection object at 0x7f4bb25b0cf8>: Failed to establish a new connection: [Errno 111] Connection refused',))

During handling of the above exception, another exception occurred:

Traceback (most recent call last):
  File "/home/byungkunlee/anaconda3/envs/ic3/lib/python3.6/site-packages/visdom/__init__.py", line 228, in _send
    data=json.dumps(msg),
  File "/home/byungkunlee/anaconda3/envs/ic3/lib/python3.6/site-packages/requests/api.py", line 119, in post
    return request('post', url, data=data, json=json, **kwargs)
  File "/home/byungkunlee/anaconda3/envs/ic3/lib/python3.6/site-packages/requests/api.py", line 61, in request
    return session.request(method=method, url=url, **kwargs)
  File "/home/byungkunlee/anaconda3/envs/ic3/lib/python3.6/site-packages/requests/sessions.py", line 530, in request
    resp = self.send(prep, **send_kwargs)
  File "/home/byungkunlee/anaconda3/envs/ic3/lib/python3.6/site-packages/requests/sessions.py", line 643, in send
    r = adapter.send(request, **kwargs)
  File "/home/byungkunlee/anaconda3/envs/ic3/lib/python3.6/site-packages/requests/adapters.py", line 516, in send
    raise ConnectionError(e, request=request)
requests.exceptions.ConnectionError: HTTPConnectionPool(host='localhost', port=8097): Max retries exceeded with url: /events (Caused by NewConnectionError('<urllib3.connection.HTTPConnection object at 0x7f4bb25b0cf8>: Failed to establish a new connection: [Errno 111] Connection refused',))
Traceback (most recent call last):
  File "/home/byungkunlee/anaconda3/envs/ic3/lib/python3.6/site-packages/urllib3/connection.py", line 160, in _new_conn
    (self._dns_host, self.port), self.timeout, **extra_kw
  File "/home/byungkunlee/anaconda3/envs/ic3/lib/python3.6/site-packages/urllib3/util/connection.py", line 84, in create_connection
    raise err
  File "/home/byungkunlee/anaconda3/envs/ic3/lib/python3.6/site-packages/urllib3/util/connection.py", line 74, in create_connection
    sock.connect(sa)
ConnectionRefusedError: [Errno 111] Connection refused

During handling of the above exception, another exception occurred:

Traceback (most recent call last):
  File "/home/byungkunlee/anaconda3/envs/ic3/lib/python3.6/site-packages/urllib3/connectionpool.py", line 677, in urlopen
    chunked=chunked,
  File "/home/byungkunlee/anaconda3/envs/ic3/lib/python3.6/site-packages/urllib3/connectionpool.py", line 392, in _make_request
    conn.request(method, url, **httplib_request_kw)
  File "/home/byungkunlee/anaconda3/envs/ic3/lib/python3.6/http/client.py", line 1262, in request
    self._send_request(method, url, body, headers, encode_chunked)
  File "/home/byungkunlee/anaconda3/envs/ic3/lib/python3.6/http/client.py", line 1308, in _send_request
    self.endheaders(body, encode_chunked=encode_chunked)
  File "/home/byungkunlee/anaconda3/envs/ic3/lib/python3.6/http/client.py", line 1257, in endheaders
    self._send_output(message_body, encode_chunked=encode_chunked)
  File "/home/byungkunlee/anaconda3/envs/ic3/lib/python3.6/http/client.py", line 1036, in _send_output
    self.send(msg)
  File "/home/byungkunlee/anaconda3/envs/ic3/lib/python3.6/http/client.py", line 974, in send
    self.connect()
  File "/home/byungkunlee/anaconda3/envs/ic3/lib/python3.6/site-packages/urllib3/connection.py", line 187, in connect
    conn = self._new_conn()
  File "/home/byungkunlee/anaconda3/envs/ic3/lib/python3.6/site-packages/urllib3/connection.py", line 172, in _new_conn
    self, "Failed to establish a new connection: %s" % e
urllib3.exceptions.NewConnectionError: <urllib3.connection.HTTPConnection object at 0x7f4bb25b1438>: Failed to establish a new connection: [Errno 111] Connection refused

During handling of the above exception, another exception occurred:

Traceback (most recent call last):
  File "/home/byungkunlee/anaconda3/envs/ic3/lib/python3.6/site-packages/requests/adapters.py", line 449, in send
    timeout=timeout
  File "/home/byungkunlee/anaconda3/envs/ic3/lib/python3.6/site-packages/urllib3/connectionpool.py", line 727, in urlopen
    method, url, error=e, _pool=self, _stacktrace=sys.exc_info()[2]
  File "/home/byungkunlee/anaconda3/envs/ic3/lib/python3.6/site-packages/urllib3/util/retry.py", line 439, in increment
    raise MaxRetryError(_pool, url, error or ResponseError(cause))
urllib3.exceptions.MaxRetryError: HTTPConnectionPool(host='localhost', port=8097): Max retries exceeded with url: /events (Caused by NewConnectionError('<urllib3.connection.HTTPConnection object at 0x7f4bb25b1438>: Failed to establish a new connection: [Errno 111] Connection refused',))

During handling of the above exception, another exception occurred:

Traceback (most recent call last):
  File "/home/byungkunlee/anaconda3/envs/ic3/lib/python3.6/site-packages/visdom/__init__.py", line 228, in _send
    data=json.dumps(msg),
  File "/home/byungkunlee/anaconda3/envs/ic3/lib/python3.6/site-packages/requests/api.py", line 119, in post
    return request('post', url, data=data, json=json, **kwargs)
  File "/home/byungkunlee/anaconda3/envs/ic3/lib/python3.6/site-packages/requests/api.py", line 61, in request
    return session.request(method=method, url=url, **kwargs)
  File "/home/byungkunlee/anaconda3/envs/ic3/lib/python3.6/site-packages/requests/sessions.py", line 530, in request
    resp = self.send(prep, **send_kwargs)
  File "/home/byungkunlee/anaconda3/envs/ic3/lib/python3.6/site-packages/requests/sessions.py", line 643, in send
    r = adapter.send(request, **kwargs)
  File "/home/byungkunlee/anaconda3/envs/ic3/lib/python3.6/site-packages/requests/adapters.py", line 516, in send
    raise ConnectionError(e, request=request)
requests.exceptions.ConnectionError: HTTPConnectionPool(host='localhost', port=8097): Max retries exceeded with url: /events (Caused by NewConnectionError('<urllib3.connection.HTTPConnection object at 0x7f4bb25b1438>: Failed to establish a new connection: [Errno 111] Connection refused',))
Traceback (most recent call last):
  File "/home/byungkunlee/anaconda3/envs/ic3/lib/python3.6/site-packages/urllib3/connection.py", line 160, in _new_conn
    (self._dns_host, self.port), self.timeout, **extra_kw
  File "/home/byungkunlee/anaconda3/envs/ic3/lib/python3.6/site-packages/urllib3/util/connection.py", line 84, in create_connection
    raise err
  File "/home/byungkunlee/anaconda3/envs/ic3/lib/python3.6/site-packages/urllib3/util/connection.py", line 74, in create_connection
    sock.connect(sa)
ConnectionRefusedError: [Errno 111] Connection refused

During handling of the above exception, another exception occurred:

Traceback (most recent call last):
  File "/home/byungkunlee/anaconda3/envs/ic3/lib/python3.6/site-packages/urllib3/connectionpool.py", line 677, in urlopen
    chunked=chunked,
  File "/home/byungkunlee/anaconda3/envs/ic3/lib/python3.6/site-packages/urllib3/connectionpool.py", line 392, in _make_request
    conn.request(method, url, **httplib_request_kw)
  File "/home/byungkunlee/anaconda3/envs/ic3/lib/python3.6/http/client.py", line 1262, in request
    self._send_request(method, url, body, headers, encode_chunked)
  File "/home/byungkunlee/anaconda3/envs/ic3/lib/python3.6/http/client.py", line 1308, in _send_request
    self.endheaders(body, encode_chunked=encode_chunked)
  File "/home/byungkunlee/anaconda3/envs/ic3/lib/python3.6/http/client.py", line 1257, in endheaders
    self._send_output(message_body, encode_chunked=encode_chunked)
  File "/home/byungkunlee/anaconda3/envs/ic3/lib/python3.6/http/client.py", line 1036, in _send_output
    self.send(msg)
  File "/home/byungkunlee/anaconda3/envs/ic3/lib/python3.6/http/client.py", line 974, in send
    self.connect()
  File "/home/byungkunlee/anaconda3/envs/ic3/lib/python3.6/site-packages/urllib3/connection.py", line 187, in connect
    conn = self._new_conn()
  File "/home/byungkunlee/anaconda3/envs/ic3/lib/python3.6/site-packages/urllib3/connection.py", line 172, in _new_conn
    self, "Failed to establish a new connection: %s" % e
urllib3.exceptions.NewConnectionError: <urllib3.connection.HTTPConnection object at 0x7f4bb25b1c18>: Failed to establish a new connection: [Errno 111] Connection refused

During handling of the above exception, another exception occurred:

Traceback (most recent call last):
  File "/home/byungkunlee/anaconda3/envs/ic3/lib/python3.6/site-packages/requests/adapters.py", line 449, in send
    timeout=timeout
  File "/home/byungkunlee/anaconda3/envs/ic3/lib/python3.6/site-packages/urllib3/connectionpool.py", line 727, in urlopen
    method, url, error=e, _pool=self, _stacktrace=sys.exc_info()[2]
  File "/home/byungkunlee/anaconda3/envs/ic3/lib/python3.6/site-packages/urllib3/util/retry.py", line 439, in increment
    raise MaxRetryError(_pool, url, error or ResponseError(cause))
urllib3.exceptions.MaxRetryError: HTTPConnectionPool(host='localhost', port=8097): Max retries exceeded with url: /events (Caused by NewConnectionError('<urllib3.connection.HTTPConnection object at 0x7f4bb25b1c18>: Failed to establish a new connection: [Errno 111] Connection refused',))

During handling of the above exception, another exception occurred:

Traceback (most recent call last):
  File "/home/byungkunlee/anaconda3/envs/ic3/lib/python3.6/site-packages/visdom/__init__.py", line 228, in _send
    data=json.dumps(msg),
  File "/home/byungkunlee/anaconda3/envs/ic3/lib/python3.6/site-packages/requests/api.py", line 119, in post
    return request('post', url, data=data, json=json, **kwargs)
  File "/home/byungkunlee/anaconda3/envs/ic3/lib/python3.6/site-packages/requests/api.py", line 61, in request
    return session.request(method=method, url=url, **kwargs)
  File "/home/byungkunlee/anaconda3/envs/ic3/lib/python3.6/site-packages/requests/sessions.py", line 530, in request
    resp = self.send(prep, **send_kwargs)
  File "/home/byungkunlee/anaconda3/envs/ic3/lib/python3.6/site-packages/requests/sessions.py", line 643, in send
    r = adapter.send(request, **kwargs)
  File "/home/byungkunlee/anaconda3/envs/ic3/lib/python3.6/site-packages/requests/adapters.py", line 516, in send
    raise ConnectionError(e, request=request)
requests.exceptions.ConnectionError: HTTPConnectionPool(host='localhost', port=8097): Max retries exceeded with url: /events (Caused by NewConnectionError('<urllib3.connection.HTTPConnection object at 0x7f4bb25b1c18>: Failed to establish a new connection: [Errno 111] Connection refused',))
Traceback (most recent call last):
  File "/home/byungkunlee/anaconda3/envs/ic3/lib/python3.6/site-packages/urllib3/connection.py", line 160, in _new_conn
    (self._dns_host, self.port), self.timeout, **extra_kw
  File "/home/byungkunlee/anaconda3/envs/ic3/lib/python3.6/site-packages/urllib3/util/connection.py", line 84, in create_connection
    raise err
  File "/home/byungkunlee/anaconda3/envs/ic3/lib/python3.6/site-packages/urllib3/util/connection.py", line 74, in create_connection
    sock.connect(sa)
ConnectionRefusedError: [Errno 111] Connection refused

During handling of the above exception, another exception occurred:

Traceback (most recent call last):
  File "/home/byungkunlee/anaconda3/envs/ic3/lib/python3.6/site-packages/urllib3/connectionpool.py", line 677, in urlopen
    chunked=chunked,
  File "/home/byungkunlee/anaconda3/envs/ic3/lib/python3.6/site-packages/urllib3/connectionpool.py", line 392, in _make_request
    conn.request(method, url, **httplib_request_kw)
  File "/home/byungkunlee/anaconda3/envs/ic3/lib/python3.6/http/client.py", line 1262, in request
    self._send_request(method, url, body, headers, encode_chunked)
  File "/home/byungkunlee/anaconda3/envs/ic3/lib/python3.6/http/client.py", line 1308, in _send_request
    self.endheaders(body, encode_chunked=encode_chunked)
  File "/home/byungkunlee/anaconda3/envs/ic3/lib/python3.6/http/client.py", line 1257, in endheaders
    self._send_output(message_body, encode_chunked=encode_chunked)
  File "/home/byungkunlee/anaconda3/envs/ic3/lib/python3.6/http/client.py", line 1036, in _send_output
    self.send(msg)
  File "/home/byungkunlee/anaconda3/envs/ic3/lib/python3.6/http/client.py", line 974, in send
    self.connect()
  File "/home/byungkunlee/anaconda3/envs/ic3/lib/python3.6/site-packages/urllib3/connection.py", line 187, in connect
    conn = self._new_conn()
  File "/home/byungkunlee/anaconda3/envs/ic3/lib/python3.6/site-packages/urllib3/connection.py", line 172, in _new_conn
    self, "Failed to establish a new connection: %s" % e
urllib3.exceptions.NewConnectionError: <urllib3.connection.HTTPConnection object at 0x7f4bb25f2358>: Failed to establish a new connection: [Errno 111] Connection refused

During handling of the above exception, another exception occurred:

Traceback (most recent call last):
  File "/home/byungkunlee/anaconda3/envs/ic3/lib/python3.6/site-packages/requests/adapters.py", line 449, in send
    timeout=timeout
  File "/home/byungkunlee/anaconda3/envs/ic3/lib/python3.6/site-packages/urllib3/connectionpool.py", line 727, in urlopen
    method, url, error=e, _pool=self, _stacktrace=sys.exc_info()[2]
  File "/home/byungkunlee/anaconda3/envs/ic3/lib/python3.6/site-packages/urllib3/util/retry.py", line 439, in increment
    raise MaxRetryError(_pool, url, error or ResponseError(cause))
urllib3.exceptions.MaxRetryError: HTTPConnectionPool(host='localhost', port=8097): Max retries exceeded with url: /events (Caused by NewConnectionError('<urllib3.connection.HTTPConnection object at 0x7f4bb25f2358>: Failed to establish a new connection: [Errno 111] Connection refused',))

During handling of the above exception, another exception occurred:

Traceback (most recent call last):
  File "/home/byungkunlee/anaconda3/envs/ic3/lib/python3.6/site-packages/visdom/__init__.py", line 228, in _send
    data=json.dumps(msg),
  File "/home/byungkunlee/anaconda3/envs/ic3/lib/python3.6/site-packages/requests/api.py", line 119, in post
    return request('post', url, data=data, json=json, **kwargs)
  File "/home/byungkunlee/anaconda3/envs/ic3/lib/python3.6/site-packages/requests/api.py", line 61, in request
    return session.request(method=method, url=url, **kwargs)
  File "/home/byungkunlee/anaconda3/envs/ic3/lib/python3.6/site-packages/requests/sessions.py", line 530, in request
    resp = self.send(prep, **send_kwargs)
  File "/home/byungkunlee/anaconda3/envs/ic3/lib/python3.6/site-packages/requests/sessions.py", line 643, in send
    r = adapter.send(request, **kwargs)
  File "/home/byungkunlee/anaconda3/envs/ic3/lib/python3.6/site-packages/requests/adapters.py", line 516, in send
    raise ConnectionError(e, request=request)
requests.exceptions.ConnectionError: HTTPConnectionPool(host='localhost', port=8097): Max retries exceeded with url: /events (Caused by NewConnectionError('<urllib3.connection.HTTPConnection object at 0x7f4bb25f2358>: Failed to establish a new connection: [Errno 111] Connection refused',))
Traceback (most recent call last):
  File "/home/byungkunlee/anaconda3/envs/ic3/lib/python3.6/site-packages/urllib3/connection.py", line 160, in _new_conn
    (self._dns_host, self.port), self.timeout, **extra_kw
  File "/home/byungkunlee/anaconda3/envs/ic3/lib/python3.6/site-packages/urllib3/util/connection.py", line 84, in create_connection
    raise err
  File "/home/byungkunlee/anaconda3/envs/ic3/lib/python3.6/site-packages/urllib3/util/connection.py", line 74, in create_connection
    sock.connect(sa)
ConnectionRefusedError: [Errno 111] Connection refused

During handling of the above exception, another exception occurred:

Traceback (most recent call last):
  File "/home/byungkunlee/anaconda3/envs/ic3/lib/python3.6/site-packages/urllib3/connectionpool.py", line 677, in urlopen
    chunked=chunked,
  File "/home/byungkunlee/anaconda3/envs/ic3/lib/python3.6/site-packages/urllib3/connectionpool.py", line 392, in _make_request
    conn.request(method, url, **httplib_request_kw)
  File "/home/byungkunlee/anaconda3/envs/ic3/lib/python3.6/http/client.py", line 1262, in request
    self._send_request(method, url, body, headers, encode_chunked)
  File "/home/byungkunlee/anaconda3/envs/ic3/lib/python3.6/http/client.py", line 1308, in _send_request
    self.endheaders(body, encode_chunked=encode_chunked)
  File "/home/byungkunlee/anaconda3/envs/ic3/lib/python3.6/http/client.py", line 1257, in endheaders
    self._send_output(message_body, encode_chunked=encode_chunked)
  File "/home/byungkunlee/anaconda3/envs/ic3/lib/python3.6/http/client.py", line 1036, in _send_output
    self.send(msg)
  File "/home/byungkunlee/anaconda3/envs/ic3/lib/python3.6/http/client.py", line 974, in send
    self.connect()
  File "/home/byungkunlee/anaconda3/envs/ic3/lib/python3.6/site-packages/urllib3/connection.py", line 187, in connect
    conn = self._new_conn()
  File "/home/byungkunlee/anaconda3/envs/ic3/lib/python3.6/site-packages/urllib3/connection.py", line 172, in _new_conn
    self, "Failed to establish a new connection: %s" % e
urllib3.exceptions.NewConnectionError: <urllib3.connection.HTTPConnection object at 0x7f4bb25b0a90>: Failed to establish a new connection: [Errno 111] Connection refused

During handling of the above exception, another exception occurred:

Traceback (most recent call last):
  File "/home/byungkunlee/anaconda3/envs/ic3/lib/python3.6/site-packages/requests/adapters.py", line 449, in send
    timeout=timeout
  File "/home/byungkunlee/anaconda3/envs/ic3/lib/python3.6/site-packages/urllib3/connectionpool.py", line 727, in urlopen
    method, url, error=e, _pool=self, _stacktrace=sys.exc_info()[2]
  File "/home/byungkunlee/anaconda3/envs/ic3/lib/python3.6/site-packages/urllib3/util/retry.py", line 439, in increment
    raise MaxRetryError(_pool, url, error or ResponseError(cause))
urllib3.exceptions.MaxRetryError: HTTPConnectionPool(host='localhost', port=8097): Max retries exceeded with url: /events (Caused by NewConnectionError('<urllib3.connection.HTTPConnection object at 0x7f4bb25b0a90>: Failed to establish a new connection: [Errno 111] Connection refused',))

During handling of the above exception, another exception occurred:

Traceback (most recent call last):
  File "/home/byungkunlee/anaconda3/envs/ic3/lib/python3.6/site-packages/visdom/__init__.py", line 228, in _send
    data=json.dumps(msg),
  File "/home/byungkunlee/anaconda3/envs/ic3/lib/python3.6/site-packages/requests/api.py", line 119, in post
    return request('post', url, data=data, json=json, **kwargs)
  File "/home/byungkunlee/anaconda3/envs/ic3/lib/python3.6/site-packages/requests/api.py", line 61, in request
    return session.request(method=method, url=url, **kwargs)
  File "/home/byungkunlee/anaconda3/envs/ic3/lib/python3.6/site-packages/requests/sessions.py", line 530, in request
    resp = self.send(prep, **send_kwargs)
  File "/home/byungkunlee/anaconda3/envs/ic3/lib/python3.6/site-packages/requests/sessions.py", line 643, in send
    r = adapter.send(request, **kwargs)
  File "/home/byungkunlee/anaconda3/envs/ic3/lib/python3.6/site-packages/requests/adapters.py", line 516, in send
    raise ConnectionError(e, request=request)
requests.exceptions.ConnectionError: HTTPConnectionPool(host='localhost', port=8097): Max retries exceeded with url: /events (Caused by NewConnectionError('<urllib3.connection.HTTPConnection object at 0x7f4bb25b0a90>: Failed to establish a new connection: [Errno 111] Connection refused',))
Traceback (most recent call last):
  File "/home/byungkunlee/anaconda3/envs/ic3/lib/python3.6/site-packages/urllib3/connection.py", line 160, in _new_conn
    (self._dns_host, self.port), self.timeout, **extra_kw
  File "/home/byungkunlee/anaconda3/envs/ic3/lib/python3.6/site-packages/urllib3/util/connection.py", line 84, in create_connection
    raise err
  File "/home/byungkunlee/anaconda3/envs/ic3/lib/python3.6/site-packages/urllib3/util/connection.py", line 74, in create_connection
    sock.connect(sa)
ConnectionRefusedError: [Errno 111] Connection refused

During handling of the above exception, another exception occurred:

Traceback (most recent call last):
  File "/home/byungkunlee/anaconda3/envs/ic3/lib/python3.6/site-packages/urllib3/connectionpool.py", line 677, in urlopen
    chunked=chunked,
  File "/home/byungkunlee/anaconda3/envs/ic3/lib/python3.6/site-packages/urllib3/connectionpool.py", line 392, in _make_request
    conn.request(method, url, **httplib_request_kw)
  File "/home/byungkunlee/anaconda3/envs/ic3/lib/python3.6/http/client.py", line 1262, in request
    self._send_request(method, url, body, headers, encode_chunked)
  File "/home/byungkunlee/anaconda3/envs/ic3/lib/python3.6/http/client.py", line 1308, in _send_request
    self.endheaders(body, encode_chunked=encode_chunked)
  File "/home/byungkunlee/anaconda3/envs/ic3/lib/python3.6/http/client.py", line 1257, in endheaders
    self._send_output(message_body, encode_chunked=encode_chunked)
  File "/home/byungkunlee/anaconda3/envs/ic3/lib/python3.6/http/client.py", line 1036, in _send_output
    self.send(msg)
  File "/home/byungkunlee/anaconda3/envs/ic3/lib/python3.6/http/client.py", line 974, in send
    self.connect()
  File "/home/byungkunlee/anaconda3/envs/ic3/lib/python3.6/site-packages/urllib3/connection.py", line 187, in connect
    conn = self._new_conn()
  File "/home/byungkunlee/anaconda3/envs/ic3/lib/python3.6/site-packages/urllib3/connection.py", line 172, in _new_conn
    self, "Failed to establish a new connection: %s" % e
urllib3.exceptions.NewConnectionError: <urllib3.connection.HTTPConnection object at 0x7f4bb25f22b0>: Failed to establish a new connection: [Errno 111] Connection refused

During handling of the above exception, another exception occurred:

Traceback (most recent call last):
  File "/home/byungkunlee/anaconda3/envs/ic3/lib/python3.6/site-packages/requests/adapters.py", line 449, in send
    timeout=timeout
  File "/home/byungkunlee/anaconda3/envs/ic3/lib/python3.6/site-packages/urllib3/connectionpool.py", line 727, in urlopen
    method, url, error=e, _pool=self, _stacktrace=sys.exc_info()[2]
  File "/home/byungkunlee/anaconda3/envs/ic3/lib/python3.6/site-packages/urllib3/util/retry.py", line 439, in increment
    raise MaxRetryError(_pool, url, error or ResponseError(cause))
urllib3.exceptions.MaxRetryError: HTTPConnectionPool(host='localhost', port=8097): Max retries exceeded with url: /events (Caused by NewConnectionError('<urllib3.connection.HTTPConnection object at 0x7f4bb25f22b0>: Failed to establish a new connection: [Errno 111] Connection refused',))

During handling of the above exception, another exception occurred:

Traceback (most recent call last):
  File "/home/byungkunlee/anaconda3/envs/ic3/lib/python3.6/site-packages/visdom/__init__.py", line 228, in _send
    data=json.dumps(msg),
  File "/home/byungkunlee/anaconda3/envs/ic3/lib/python3.6/site-packages/requests/api.py", line 119, in post
    return request('post', url, data=data, json=json, **kwargs)
  File "/home/byungkunlee/anaconda3/envs/ic3/lib/python3.6/site-packages/requests/api.py", line 61, in request
    return session.request(method=method, url=url, **kwargs)
  File "/home/byungkunlee/anaconda3/envs/ic3/lib/python3.6/site-packages/requests/sessions.py", line 530, in request
    resp = self.send(prep, **send_kwargs)
  File "/home/byungkunlee/anaconda3/envs/ic3/lib/python3.6/site-packages/requests/sessions.py", line 643, in send
    r = adapter.send(request, **kwargs)
  File "/home/byungkunlee/anaconda3/envs/ic3/lib/python3.6/site-packages/requests/adapters.py", line 516, in send
    raise ConnectionError(e, request=request)
requests.exceptions.ConnectionError: HTTPConnectionPool(host='localhost', port=8097): Max retries exceeded with url: /events (Caused by NewConnectionError('<urllib3.connection.HTTPConnection object at 0x7f4bb25f22b0>: Failed to establish a new connection: [Errno 111] Connection refused',))
Traceback (most recent call last):
  File "/home/byungkunlee/anaconda3/envs/ic3/lib/python3.6/site-packages/urllib3/connection.py", line 160, in _new_conn
    (self._dns_host, self.port), self.timeout, **extra_kw
  File "/home/byungkunlee/anaconda3/envs/ic3/lib/python3.6/site-packages/urllib3/util/connection.py", line 84, in create_connection
    raise err
  File "/home/byungkunlee/anaconda3/envs/ic3/lib/python3.6/site-packages/urllib3/util/connection.py", line 74, in create_connection
    sock.connect(sa)
ConnectionRefusedError: [Errno 111] Connection refused

During handling of the above exception, another exception occurred:

Traceback (most recent call last):
  File "/home/byungkunlee/anaconda3/envs/ic3/lib/python3.6/site-packages/urllib3/connectionpool.py", line 677, in urlopen
    chunked=chunked,
  File "/home/byungkunlee/anaconda3/envs/ic3/lib/python3.6/site-packages/urllib3/connectionpool.py", line 392, in _make_request
    conn.request(method, url, **httplib_request_kw)
  File "/home/byungkunlee/anaconda3/envs/ic3/lib/python3.6/http/client.py", line 1262, in request
    self._send_request(method, url, body, headers, encode_chunked)
  File "/home/byungkunlee/anaconda3/envs/ic3/lib/python3.6/http/client.py", line 1308, in _send_request
    self.endheaders(body, encode_chunked=encode_chunked)
  File "/home/byungkunlee/anaconda3/envs/ic3/lib/python3.6/http/client.py", line 1257, in endheaders
    self._send_output(message_body, encode_chunked=encode_chunked)
  File "/home/byungkunlee/anaconda3/envs/ic3/lib/python3.6/http/client.py", line 1036, in _send_output
    self.send(msg)
  File "/home/byungkunlee/anaconda3/envs/ic3/lib/python3.6/http/client.py", line 974, in send
    self.connect()
  File "/home/byungkunlee/anaconda3/envs/ic3/lib/python3.6/site-packages/urllib3/connection.py", line 187, in connect
    conn = self._new_conn()
  File "/home/byungkunlee/anaconda3/envs/ic3/lib/python3.6/site-packages/urllib3/connection.py", line 172, in _new_conn
    self, "Failed to establish a new connection: %s" % e
urllib3.exceptions.NewConnectionError: <urllib3.connection.HTTPConnection object at 0x7f4bb25f2ba8>: Failed to establish a new connection: [Errno 111] Connection refused

During handling of the above exception, another exception occurred:

Traceback (most recent call last):
  File "/home/byungkunlee/anaconda3/envs/ic3/lib/python3.6/site-packages/requests/adapters.py", line 449, in send
    timeout=timeout
  File "/home/byungkunlee/anaconda3/envs/ic3/lib/python3.6/site-packages/urllib3/connectionpool.py", line 727, in urlopen
    method, url, error=e, _pool=self, _stacktrace=sys.exc_info()[2]
  File "/home/byungkunlee/anaconda3/envs/ic3/lib/python3.6/site-packages/urllib3/util/retry.py", line 439, in increment
    raise MaxRetryError(_pool, url, error or ResponseError(cause))
urllib3.exceptions.MaxRetryError: HTTPConnectionPool(host='localhost', port=8097): Max retries exceeded with url: /events (Caused by NewConnectionError('<urllib3.connection.HTTPConnection object at 0x7f4bb25f2ba8>: Failed to establish a new connection: [Errno 111] Connection refused',))

During handling of the above exception, another exception occurred:

Traceback (most recent call last):
  File "/home/byungkunlee/anaconda3/envs/ic3/lib/python3.6/site-packages/visdom/__init__.py", line 228, in _send
    data=json.dumps(msg),
  File "/home/byungkunlee/anaconda3/envs/ic3/lib/python3.6/site-packages/requests/api.py", line 119, in post
    return request('post', url, data=data, json=json, **kwargs)
  File "/home/byungkunlee/anaconda3/envs/ic3/lib/python3.6/site-packages/requests/api.py", line 61, in request
    return session.request(method=method, url=url, **kwargs)
  File "/home/byungkunlee/anaconda3/envs/ic3/lib/python3.6/site-packages/requests/sessions.py", line 530, in request
    resp = self.send(prep, **send_kwargs)
  File "/home/byungkunlee/anaconda3/envs/ic3/lib/python3.6/site-packages/requests/sessions.py", line 643, in send
    r = adapter.send(request, **kwargs)
  File "/home/byungkunlee/anaconda3/envs/ic3/lib/python3.6/site-packages/requests/adapters.py", line 516, in send
    raise ConnectionError(e, request=request)
requests.exceptions.ConnectionError: HTTPConnectionPool(host='localhost', port=8097): Max retries exceeded with url: /events (Caused by NewConnectionError('<urllib3.connection.HTTPConnection object at 0x7f4bb25f2ba8>: Failed to establish a new connection: [Errno 111] Connection refused',))
Traceback (most recent call last):
  File "/home/byungkunlee/anaconda3/envs/ic3/lib/python3.6/site-packages/urllib3/connection.py", line 160, in _new_conn
    (self._dns_host, self.port), self.timeout, **extra_kw
  File "/home/byungkunlee/anaconda3/envs/ic3/lib/python3.6/site-packages/urllib3/util/connection.py", line 84, in create_connection
    raise err
  File "/home/byungkunlee/anaconda3/envs/ic3/lib/python3.6/site-packages/urllib3/util/connection.py", line 74, in create_connection
    sock.connect(sa)
ConnectionRefusedError: [Errno 111] Connection refused

During handling of the above exception, another exception occurred:

Traceback (most recent call last):
  File "/home/byungkunlee/anaconda3/envs/ic3/lib/python3.6/site-packages/urllib3/connectionpool.py", line 677, in urlopen
    chunked=chunked,
  File "/home/byungkunlee/anaconda3/envs/ic3/lib/python3.6/site-packages/urllib3/connectionpool.py", line 392, in _make_request
    conn.request(method, url, **httplib_request_kw)
  File "/home/byungkunlee/anaconda3/envs/ic3/lib/python3.6/http/client.py", line 1262, in request
    self._send_request(method, url, body, headers, encode_chunked)
  File "/home/byungkunlee/anaconda3/envs/ic3/lib/python3.6/http/client.py", line 1308, in _send_request
    self.endheaders(body, encode_chunked=encode_chunked)
  File "/home/byungkunlee/anaconda3/envs/ic3/lib/python3.6/http/client.py", line 1257, in endheaders
    self._send_output(message_body, encode_chunked=encode_chunked)
  File "/home/byungkunlee/anaconda3/envs/ic3/lib/python3.6/http/client.py", line 1036, in _send_output
    self.send(msg)
  File "/home/byungkunlee/anaconda3/envs/ic3/lib/python3.6/http/client.py", line 974, in send
    self.connect()
  File "/home/byungkunlee/anaconda3/envs/ic3/lib/python3.6/site-packages/urllib3/connection.py", line 187, in connect
    conn = self._new_conn()
  File "/home/byungkunlee/anaconda3/envs/ic3/lib/python3.6/site-packages/urllib3/connection.py", line 172, in _new_conn
    self, "Failed to establish a new connection: %s" % e
urllib3.exceptions.NewConnectionError: <urllib3.connection.HTTPConnection object at 0x7f4bb25b07f0>: Failed to establish a new connection: [Errno 111] Connection refused
